[0.702s] Invoking command in '/home/tainteli/meu_workspace_agora_vai/build/turtlesim': CMAKE_PREFIX_PATH=/opt/ros/humble /home/tainteli/.local/bin/cmake --build /home/tainteli/meu_workspace_agora_vai/build/turtlesim -- -j8 -l8
[0.926s] [  1%] Built target turtlesim__cpp
[0.950s] [  1%] Built target ament_cmake_python_copy_turtlesim
[0.954s] [ 11%] Built target turtlesim__rosidl_generator_c
[0.969s] [ 21%] Built target turtlesim__rosidl_typesupport_cpp
[0.971s] [ 31%] Built target turtlesim__rosidl_typesupport_introspection_cpp
[0.971s] [ 41%] Built target turtlesim__rosidl_typesupport_fastrtps_cpp
[0.975s] [ 51%] Built target turtlesim__rosidl_typesupport_c
[0.982s] [ 61%] Built target turtlesim__rosidl_typesupport_introspection_c
[0.987s] [ 71%] Built target turtlesim__rosidl_typesupport_fastrtps_c
[0.999s] [ 71%] Built target turtlesim
[1.018s] [ 72%] Built target turtlesim__py
[1.024s] [ 78%] Built target turtlesim_node
[1.024s] [ 80%] Built target mimic
[1.025s] [ 82%] Built target turtle_teleop_key
[1.026s] [ 84%] Built target draw_square
[1.045s] [ 93%] Built target turtlesim__rosidl_generator_py
[1.063s] [ 97%] Built target turtlesim__rosidl_typesupport_fastrtps_c__pyext
[1.063s] [ 98%] Built target turtlesim__rosidl_typesupport_c__pyext
[1.063s] [100%] Built target turtlesim__rosidl_typesupport_introspection_c__pyext
[1.301s] running egg_info
[1.302s] writing turtlesim.egg-info/PKG-INFO
[1.303s] writing dependency_links to turtlesim.egg-info/dependency_links.txt
[1.303s] writing top-level names to turtlesim.egg-info/top_level.txt
[1.311s] reading manifest file 'turtlesim.egg-info/SOURCES.txt'
[1.315s] writing manifest file 'turtlesim.egg-info/SOURCES.txt'
[1.357s] [100%] Built target ament_cmake_python_build_turtlesim_egg
[1.369s] Invoked command in '/home/tainteli/meu_workspace_agora_vai/build/turtlesim' returned '0': CMAKE_PREFIX_PATH=/opt/ros/humble /home/tainteli/.local/bin/cmake --build /home/tainteli/meu_workspace_agora_vai/build/turtlesim -- -j8 -l8
[1.650s] Invoking command in '/home/tainteli/meu_workspace_agora_vai/build/turtlesim': CMAKE_PREFIX_PATH=/opt/ros/humble /home/tainteli/.local/bin/cmake --install /home/tainteli/meu_workspace_agora_vai/build/turtlesim
[1.678s] -- Install configuration: ""
[1.682s] -- Up-to-date: /home/tainteli/meu_workspace_agora_vai/install/turtlesim/share/ament_index/resource_index/rosidl_interfaces/turtlesim
[1.683s] -- Up-to-date: /home/tainteli/meu_workspace_agora_vai/install/turtlesim/include/turtlesim/turtlesim
[1.684s] -- Up-to-date: /home/tainteli/meu_workspace_agora_vai/install/turtlesim/include/turtlesim/turtlesim/msg
[1.685s] -- Up-to-date: /home/tainteli/meu_workspace_agora_vai/install/turtlesim/include/turtlesim/turtlesim/msg/pose.h
[1.685s] -- Up-to-date: /home/tainteli/meu_workspace_agora_vai/install/turtlesim/include/turtlesim/turtlesim/msg/detail
[1.686s] -- Up-to-date: /home/tainteli/meu_workspace_agora_vai/install/turtlesim/include/turtlesim/turtlesim/msg/detail/color__functions.c
[1.686s] -- Up-to-date: /home/tainteli/meu_workspace_agora_vai/install/turtlesim/include/turtlesim/turtlesim/msg/detail/pose__functions.h
[1.686s] -- Up-to-date: /home/tainteli/meu_workspace_agora_vai/install/turtlesim/include/turtlesim/turtlesim/msg/detail/color__functions.h
[1.686s] -- Up-to-date: /home/tainteli/meu_workspace_agora_vai/install/turtlesim/include/turtlesim/turtlesim/msg/detail/pose__struct.h
[1.687s] -- Up-to-date: /home/tainteli/meu_workspace_agora_vai/install/turtlesim/include/turtlesim/turtlesim/msg/detail/pose__functions.c
[1.687s] -- Up-to-date: /home/tainteli/meu_workspace_agora_vai/install/turtlesim/include/turtlesim/turtlesim/msg/detail/color__struct.h
[1.687s] -- Up-to-date: /home/tainteli/meu_workspace_agora_vai/install/turtlesim/include/turtlesim/turtlesim/msg/detail/pose__type_support.h
[1.687s] -- Up-to-date: /home/tainteli/meu_workspace_agora_vai/install/turtlesim/include/turtlesim/turtlesim/msg/detail/color__type_support.h
[1.688s] -- Up-to-date: /home/tainteli/meu_workspace_agora_vai/install/turtlesim/include/turtlesim/turtlesim/msg/rosidl_generator_c__visibility_control.h
[1.688s] -- Up-to-date: /home/tainteli/meu_workspace_agora_vai/install/turtlesim/include/turtlesim/turtlesim/msg/color.h
[1.688s] -- Up-to-date: /home/tainteli/meu_workspace_agora_vai/install/turtlesim/include/turtlesim/turtlesim/action
[1.688s] -- Up-to-date: /home/tainteli/meu_workspace_agora_vai/install/turtlesim/include/turtlesim/turtlesim/action/rotate_absolute.h
[1.688s] -- Up-to-date: /home/tainteli/meu_workspace_agora_vai/install/turtlesim/include/turtlesim/turtlesim/action/detail
[1.689s] -- Up-to-date: /home/tainteli/meu_workspace_agora_vai/install/turtlesim/include/turtlesim/turtlesim/action/detail/rotate_absolute__type_support.h
[1.689s] -- Up-to-date: /home/tainteli/meu_workspace_agora_vai/install/turtlesim/include/turtlesim/turtlesim/action/detail/rotate_absolute__struct.h
[1.689s] -- Up-to-date: /home/tainteli/meu_workspace_agora_vai/install/turtlesim/include/turtlesim/turtlesim/action/detail/rotate_absolute__functions.h
[1.689s] -- Up-to-date: /home/tainteli/meu_workspace_agora_vai/install/turtlesim/include/turtlesim/turtlesim/action/detail/rotate_absolute__functions.c
[1.690s] -- Up-to-date: /home/tainteli/meu_workspace_agora_vai/install/turtlesim/include/turtlesim/turtlesim/srv
[1.690s] -- Up-to-date: /home/tainteli/meu_workspace_agora_vai/install/turtlesim/include/turtlesim/turtlesim/srv/set_pen.h
[1.690s] -- Up-to-date: /home/tainteli/meu_workspace_agora_vai/install/turtlesim/include/turtlesim/turtlesim/srv/spawn.h
[1.690s] -- Up-to-date: /home/tainteli/meu_workspace_agora_vai/install/turtlesim/include/turtlesim/turtlesim/srv/detail
[1.690s] -- Up-to-date: /home/tainteli/meu_workspace_agora_vai/install/turtlesim/include/turtlesim/turtlesim/srv/detail/teleport_absolute__functions.c
[1.691s] -- Up-to-date: /home/tainteli/meu_workspace_agora_vai/install/turtlesim/include/turtlesim/turtlesim/srv/detail/set_pen__struct.h
[1.691s] -- Up-to-date: /home/tainteli/meu_workspace_agora_vai/install/turtlesim/include/turtlesim/turtlesim/srv/detail/spawn__type_support.h
[1.691s] -- Up-to-date: /home/tainteli/meu_workspace_agora_vai/install/turtlesim/include/turtlesim/turtlesim/srv/detail/teleport_absolute__struct.h
[1.691s] -- Up-to-date: /home/tainteli/meu_workspace_agora_vai/install/turtlesim/include/turtlesim/turtlesim/srv/detail/kill__functions.h
[1.691s] -- Up-to-date: /home/tainteli/meu_workspace_agora_vai/install/turtlesim/include/turtlesim/turtlesim/srv/detail/set_pen__functions.c
[1.691s] -- Up-to-date: /home/tainteli/meu_workspace_agora_vai/install/turtlesim/include/turtlesim/turtlesim/srv/detail/set_pen__type_support.h
[1.691s] -- Up-to-date: /home/tainteli/meu_workspace_agora_vai/install/turtlesim/include/turtlesim/turtlesim/srv/detail/kill__type_support.h
[1.691s] -- Up-to-date: /home/tainteli/meu_workspace_agora_vai/install/turtlesim/include/turtlesim/turtlesim/srv/detail/spawn__struct.h
[1.691s] -- Up-to-date: /home/tainteli/meu_workspace_agora_vai/install/turtlesim/include/turtlesim/turtlesim/srv/detail/teleport_absolute__type_support.h
[1.691s] -- Up-to-date: /home/tainteli/meu_workspace_agora_vai/install/turtlesim/include/turtlesim/turtlesim/srv/detail/set_pen__functions.h
[1.691s] -- Up-to-date: /home/tainteli/meu_workspace_agora_vai/install/turtlesim/include/turtlesim/turtlesim/srv/detail/teleport_relative__functions.h
[1.692s] -- Up-to-date: /home/tainteli/meu_workspace_agora_vai/install/turtlesim/include/turtlesim/turtlesim/srv/detail/kill__struct.h
[1.692s] -- Up-to-date: /home/tainteli/meu_workspace_agora_vai/install/turtlesim/include/turtlesim/turtlesim/srv/detail/spawn__functions.h
[1.692s] -- Up-to-date: /home/tainteli/meu_workspace_agora_vai/install/turtlesim/include/turtlesim/turtlesim/srv/detail/teleport_absolute__functions.h
[1.692s] -- Up-to-date: /home/tainteli/meu_workspace_agora_vai/install/turtlesim/include/turtlesim/turtlesim/srv/detail/teleport_relative__type_support.h
[1.692s] -- Up-to-date: /home/tainteli/meu_workspace_agora_vai/install/turtlesim/include/turtlesim/turtlesim/srv/detail/kill__functions.c
[1.692s] -- Up-to-date: /home/tainteli/meu_workspace_agora_vai/install/turtlesim/include/turtlesim/turtlesim/srv/detail/teleport_relative__struct.h
[1.692s] -- Up-to-date: /home/tainteli/meu_workspace_agora_vai/install/turtlesim/include/turtlesim/turtlesim/srv/detail/spawn__functions.c
[1.692s] -- Up-to-date: /home/tainteli/meu_workspace_agora_vai/install/turtlesim/include/turtlesim/turtlesim/srv/detail/teleport_relative__functions.c
[1.692s] -- Up-to-date: /home/tainteli/meu_workspace_agora_vai/install/turtlesim/include/turtlesim/turtlesim/srv/kill.h
[1.693s] -- Up-to-date: /home/tainteli/meu_workspace_agora_vai/install/turtlesim/include/turtlesim/turtlesim/srv/teleport_relative.h
[1.693s] -- Up-to-date: /home/tainteli/meu_workspace_agora_vai/install/turtlesim/include/turtlesim/turtlesim/srv/teleport_absolute.h
[1.693s] -- Up-to-date: /home/tainteli/meu_workspace_agora_vai/install/turtlesim/share/turtlesim/environment/library_path.sh
[1.694s] -- Up-to-date: /home/tainteli/meu_workspace_agora_vai/install/turtlesim/share/turtlesim/environment/library_path.dsv
[1.694s] -- Up-to-date: /home/tainteli/meu_workspace_agora_vai/install/turtlesim/lib/libturtlesim__rosidl_generator_c.so
[1.694s] -- Up-to-date: /home/tainteli/meu_workspace_agora_vai/install/turtlesim/include/turtlesim/turtlesim
[1.694s] -- Up-to-date: /home/tainteli/meu_workspace_agora_vai/install/turtlesim/include/turtlesim/turtlesim/msg
[1.694s] -- Up-to-date: /home/tainteli/meu_workspace_agora_vai/install/turtlesim/include/turtlesim/turtlesim/msg/rosidl_typesupport_fastrtps_c__visibility_control.h
[1.694s] -- Up-to-date: /home/tainteli/meu_workspace_agora_vai/install/turtlesim/include/turtlesim/turtlesim/msg/detail
[1.695s] -- Up-to-date: /home/tainteli/meu_workspace_agora_vai/install/turtlesim/include/turtlesim/turtlesim/msg/detail/pose__rosidl_typesupport_fastrtps_c.h
[1.695s] -- Up-to-date: /home/tainteli/meu_workspace_agora_vai/install/turtlesim/include/turtlesim/turtlesim/msg/detail/color__rosidl_typesupport_fastrtps_c.h
[1.695s] -- Up-to-date: /home/tainteli/meu_workspace_agora_vai/install/turtlesim/include/turtlesim/turtlesim/action
[1.695s] -- Up-to-date: /home/tainteli/meu_workspace_agora_vai/install/turtlesim/include/turtlesim/turtlesim/action/detail
[1.695s] -- Up-to-date: /home/tainteli/meu_workspace_agora_vai/install/turtlesim/include/turtlesim/turtlesim/action/detail/rotate_absolute__rosidl_typesupport_fastrtps_c.h
[1.695s] -- Up-to-date: /home/tainteli/meu_workspace_agora_vai/install/turtlesim/include/turtlesim/turtlesim/srv
[1.695s] -- Up-to-date: /home/tainteli/meu_workspace_agora_vai/install/turtlesim/include/turtlesim/turtlesim/srv/detail
[1.695s] -- Up-to-date: /home/tainteli/meu_workspace_agora_vai/install/turtlesim/include/turtlesim/turtlesim/srv/detail/teleport_absolute__rosidl_typesupport_fastrtps_c.h
[1.695s] -- Up-to-date: /home/tainteli/meu_workspace_agora_vai/install/turtlesim/include/turtlesim/turtlesim/srv/detail/teleport_relative__rosidl_typesupport_fastrtps_c.h
[1.695s] -- Up-to-date: /home/tainteli/meu_workspace_agora_vai/install/turtlesim/include/turtlesim/turtlesim/srv/detail/set_pen__rosidl_typesupport_fastrtps_c.h
[1.695s] -- Up-to-date: /home/tainteli/meu_workspace_agora_vai/install/turtlesim/include/turtlesim/turtlesim/srv/detail/kill__rosidl_typesupport_fastrtps_c.h
[1.695s] -- Up-to-date: /home/tainteli/meu_workspace_agora_vai/install/turtlesim/include/turtlesim/turtlesim/srv/detail/spawn__rosidl_typesupport_fastrtps_c.h
[1.696s] -- Up-to-date: /home/tainteli/meu_workspace_agora_vai/install/turtlesim/lib/libturtlesim__rosidl_typesupport_fastrtps_c.so
[1.696s] -- Up-to-date: /home/tainteli/meu_workspace_agora_vai/install/turtlesim/include/turtlesim/turtlesim
[1.696s] -- Up-to-date: /home/tainteli/meu_workspace_agora_vai/install/turtlesim/include/turtlesim/turtlesim/msg
[1.697s] -- Up-to-date: /home/tainteli/meu_workspace_agora_vai/install/turtlesim/include/turtlesim/turtlesim/msg/pose.hpp
[1.697s] -- Up-to-date: /home/tainteli/meu_workspace_agora_vai/install/turtlesim/include/turtlesim/turtlesim/msg/color.hpp
[1.697s] -- Up-to-date: /home/tainteli/meu_workspace_agora_vai/install/turtlesim/include/turtlesim/turtlesim/msg/detail
[1.698s] -- Up-to-date: /home/tainteli/meu_workspace_agora_vai/install/turtlesim/include/turtlesim/turtlesim/msg/detail/pose__struct.hpp
[1.698s] -- Up-to-date: /home/tainteli/meu_workspace_agora_vai/install/turtlesim/include/turtlesim/turtlesim/msg/detail/pose__builder.hpp
[1.698s] -- Up-to-date: /home/tainteli/meu_workspace_agora_vai/install/turtlesim/include/turtlesim/turtlesim/msg/detail/color__traits.hpp
[1.698s] -- Up-to-date: /home/tainteli/meu_workspace_agora_vai/install/turtlesim/include/turtlesim/turtlesim/msg/detail/color__struct.hpp
[1.698s] -- Up-to-date: /home/tainteli/meu_workspace_agora_vai/install/turtlesim/include/turtlesim/turtlesim/msg/detail/color__builder.hpp
[1.699s] -- Up-to-date: /home/tainteli/meu_workspace_agora_vai/install/turtlesim/include/turtlesim/turtlesim/msg/detail/pose__traits.hpp
[1.699s] -- Up-to-date: /home/tainteli/meu_workspace_agora_vai/install/turtlesim/include/turtlesim/turtlesim/action
[1.699s] -- Up-to-date: /home/tainteli/meu_workspace_agora_vai/install/turtlesim/include/turtlesim/turtlesim/action/detail
[1.699s] -- Up-to-date: /home/tainteli/meu_workspace_agora_vai/install/turtlesim/include/turtlesim/turtlesim/action/detail/rotate_absolute__traits.hpp
[1.699s] -- Up-to-date: /home/tainteli/meu_workspace_agora_vai/install/turtlesim/include/turtlesim/turtlesim/action/detail/rotate_absolute__builder.hpp
[1.699s] -- Up-to-date: /home/tainteli/meu_workspace_agora_vai/install/turtlesim/include/turtlesim/turtlesim/action/detail/rotate_absolute__struct.hpp
[1.699s] -- Up-to-date: /home/tainteli/meu_workspace_agora_vai/install/turtlesim/include/turtlesim/turtlesim/action/rotate_absolute.hpp
[1.699s] -- Up-to-date: /home/tainteli/meu_workspace_agora_vai/install/turtlesim/include/turtlesim/turtlesim/srv
[1.699s] -- Up-to-date: /home/tainteli/meu_workspace_agora_vai/install/turtlesim/include/turtlesim/turtlesim/srv/teleport_relative.hpp
[1.700s] -- Up-to-date: /home/tainteli/meu_workspace_agora_vai/install/turtlesim/include/turtlesim/turtlesim/srv/teleport_absolute.hpp
[1.700s] -- Up-to-date: /home/tainteli/meu_workspace_agora_vai/install/turtlesim/include/turtlesim/turtlesim/srv/detail
[1.700s] -- Up-to-date: /home/tainteli/meu_workspace_agora_vai/install/turtlesim/include/turtlesim/turtlesim/srv/detail/spawn__builder.hpp
[1.701s] -- Up-to-date: /home/tainteli/meu_workspace_agora_vai/install/turtlesim/include/turtlesim/turtlesim/srv/detail/teleport_relative__struct.hpp
[1.701s] -- Up-to-date: /home/tainteli/meu_workspace_agora_vai/install/turtlesim/include/turtlesim/turtlesim/srv/detail/kill__traits.hpp
[1.701s] -- Up-to-date: /home/tainteli/meu_workspace_agora_vai/install/turtlesim/include/turtlesim/turtlesim/srv/detail/set_pen__struct.hpp
[1.701s] -- Up-to-date: /home/tainteli/meu_workspace_agora_vai/install/turtlesim/include/turtlesim/turtlesim/srv/detail/spawn__struct.hpp
[1.701s] -- Up-to-date: /home/tainteli/meu_workspace_agora_vai/install/turtlesim/include/turtlesim/turtlesim/srv/detail/teleport_absolute__struct.hpp
[1.701s] -- Up-to-date: /home/tainteli/meu_workspace_agora_vai/install/turtlesim/include/turtlesim/turtlesim/srv/detail/kill__struct.hpp
[1.701s] -- Up-to-date: /home/tainteli/meu_workspace_agora_vai/install/turtlesim/include/turtlesim/turtlesim/srv/detail/spawn__traits.hpp
[1.701s] -- Up-to-date: /home/tainteli/meu_workspace_agora_vai/install/turtlesim/include/turtlesim/turtlesim/srv/detail/teleport_absolute__builder.hpp
[1.701s] -- Up-to-date: /home/tainteli/meu_workspace_agora_vai/install/turtlesim/include/turtlesim/turtlesim/srv/detail/set_pen__traits.hpp
[1.702s] -- Up-to-date: /home/tainteli/meu_workspace_agora_vai/install/turtlesim/include/turtlesim/turtlesim/srv/detail/teleport_relative__builder.hpp
[1.702s] -- Up-to-date: /home/tainteli/meu_workspace_agora_vai/install/turtlesim/include/turtlesim/turtlesim/srv/detail/teleport_absolute__traits.hpp
[1.702s] -- Up-to-date: /home/tainteli/meu_workspace_agora_vai/install/turtlesim/include/turtlesim/turtlesim/srv/detail/teleport_relative__traits.hpp
[1.702s] -- Up-to-date: /home/tainteli/meu_workspace_agora_vai/install/turtlesim/include/turtlesim/turtlesim/srv/detail/set_pen__builder.hpp
[1.702s] -- Up-to-date: /home/tainteli/meu_workspace_agora_vai/install/turtlesim/include/turtlesim/turtlesim/srv/detail/kill__builder.hpp
[1.702s] -- Up-to-date: /home/tainteli/meu_workspace_agora_vai/install/turtlesim/include/turtlesim/turtlesim/srv/set_pen.hpp
[1.702s] -- Up-to-date: /home/tainteli/meu_workspace_agora_vai/install/turtlesim/include/turtlesim/turtlesim/srv/kill.hpp
[1.702s] -- Up-to-date: /home/tainteli/meu_workspace_agora_vai/install/turtlesim/include/turtlesim/turtlesim/srv/spawn.hpp
[1.702s] -- Up-to-date: /home/tainteli/meu_workspace_agora_vai/install/turtlesim/include/turtlesim/turtlesim
[1.702s] -- Up-to-date: /home/tainteli/meu_workspace_agora_vai/install/turtlesim/include/turtlesim/turtlesim/msg
[1.702s] -- Up-to-date: /home/tainteli/meu_workspace_agora_vai/install/turtlesim/include/turtlesim/turtlesim/msg/detail
[1.703s] -- Up-to-date: /home/tainteli/meu_workspace_agora_vai/install/turtlesim/include/turtlesim/turtlesim/msg/detail/color__rosidl_typesupport_fastrtps_cpp.hpp
[1.703s] -- Up-to-date: /home/tainteli/meu_workspace_agora_vai/install/turtlesim/include/turtlesim/turtlesim/msg/detail/pose__rosidl_typesupport_fastrtps_cpp.hpp
[1.703s] -- Up-to-date: /home/tainteli/meu_workspace_agora_vai/install/turtlesim/include/turtlesim/turtlesim/msg/detail/dds_fastrtps
[1.703s] -- Up-to-date: /home/tainteli/meu_workspace_agora_vai/install/turtlesim/include/turtlesim/turtlesim/msg/rosidl_typesupport_fastrtps_cpp__visibility_control.h
[1.703s] -- Up-to-date: /home/tainteli/meu_workspace_agora_vai/install/turtlesim/include/turtlesim/turtlesim/action
[1.703s] -- Up-to-date: /home/tainteli/meu_workspace_agora_vai/install/turtlesim/include/turtlesim/turtlesim/action/detail
[1.704s] -- Up-to-date: /home/tainteli/meu_workspace_agora_vai/install/turtlesim/include/turtlesim/turtlesim/action/detail/rotate_absolute__rosidl_typesupport_fastrtps_cpp.hpp
[1.704s] -- Up-to-date: /home/tainteli/meu_workspace_agora_vai/install/turtlesim/include/turtlesim/turtlesim/action/detail/dds_fastrtps
[1.704s] -- Up-to-date: /home/tainteli/meu_workspace_agora_vai/install/turtlesim/include/turtlesim/turtlesim/srv
[1.704s] -- Up-to-date: /home/tainteli/meu_workspace_agora_vai/install/turtlesim/include/turtlesim/turtlesim/srv/detail
[1.704s] -- Up-to-date: /home/tainteli/meu_workspace_agora_vai/install/turtlesim/include/turtlesim/turtlesim/srv/detail/teleport_relative__rosidl_typesupport_fastrtps_cpp.hpp
[1.704s] -- Up-to-date: /home/tainteli/meu_workspace_agora_vai/install/turtlesim/include/turtlesim/turtlesim/srv/detail/teleport_absolute__rosidl_typesupport_fastrtps_cpp.hpp
[1.705s] -- Up-to-date: /home/tainteli/meu_workspace_agora_vai/install/turtlesim/include/turtlesim/turtlesim/srv/detail/kill__rosidl_typesupport_fastrtps_cpp.hpp
[1.705s] -- Up-to-date: /home/tainteli/meu_workspace_agora_vai/install/turtlesim/include/turtlesim/turtlesim/srv/detail/set_pen__rosidl_typesupport_fastrtps_cpp.hpp
[1.705s] -- Up-to-date: /home/tainteli/meu_workspace_agora_vai/install/turtlesim/include/turtlesim/turtlesim/srv/detail/spawn__rosidl_typesupport_fastrtps_cpp.hpp
[1.705s] -- Up-to-date: /home/tainteli/meu_workspace_agora_vai/install/turtlesim/include/turtlesim/turtlesim/srv/detail/dds_fastrtps
[1.705s] -- Up-to-date: /home/tainteli/meu_workspace_agora_vai/install/turtlesim/lib/libturtlesim__rosidl_typesupport_fastrtps_cpp.so
[1.706s] -- Up-to-date: /home/tainteli/meu_workspace_agora_vai/install/turtlesim/include/turtlesim/turtlesim
[1.706s] -- Up-to-date: /home/tainteli/meu_workspace_agora_vai/install/turtlesim/include/turtlesim/turtlesim/msg
[1.706s] -- Up-to-date: /home/tainteli/meu_workspace_agora_vai/install/turtlesim/include/turtlesim/turtlesim/msg/detail
[1.706s] -- Up-to-date: /home/tainteli/meu_workspace_agora_vai/install/turtlesim/include/turtlesim/turtlesim/msg/detail/pose__type_support.c
[1.706s] -- Up-to-date: /home/tainteli/meu_workspace_agora_vai/install/turtlesim/include/turtlesim/turtlesim/msg/detail/color__type_support.c
[1.707s] -- Up-to-date: /home/tainteli/meu_workspace_agora_vai/install/turtlesim/include/turtlesim/turtlesim/msg/detail/color__rosidl_typesupport_introspection_c.h
[1.707s] -- Up-to-date: /home/tainteli/meu_workspace_agora_vai/install/turtlesim/include/turtlesim/turtlesim/msg/detail/pose__rosidl_typesupport_introspection_c.h
[1.707s] -- Up-to-date: /home/tainteli/meu_workspace_agora_vai/install/turtlesim/include/turtlesim/turtlesim/msg/rosidl_typesupport_introspection_c__visibility_control.h
[1.707s] -- Up-to-date: /home/tainteli/meu_workspace_agora_vai/install/turtlesim/include/turtlesim/turtlesim/action
[1.707s] -- Up-to-date: /home/tainteli/meu_workspace_agora_vai/install/turtlesim/include/turtlesim/turtlesim/action/detail
[1.707s] -- Up-to-date: /home/tainteli/meu_workspace_agora_vai/install/turtlesim/include/turtlesim/turtlesim/action/detail/rotate_absolute__rosidl_typesupport_introspection_c.h
[1.707s] -- Up-to-date: /home/tainteli/meu_workspace_agora_vai/install/turtlesim/include/turtlesim/turtlesim/action/detail/rotate_absolute__type_support.c
[1.707s] -- Up-to-date: /home/tainteli/meu_workspace_agora_vai/install/turtlesim/include/turtlesim/turtlesim/srv
[1.707s] -- Up-to-date: /home/tainteli/meu_workspace_agora_vai/install/turtlesim/include/turtlesim/turtlesim/srv/detail
[1.708s] -- Up-to-date: /home/tainteli/meu_workspace_agora_vai/install/turtlesim/include/turtlesim/turtlesim/srv/detail/teleport_relative__rosidl_typesupport_introspection_c.h
[1.708s] -- Up-to-date: /home/tainteli/meu_workspace_agora_vai/install/turtlesim/include/turtlesim/turtlesim/srv/detail/set_pen__rosidl_typesupport_introspection_c.h
[1.708s] -- Up-to-date: /home/tainteli/meu_workspace_agora_vai/install/turtlesim/include/turtlesim/turtlesim/srv/detail/teleport_absolute__type_support.c
[1.708s] -- Up-to-date: /home/tainteli/meu_workspace_agora_vai/install/turtlesim/include/turtlesim/turtlesim/srv/detail/teleport_relative__type_support.c
[1.708s] -- Up-to-date: /home/tainteli/meu_workspace_agora_vai/install/turtlesim/include/turtlesim/turtlesim/srv/detail/kill__type_support.c
[1.709s] -- Up-to-date: /home/tainteli/meu_workspace_agora_vai/install/turtlesim/include/turtlesim/turtlesim/srv/detail/spawn__rosidl_typesupport_introspection_c.h
[1.709s] -- Up-to-date: /home/tainteli/meu_workspace_agora_vai/install/turtlesim/include/turtlesim/turtlesim/srv/detail/set_pen__type_support.c
[1.709s] -- Up-to-date: /home/tainteli/meu_workspace_agora_vai/install/turtlesim/include/turtlesim/turtlesim/srv/detail/spawn__type_support.c
[1.709s] -- Up-to-date: /home/tainteli/meu_workspace_agora_vai/install/turtlesim/include/turtlesim/turtlesim/srv/detail/teleport_absolute__rosidl_typesupport_introspection_c.h
[1.709s] -- Up-to-date: /home/tainteli/meu_workspace_agora_vai/install/turtlesim/include/turtlesim/turtlesim/srv/detail/kill__rosidl_typesupport_introspection_c.h
[1.709s] -- Up-to-date: /home/tainteli/meu_workspace_agora_vai/install/turtlesim/lib/libturtlesim__rosidl_typesupport_introspection_c.so
[1.709s] -- Up-to-date: /home/tainteli/meu_workspace_agora_vai/install/turtlesim/lib/libturtlesim__rosidl_typesupport_c.so
[1.709s] -- Up-to-date: /home/tainteli/meu_workspace_agora_vai/install/turtlesim/include/turtlesim/turtlesim
[1.709s] -- Up-to-date: /home/tainteli/meu_workspace_agora_vai/install/turtlesim/include/turtlesim/turtlesim/msg
[1.710s] -- Up-to-date: /home/tainteli/meu_workspace_agora_vai/install/turtlesim/include/turtlesim/turtlesim/msg/detail
[1.710s] -- Up-to-date: /home/tainteli/meu_workspace_agora_vai/install/turtlesim/include/turtlesim/turtlesim/msg/detail/pose__rosidl_typesupport_introspection_cpp.hpp
[1.710s] -- Up-to-date: /home/tainteli/meu_workspace_agora_vai/install/turtlesim/include/turtlesim/turtlesim/msg/detail/pose__type_support.cpp
[1.710s] -- Up-to-date: /home/tainteli/meu_workspace_agora_vai/install/turtlesim/include/turtlesim/turtlesim/msg/detail/color__type_support.cpp
[1.710s] -- Up-to-date: /home/tainteli/meu_workspace_agora_vai/install/turtlesim/include/turtlesim/turtlesim/msg/detail/color__rosidl_typesupport_introspection_cpp.hpp
[1.710s] -- Up-to-date: /home/tainteli/meu_workspace_agora_vai/install/turtlesim/include/turtlesim/turtlesim/action
[1.710s] -- Up-to-date: /home/tainteli/meu_workspace_agora_vai/install/turtlesim/include/turtlesim/turtlesim/action/detail
[1.710s] -- Up-to-date: /home/tainteli/meu_workspace_agora_vai/install/turtlesim/include/turtlesim/turtlesim/action/detail/rotate_absolute__type_support.cpp
[1.710s] -- Up-to-date: /home/tainteli/meu_workspace_agora_vai/install/turtlesim/include/turtlesim/turtlesim/action/detail/rotate_absolute__rosidl_typesupport_introspection_cpp.hpp
[1.710s] -- Up-to-date: /home/tainteli/meu_workspace_agora_vai/install/turtlesim/include/turtlesim/turtlesim/srv
[1.710s] -- Up-to-date: /home/tainteli/meu_workspace_agora_vai/install/turtlesim/include/turtlesim/turtlesim/srv/detail
[1.710s] -- Up-to-date: /home/tainteli/meu_workspace_agora_vai/install/turtlesim/include/turtlesim/turtlesim/srv/detail/spawn__rosidl_typesupport_introspection_cpp.hpp
[1.711s] -- Up-to-date: /home/tainteli/meu_workspace_agora_vai/install/turtlesim/include/turtlesim/turtlesim/srv/detail/set_pen__rosidl_typesupport_introspection_cpp.hpp
[1.711s] -- Up-to-date: /home/tainteli/meu_workspace_agora_vai/install/turtlesim/include/turtlesim/turtlesim/srv/detail/kill__rosidl_typesupport_introspection_cpp.hpp
[1.711s] -- Up-to-date: /home/tainteli/meu_workspace_agora_vai/install/turtlesim/include/turtlesim/turtlesim/srv/detail/teleport_absolute__type_support.cpp
[1.711s] -- Up-to-date: /home/tainteli/meu_workspace_agora_vai/install/turtlesim/include/turtlesim/turtlesim/srv/detail/spawn__type_support.cpp
[1.712s] -- Up-to-date: /home/tainteli/meu_workspace_agora_vai/install/turtlesim/include/turtlesim/turtlesim/srv/detail/kill__type_support.cpp
[1.712s] -- Up-to-date: /home/tainteli/meu_workspace_agora_vai/install/turtlesim/include/turtlesim/turtlesim/srv/detail/teleport_relative__type_support.cpp
[1.712s] -- Up-to-date: /home/tainteli/meu_workspace_agora_vai/install/turtlesim/include/turtlesim/turtlesim/srv/detail/teleport_absolute__rosidl_typesupport_introspection_cpp.hpp
[1.712s] -- Up-to-date: /home/tainteli/meu_workspace_agora_vai/install/turtlesim/include/turtlesim/turtlesim/srv/detail/teleport_relative__rosidl_typesupport_introspection_cpp.hpp
[1.713s] -- Up-to-date: /home/tainteli/meu_workspace_agora_vai/install/turtlesim/include/turtlesim/turtlesim/srv/detail/set_pen__type_support.cpp
[1.713s] -- Up-to-date: /home/tainteli/meu_workspace_agora_vai/install/turtlesim/lib/libturtlesim__rosidl_typesupport_introspection_cpp.so
[1.713s] -- Up-to-date: /home/tainteli/meu_workspace_agora_vai/install/turtlesim/lib/libturtlesim__rosidl_typesupport_cpp.so
[1.713s] -- Up-to-date: /home/tainteli/meu_workspace_agora_vai/install/turtlesim/share/turtlesim/environment/pythonpath.sh
[1.713s] -- Up-to-date: /home/tainteli/meu_workspace_agora_vai/install/turtlesim/share/turtlesim/environment/pythonpath.dsv
[1.714s] -- Up-to-date: /home/tainteli/meu_workspace_agora_vai/install/turtlesim/local/lib/python3.10/dist-packages/turtlesim-1.4.2-py3.10.egg-info
[1.714s] -- Installing: /home/tainteli/meu_workspace_agora_vai/install/turtlesim/local/lib/python3.10/dist-packages/turtlesim-1.4.2-py3.10.egg-info/top_level.txt
[1.714s] -- Installing: /home/tainteli/meu_workspace_agora_vai/install/turtlesim/local/lib/python3.10/dist-packages/turtlesim-1.4.2-py3.10.egg-info/SOURCES.txt
[1.715s] -- Installing: /home/tainteli/meu_workspace_agora_vai/install/turtlesim/local/lib/python3.10/dist-packages/turtlesim-1.4.2-py3.10.egg-info/dependency_links.txt
[1.716s] -- Installing: /home/tainteli/meu_workspace_agora_vai/install/turtlesim/local/lib/python3.10/dist-packages/turtlesim-1.4.2-py3.10.egg-info/PKG-INFO
[1.716s] -- Up-to-date: /home/tainteli/meu_workspace_agora_vai/install/turtlesim/local/lib/python3.10/dist-packages/turtlesim
[1.716s] -- Up-to-date: /home/tainteli/meu_workspace_agora_vai/install/turtlesim/local/lib/python3.10/dist-packages/turtlesim/libturtlesim__rosidl_generator_py.so
[1.716s] -- Up-to-date: /home/tainteli/meu_workspace_agora_vai/install/turtlesim/local/lib/python3.10/dist-packages/turtlesim/msg
[1.717s] -- Up-to-date: /home/tainteli/meu_workspace_agora_vai/install/turtlesim/local/lib/python3.10/dist-packages/turtlesim/msg/_pose_s.c
[1.717s] -- Up-to-date: /home/tainteli/meu_workspace_agora_vai/install/turtlesim/local/lib/python3.10/dist-packages/turtlesim/msg/__init__.py
[1.717s] -- Up-to-date: /home/tainteli/meu_workspace_agora_vai/install/turtlesim/local/lib/python3.10/dist-packages/turtlesim/msg/_pose.py
[1.717s] -- Up-to-date: /home/tainteli/meu_workspace_agora_vai/install/turtlesim/local/lib/python3.10/dist-packages/turtlesim/msg/_color_s.c
[1.717s] -- Up-to-date: /home/tainteli/meu_workspace_agora_vai/install/turtlesim/local/lib/python3.10/dist-packages/turtlesim/msg/_color.py
[1.718s] -- Up-to-date: /home/tainteli/meu_workspace_agora_vai/install/turtlesim/local/lib/python3.10/dist-packages/turtlesim/__init__.py
[1.718s] -- Up-to-date: /home/tainteli/meu_workspace_agora_vai/install/turtlesim/local/lib/python3.10/dist-packages/turtlesim/turtlesim_s__rosidl_typesupport_c.cpython-310-x86_64-linux-gnu.so
[1.718s] -- Up-to-date: /home/tainteli/meu_workspace_agora_vai/install/turtlesim/local/lib/python3.10/dist-packages/turtlesim/turtlesim_s__rosidl_typesupport_fastrtps_c.cpython-310-x86_64-linux-gnu.so
[1.718s] -- Up-to-date: /home/tainteli/meu_workspace_agora_vai/install/turtlesim/local/lib/python3.10/dist-packages/turtlesim/_turtlesim_s.ep.rosidl_typesupport_fastrtps_c.c
[1.719s] -- Up-to-date: /home/tainteli/meu_workspace_agora_vai/install/turtlesim/local/lib/python3.10/dist-packages/turtlesim/_turtlesim_s.ep.rosidl_typesupport_c.c
[1.720s] -- Up-to-date: /home/tainteli/meu_workspace_agora_vai/install/turtlesim/local/lib/python3.10/dist-packages/turtlesim/action
[1.721s] -- Up-to-date: /home/tainteli/meu_workspace_agora_vai/install/turtlesim/local/lib/python3.10/dist-packages/turtlesim/action/_rotate_absolute.py
[1.721s] -- Up-to-date: /home/tainteli/meu_workspace_agora_vai/install/turtlesim/local/lib/python3.10/dist-packages/turtlesim/action/__init__.py
[1.721s] -- Up-to-date: /home/tainteli/meu_workspace_agora_vai/install/turtlesim/local/lib/python3.10/dist-packages/turtlesim/action/_rotate_absolute_s.c
[1.721s] -- Up-to-date: /home/tainteli/meu_workspace_agora_vai/install/turtlesim/local/lib/python3.10/dist-packages/turtlesim/_turtlesim_s.ep.rosidl_typesupport_introspection_c.c
[1.722s] -- Up-to-date: /home/tainteli/meu_workspace_agora_vai/install/turtlesim/local/lib/python3.10/dist-packages/turtlesim/srv
[1.722s] -- Up-to-date: /home/tainteli/meu_workspace_agora_vai/install/turtlesim/local/lib/python3.10/dist-packages/turtlesim/srv/_set_pen_s.c
[1.723s] -- Up-to-date: /home/tainteli/meu_workspace_agora_vai/install/turtlesim/local/lib/python3.10/dist-packages/turtlesim/srv/_teleport_absolute.py
[1.723s] -- Up-to-date: /home/tainteli/meu_workspace_agora_vai/install/turtlesim/local/lib/python3.10/dist-packages/turtlesim/srv/__init__.py
[1.723s] -- Up-to-date: /home/tainteli/meu_workspace_agora_vai/install/turtlesim/local/lib/python3.10/dist-packages/turtlesim/srv/_kill_s.c
[1.723s] -- Up-to-date: /home/tainteli/meu_workspace_agora_vai/install/turtlesim/local/lib/python3.10/dist-packages/turtlesim/srv/_teleport_absolute_s.c
[1.723s] -- Up-to-date: /home/tainteli/meu_workspace_agora_vai/install/turtlesim/local/lib/python3.10/dist-packages/turtlesim/srv/_teleport_relative.py
[1.723s] -- Up-to-date: /home/tainteli/meu_workspace_agora_vai/install/turtlesim/local/lib/python3.10/dist-packages/turtlesim/srv/_set_pen.py
[1.724s] -- Up-to-date: /home/tainteli/meu_workspace_agora_vai/install/turtlesim/local/lib/python3.10/dist-packages/turtlesim/srv/_spawn.py
[1.724s] -- Up-to-date: /home/tainteli/meu_workspace_agora_vai/install/turtlesim/local/lib/python3.10/dist-packages/turtlesim/srv/_teleport_relative_s.c
[1.724s] -- Up-to-date: /home/tainteli/meu_workspace_agora_vai/install/turtlesim/local/lib/python3.10/dist-packages/turtlesim/srv/_kill.py
[1.724s] -- Up-to-date: /home/tainteli/meu_workspace_agora_vai/install/turtlesim/local/lib/python3.10/dist-packages/turtlesim/srv/_spawn_s.c
[1.724s] -- Up-to-date: /home/tainteli/meu_workspace_agora_vai/install/turtlesim/local/lib/python3.10/dist-packages/turtlesim/turtlesim_s__rosidl_typesupport_introspection_c.cpython-310-x86_64-linux-gnu.so
[1.764s] Listing '/home/tainteli/meu_workspace_agora_vai/install/turtlesim/local/lib/python3.10/dist-packages/turtlesim'...
[1.769s] Listing '/home/tainteli/meu_workspace_agora_vai/install/turtlesim/local/lib/python3.10/dist-packages/turtlesim/action'...
[1.769s] Listing '/home/tainteli/meu_workspace_agora_vai/install/turtlesim/local/lib/python3.10/dist-packages/turtlesim/msg'...
[1.770s] Listing '/home/tainteli/meu_workspace_agora_vai/install/turtlesim/local/lib/python3.10/dist-packages/turtlesim/srv'...
[1.779s] -- Up-to-date: /home/tainteli/meu_workspace_agora_vai/install/turtlesim/local/lib/python3.10/dist-packages/turtlesim/turtlesim_s__rosidl_typesupport_fastrtps_c.cpython-310-x86_64-linux-gnu.so
[1.781s] -- Up-to-date: /home/tainteli/meu_workspace_agora_vai/install/turtlesim/local/lib/python3.10/dist-packages/turtlesim/turtlesim_s__rosidl_typesupport_introspection_c.cpython-310-x86_64-linux-gnu.so
[1.782s] -- Up-to-date: /home/tainteli/meu_workspace_agora_vai/install/turtlesim/local/lib/python3.10/dist-packages/turtlesim/turtlesim_s__rosidl_typesupport_c.cpython-310-x86_64-linux-gnu.so
[1.786s] -- Up-to-date: /home/tainteli/meu_workspace_agora_vai/install/turtlesim/lib/libturtlesim__rosidl_generator_py.so
[1.787s] -- Up-to-date: /home/tainteli/meu_workspace_agora_vai/install/turtlesim/share/turtlesim/action/RotateAbsolute.idl
[1.789s] -- Up-to-date: /home/tainteli/meu_workspace_agora_vai/install/turtlesim/share/turtlesim/msg/Color.idl
[1.789s] -- Up-to-date: /home/tainteli/meu_workspace_agora_vai/install/turtlesim/share/turtlesim/msg/Pose.idl
[1.790s] -- Up-to-date: /home/tainteli/meu_workspace_agora_vai/install/turtlesim/share/turtlesim/srv/Kill.idl
[1.790s] -- Up-to-date: /home/tainteli/meu_workspace_agora_vai/install/turtlesim/share/turtlesim/srv/SetPen.idl
[1.791s] -- Up-to-date: /home/tainteli/meu_workspace_agora_vai/install/turtlesim/share/turtlesim/srv/Spawn.idl
[1.791s] -- Up-to-date: /home/tainteli/meu_workspace_agora_vai/install/turtlesim/share/turtlesim/srv/TeleportAbsolute.idl
[1.795s] -- Up-to-date: /home/tainteli/meu_workspace_agora_vai/install/turtlesim/share/turtlesim/srv/TeleportRelative.idl
[1.796s] -- Up-to-date: /home/tainteli/meu_workspace_agora_vai/install/turtlesim/share/turtlesim/action/RotateAbsolute.action
[1.797s] -- Up-to-date: /home/tainteli/meu_workspace_agora_vai/install/turtlesim/share/turtlesim/msg/Color.msg
[1.798s] -- Up-to-date: /home/tainteli/meu_workspace_agora_vai/install/turtlesim/share/turtlesim/msg/Pose.msg
[1.798s] -- Up-to-date: /home/tainteli/meu_workspace_agora_vai/install/turtlesim/share/turtlesim/srv/Kill.srv
[1.799s] -- Up-to-date: /home/tainteli/meu_workspace_agora_vai/install/turtlesim/share/turtlesim/srv/Kill_Request.msg
[1.800s] -- Up-to-date: /home/tainteli/meu_workspace_agora_vai/install/turtlesim/share/turtlesim/srv/Kill_Response.msg
[1.800s] -- Up-to-date: /home/tainteli/meu_workspace_agora_vai/install/turtlesim/share/turtlesim/srv/SetPen.srv
[1.804s] -- Up-to-date: /home/tainteli/meu_workspace_agora_vai/install/turtlesim/share/turtlesim/srv/SetPen_Request.msg
[1.809s] -- Up-to-date: /home/tainteli/meu_workspace_agora_vai/install/turtlesim/share/turtlesim/srv/SetPen_Response.msg
[1.810s] -- Up-to-date: /home/tainteli/meu_workspace_agora_vai/install/turtlesim/share/turtlesim/srv/Spawn.srv
[1.810s] -- Up-to-date: /home/tainteli/meu_workspace_agora_vai/install/turtlesim/share/turtlesim/srv/Spawn_Request.msg
[1.810s] -- Up-to-date: /home/tainteli/meu_workspace_agora_vai/install/turtlesim/share/turtlesim/srv/Spawn_Response.msg
[1.810s] -- Up-to-date: /home/tainteli/meu_workspace_agora_vai/install/turtlesim/share/turtlesim/srv/TeleportAbsolute.srv
[1.810s] -- Up-to-date: /home/tainteli/meu_workspace_agora_vai/install/turtlesim/share/turtlesim/srv/TeleportAbsolute_Request.msg
[1.810s] -- Up-to-date: /home/tainteli/meu_workspace_agora_vai/install/turtlesim/share/turtlesim/srv/TeleportAbsolute_Response.msg
[1.810s] -- Up-to-date: /home/tainteli/meu_workspace_agora_vai/install/turtlesim/share/turtlesim/srv/TeleportRelative.srv
[1.812s] -- Up-to-date: /home/tainteli/meu_workspace_agora_vai/install/turtlesim/share/turtlesim/srv/TeleportRelative_Request.msg
[1.812s] -- Up-to-date: /home/tainteli/meu_workspace_agora_vai/install/turtlesim/share/turtlesim/srv/TeleportRelative_Response.msg
[1.813s] -- Up-to-date: /home/tainteli/meu_workspace_agora_vai/install/turtlesim/lib/turtlesim/turtlesim_node
[1.813s] -- Up-to-date: /home/tainteli/meu_workspace_agora_vai/install/turtlesim/lib/turtlesim/turtle_teleop_key
[1.813s] -- Up-to-date: /home/tainteli/meu_workspace_agora_vai/install/turtlesim/lib/turtlesim/draw_square
[1.813s] -- Up-to-date: /home/tainteli/meu_workspace_agora_vai/install/turtlesim/lib/turtlesim/mimic
[1.813s] -- Up-to-date: /home/tainteli/meu_workspace_agora_vai/install/turtlesim/share/turtlesim/images
[1.813s] -- Up-to-date: /home/tainteli/meu_workspace_agora_vai/install/turtlesim/share/turtlesim/images/crystal.png
[1.814s] -- Up-to-date: /home/tainteli/meu_workspace_agora_vai/install/turtlesim/share/turtlesim/images/rolling.png
[1.814s] -- Up-to-date: /home/tainteli/meu_workspace_agora_vai/install/turtlesim/share/turtlesim/images/eloquent.png
[1.814s] -- Up-to-date: /home/tainteli/meu_workspace_agora_vai/install/turtlesim/share/turtlesim/images/ardent.png
[1.814s] -- Up-to-date: /home/tainteli/meu_workspace_agora_vai/install/turtlesim/share/turtlesim/images/bouncy.png
[1.814s] -- Up-to-date: /home/tainteli/meu_workspace_agora_vai/install/turtlesim/share/turtlesim/images/dashing.png
[1.815s] -- Up-to-date: /home/tainteli/meu_workspace_agora_vai/install/turtlesim/share/turtlesim/images/humble.png
[1.815s] -- Up-to-date: /home/tainteli/meu_workspace_agora_vai/install/turtlesim/share/turtlesim/images/galactic.png
[1.815s] -- Up-to-date: /home/tainteli/meu_workspace_agora_vai/install/turtlesim/share/turtlesim/images/foxy.png
[1.815s] -- Up-to-date: /home/tainteli/meu_workspace_agora_vai/install/turtlesim/share/turtlesim/launch
[1.815s] -- Up-to-date: /home/tainteli/meu_workspace_agora_vai/install/turtlesim/share/turtlesim/launch/multisim.launch.py
[1.815s] -- Up-to-date: /home/tainteli/meu_workspace_agora_vai/install/turtlesim/share/ament_index/resource_index/package_run_dependencies/turtlesim
[1.815s] -- Up-to-date: /home/tainteli/meu_workspace_agora_vai/install/turtlesim/share/ament_index/resource_index/parent_prefix_path/turtlesim
[1.816s] -- Up-to-date: /home/tainteli/meu_workspace_agora_vai/install/turtlesim/share/turtlesim/environment/ament_prefix_path.sh
[1.816s] -- Up-to-date: /home/tainteli/meu_workspace_agora_vai/install/turtlesim/share/turtlesim/environment/ament_prefix_path.dsv
[1.816s] -- Up-to-date: /home/tainteli/meu_workspace_agora_vai/install/turtlesim/share/turtlesim/environment/path.sh
[1.816s] -- Up-to-date: /home/tainteli/meu_workspace_agora_vai/install/turtlesim/share/turtlesim/environment/path.dsv
[1.816s] -- Up-to-date: /home/tainteli/meu_workspace_agora_vai/install/turtlesim/share/turtlesim/local_setup.bash
[1.816s] -- Up-to-date: /home/tainteli/meu_workspace_agora_vai/install/turtlesim/share/turtlesim/local_setup.sh
[1.816s] -- Up-to-date: /home/tainteli/meu_workspace_agora_vai/install/turtlesim/share/turtlesim/local_setup.zsh
[1.817s] -- Up-to-date: /home/tainteli/meu_workspace_agora_vai/install/turtlesim/share/turtlesim/local_setup.dsv
[1.817s] -- Installing: /home/tainteli/meu_workspace_agora_vai/install/turtlesim/share/turtlesim/package.dsv
[1.817s] -- Up-to-date: /home/tainteli/meu_workspace_agora_vai/install/turtlesim/share/ament_index/resource_index/packages/turtlesim
[1.817s] -- Up-to-date: /home/tainteli/meu_workspace_agora_vai/install/turtlesim/share/turtlesim/cmake/export_turtlesim__rosidl_generator_cExport.cmake
[1.818s] -- Up-to-date: /home/tainteli/meu_workspace_agora_vai/install/turtlesim/share/turtlesim/cmake/export_turtlesim__rosidl_generator_cExport-noconfig.cmake
[1.818s] -- Up-to-date: /home/tainteli/meu_workspace_agora_vai/install/turtlesim/share/turtlesim/cmake/export_turtlesim__rosidl_typesupport_fastrtps_cExport.cmake
[1.818s] -- Up-to-date: /home/tainteli/meu_workspace_agora_vai/install/turtlesim/share/turtlesim/cmake/export_turtlesim__rosidl_typesupport_fastrtps_cExport-noconfig.cmake
[1.818s] -- Up-to-date: /home/tainteli/meu_workspace_agora_vai/install/turtlesim/share/turtlesim/cmake/export_turtlesim__rosidl_generator_cppExport.cmake
[1.819s] -- Up-to-date: /home/tainteli/meu_workspace_agora_vai/install/turtlesim/share/turtlesim/cmake/export_turtlesim__rosidl_typesupport_fastrtps_cppExport.cmake
[1.819s] -- Up-to-date: /home/tainteli/meu_workspace_agora_vai/install/turtlesim/share/turtlesim/cmake/export_turtlesim__rosidl_typesupport_fastrtps_cppExport-noconfig.cmake
[1.819s] -- Up-to-date: /home/tainteli/meu_workspace_agora_vai/install/turtlesim/share/turtlesim/cmake/turtlesim__rosidl_typesupport_introspection_cExport.cmake
[1.819s] -- Up-to-date: /home/tainteli/meu_workspace_agora_vai/install/turtlesim/share/turtlesim/cmake/turtlesim__rosidl_typesupport_introspection_cExport-noconfig.cmake
[1.819s] -- Up-to-date: /home/tainteli/meu_workspace_agora_vai/install/turtlesim/share/turtlesim/cmake/turtlesim__rosidl_typesupport_cExport.cmake
[1.819s] -- Up-to-date: /home/tainteli/meu_workspace_agora_vai/install/turtlesim/share/turtlesim/cmake/turtlesim__rosidl_typesupport_cExport-noconfig.cmake
[1.820s] -- Up-to-date: /home/tainteli/meu_workspace_agora_vai/install/turtlesim/share/turtlesim/cmake/turtlesim__rosidl_typesupport_introspection_cppExport.cmake
[1.820s] -- Up-to-date: /home/tainteli/meu_workspace_agora_vai/install/turtlesim/share/turtlesim/cmake/turtlesim__rosidl_typesupport_introspection_cppExport-noconfig.cmake
[1.821s] -- Up-to-date: /home/tainteli/meu_workspace_agora_vai/install/turtlesim/share/turtlesim/cmake/turtlesim__rosidl_typesupport_cppExport.cmake
[1.821s] -- Up-to-date: /home/tainteli/meu_workspace_agora_vai/install/turtlesim/share/turtlesim/cmake/turtlesim__rosidl_typesupport_cppExport-noconfig.cmake
[1.821s] -- Up-to-date: /home/tainteli/meu_workspace_agora_vai/install/turtlesim/share/turtlesim/cmake/export_turtlesim__rosidl_generator_pyExport.cmake
[1.821s] -- Up-to-date: /home/tainteli/meu_workspace_agora_vai/install/turtlesim/share/turtlesim/cmake/export_turtlesim__rosidl_generator_pyExport-noconfig.cmake
[1.821s] -- Up-to-date: /home/tainteli/meu_workspace_agora_vai/install/turtlesim/share/turtlesim/cmake/rosidl_cmake-extras.cmake
[1.822s] -- Up-to-date: /home/tainteli/meu_workspace_agora_vai/install/turtlesim/share/turtlesim/cmake/ament_cmake_export_dependencies-extras.cmake
[1.823s] -- Up-to-date: /home/tainteli/meu_workspace_agora_vai/install/turtlesim/share/turtlesim/cmake/ament_cmake_export_include_directories-extras.cmake
[1.824s] -- Up-to-date: /home/tainteli/meu_workspace_agora_vai/install/turtlesim/share/turtlesim/cmake/ament_cmake_export_libraries-extras.cmake
[1.824s] -- Up-to-date: /home/tainteli/meu_workspace_agora_vai/install/turtlesim/share/turtlesim/cmake/ament_cmake_export_targets-extras.cmake
[1.824s] -- Up-to-date: /home/tainteli/meu_workspace_agora_vai/install/turtlesim/share/turtlesim/cmake/rosidl_cmake_export_typesupport_targets-extras.cmake
[1.824s] -- Up-to-date: /home/tainteli/meu_workspace_agora_vai/install/turtlesim/share/turtlesim/cmake/rosidl_cmake_export_typesupport_libraries-extras.cmake
[1.824s] -- Up-to-date: /home/tainteli/meu_workspace_agora_vai/install/turtlesim/share/turtlesim/cmake/turtlesimConfig.cmake
[1.825s] -- Up-to-date: /home/tainteli/meu_workspace_agora_vai/install/turtlesim/share/turtlesim/cmake/turtlesimConfig-version.cmake
[1.825s] -- Up-to-date: /home/tainteli/meu_workspace_agora_vai/install/turtlesim/share/turtlesim/package.xml
[1.971s] Invoked command in '/home/tainteli/meu_workspace_agora_vai/build/turtlesim' returned '0': CMAKE_PREFIX_PATH=/opt/ros/humble /home/tainteli/.local/bin/cmake --install /home/tainteli/meu_workspace_agora_vai/build/turtlesim
