[1.616s] Invoking command in '/home/tainteli/meu_workspace_agora_vai/src/ola_mundo': PYTHONPATH=/home/tainteli/meu_workspace_agora_vai/build/ola_mundo/prefix_override:/home/tainteli/meu_workspace_agora_vai/install/ola_mundo/lib/python3.10/site-packages:${PYTHONPATH} /usr/bin/python3 setup.py egg_info --egg-base ../../build/ola_mundo build --build-base /home/tainteli/meu_workspace_agora_vai/build/ola_mundo/build install --record /home/tainteli/meu_workspace_agora_vai/build/ola_mundo/install.log --single-version-externally-managed
[1.915s] running egg_info
[1.921s] writing ../../build/ola_mundo/ola_mundo.egg-info/PKG-INFO
[1.921s] writing dependency_links to ../../build/ola_mundo/ola_mundo.egg-info/dependency_links.txt
[1.921s] writing entry points to ../../build/ola_mundo/ola_mundo.egg-info/entry_points.txt
[1.921s] writing requirements to ../../build/ola_mundo/ola_mundo.egg-info/requires.txt
[1.921s] writing top-level names to ../../build/ola_mundo/ola_mundo.egg-info/top_level.txt
[1.921s] reading manifest file '../../build/ola_mundo/ola_mundo.egg-info/SOURCES.txt'
[1.921s] writing manifest file '../../build/ola_mundo/ola_mundo.egg-info/SOURCES.txt'
[1.922s] running build
[1.922s] running build_py
[1.922s] running install
[1.923s] running install_lib
[1.925s] running install_data
[1.926s] running install_egg_info
[1.927s] removing '/home/tainteli/meu_workspace_agora_vai/install/ola_mundo/lib/python3.10/site-packages/ola_mundo-0.0.0-py3.10.egg-info' (and everything under it)
[1.927s] Copying ../../build/ola_mundo/ola_mundo.egg-info to /home/tainteli/meu_workspace_agora_vai/install/ola_mundo/lib/python3.10/site-packages/ola_mundo-0.0.0-py3.10.egg-info
[1.929s] running install_scripts
[1.971s] writing list of installed files to '/home/tainteli/meu_workspace_agora_vai/build/ola_mundo/install.log'
[2.051s] Invoked command in '/home/tainteli/meu_workspace_agora_vai/src/ola_mundo' returned '0': PYTHONPATH=/home/tainteli/meu_workspace_agora_vai/build/ola_mundo/prefix_override:/home/tainteli/meu_workspace_agora_vai/install/ola_mundo/lib/python3.10/site-packages:${PYTHONPATH} /usr/bin/python3 setup.py egg_info --egg-base ../../build/ola_mundo build --build-base /home/tainteli/meu_workspace_agora_vai/build/ola_mundo/build install --record /home/tainteli/meu_workspace_agora_vai/build/ola_mundo/install.log --single-version-externally-managed
