[0.795s] Invoking command in '/home/tainteli/meu_workspace_agora_vai/my_package': PYTHONPATH=/home/tainteli/meu_workspace_agora_vai/build/my_package/prefix_override:/home/tainteli/meu_workspace_agora_vai/install/my_package/lib/python3.10/site-packages:${PYTHONPATH} /usr/bin/python3 setup.py egg_info --egg-base ../build/my_package build --build-base /home/tainteli/meu_workspace_agora_vai/build/my_package/build install --record /home/tainteli/meu_workspace_agora_vai/build/my_package/install.log --single-version-externally-managed
[1.187s] running egg_info
[1.188s] writing ../build/my_package/my_package.egg-info/PKG-INFO
[1.188s] writing dependency_links to ../build/my_package/my_package.egg-info/dependency_links.txt
[1.189s] writing entry points to ../build/my_package/my_package.egg-info/entry_points.txt
[1.189s] writing requirements to ../build/my_package/my_package.egg-info/requires.txt
[1.189s] writing top-level names to ../build/my_package/my_package.egg-info/top_level.txt
[1.193s] reading manifest file '../build/my_package/my_package.egg-info/SOURCES.txt'
[1.194s] writing manifest file '../build/my_package/my_package.egg-info/SOURCES.txt'
[1.194s] running build
[1.194s] running build_py
[1.195s] running install
[1.195s] running install_lib
[1.197s] running install_data
[1.197s] running install_egg_info
[1.200s] removing '/home/tainteli/meu_workspace_agora_vai/install/my_package/lib/python3.10/site-packages/my_package-0.0.0-py3.10.egg-info' (and everything under it)
[1.200s] Copying ../build/my_package/my_package.egg-info to /home/tainteli/meu_workspace_agora_vai/install/my_package/lib/python3.10/site-packages/my_package-0.0.0-py3.10.egg-info
[1.201s] running install_scripts
[1.226s] Installing my_node script to /home/tainteli/meu_workspace_agora_vai/install/my_package/lib/my_package
[1.227s] writing list of installed files to '/home/tainteli/meu_workspace_agora_vai/build/my_package/install.log'
[1.272s] Invoked command in '/home/tainteli/meu_workspace_agora_vai/my_package' returned '0': PYTHONPATH=/home/tainteli/meu_workspace_agora_vai/build/my_package/prefix_override:/home/tainteli/meu_workspace_agora_vai/install/my_package/lib/python3.10/site-packages:${PYTHONPATH} /usr/bin/python3 setup.py egg_info --egg-base ../build/my_package build --build-base /home/tainteli/meu_workspace_agora_vai/build/my_package/build install --record /home/tainteli/meu_workspace_agora_vai/build/my_package/install.log --single-version-externally-managed
