[0.720s] Invoking command in '/home/tainteli/meu_workspace_agora_vai/build/turtlesim': CMAKE_PREFIX_PATH=/opt/ros/humble /home/tainteli/.local/bin/cmake --build /home/tainteli/meu_workspace_agora_vai/build/turtlesim -- -j8 -l8
[0.768s] [  1%] Built target turtlesim__cpp
[0.768s] [ 11%] Built target turtlesim__rosidl_generator_c
[0.775s] [ 11%] Built target ament_cmake_python_copy_turtlesim
[0.783s] [ 21%] Built target turtlesim__rosidl_typesupport_cpp
[0.787s] [ 31%] Built target turtlesim__rosidl_typesupport_c
[0.788s] [ 46%] Built target turtlesim__rosidl_typesupport_fastrtps_cpp
[0.788s] [ 51%] Built target turtlesim__rosidl_typesupport_fastrtps_c
[0.792s] [ 61%] Built target turtlesim__rosidl_typesupport_introspection_c
[0.796s] [ 71%] Built target turtlesim__rosidl_typesupport_introspection_cpp
[0.805s] [ 73%] Built target turtle_teleop_key
[0.809s] [ 74%] Built target turtlesim
[0.809s] [ 75%] Built target mimic
[0.809s] [ 77%] Built target draw_square
[0.813s] [ 83%] Built target turtlesim_node
[0.822s] [ 84%] Built target turtlesim__py
[0.836s] [ 93%] Built target turtlesim__rosidl_generator_py
[0.848s] [ 95%] Built target turtlesim__rosidl_typesupport_introspection_c__pyext
[0.849s] [ 97%] Built target turtlesim__rosidl_typesupport_fastrtps_c__pyext
[0.849s] [100%] Built target turtlesim__rosidl_typesupport_c__pyext
[1.028s] running egg_info
[1.029s] writing turtlesim.egg-info/PKG-INFO
[1.029s] writing dependency_links to turtlesim.egg-info/dependency_links.txt
[1.029s] writing top-level names to turtlesim.egg-info/top_level.txt
[1.032s] reading manifest file 'turtlesim.egg-info/SOURCES.txt'
[1.032s] writing manifest file 'turtlesim.egg-info/SOURCES.txt'
[1.055s] [100%] Built target ament_cmake_python_build_turtlesim_egg
[1.066s] Invoked command in '/home/tainteli/meu_workspace_agora_vai/build/turtlesim' returned '0': CMAKE_PREFIX_PATH=/opt/ros/humble /home/tainteli/.local/bin/cmake --build /home/tainteli/meu_workspace_agora_vai/build/turtlesim -- -j8 -l8
[1.325s] Invoking command in '/home/tainteli/meu_workspace_agora_vai/build/turtlesim': CMAKE_PREFIX_PATH=/opt/ros/humble /home/tainteli/.local/bin/cmake --install /home/tainteli/meu_workspace_agora_vai/build/turtlesim
[1.359s] -- Install configuration: ""
[1.360s] -- Up-to-date: /home/tainteli/meu_workspace_agora_vai/install/turtlesim/share/ament_index/resource_index/rosidl_interfaces/turtlesim
[1.360s] -- Up-to-date: /home/tainteli/meu_workspace_agora_vai/install/turtlesim/include/turtlesim/turtlesim
[1.361s] -- Up-to-date: /home/tainteli/meu_workspace_agora_vai/install/turtlesim/include/turtlesim/turtlesim/msg
[1.361s] -- Up-to-date: /home/tainteli/meu_workspace_agora_vai/install/turtlesim/include/turtlesim/turtlesim/msg/pose.h
[1.361s] -- Up-to-date: /home/tainteli/meu_workspace_agora_vai/install/turtlesim/include/turtlesim/turtlesim/msg/detail
[1.362s] -- Up-to-date: /home/tainteli/meu_workspace_agora_vai/install/turtlesim/include/turtlesim/turtlesim/msg/detail/color__functions.c
[1.363s] -- Up-to-date: /home/tainteli/meu_workspace_agora_vai/install/turtlesim/include/turtlesim/turtlesim/msg/detail/pose__functions.h
[1.363s] -- Up-to-date: /home/tainteli/meu_workspace_agora_vai/install/turtlesim/include/turtlesim/turtlesim/msg/detail/color__functions.h
[1.363s] -- Up-to-date: /home/tainteli/meu_workspace_agora_vai/install/turtlesim/include/turtlesim/turtlesim/msg/detail/pose__struct.h
[1.364s] -- Up-to-date: /home/tainteli/meu_workspace_agora_vai/install/turtlesim/include/turtlesim/turtlesim/msg/detail/pose__functions.c
[1.364s] -- Up-to-date: /home/tainteli/meu_workspace_agora_vai/install/turtlesim/include/turtlesim/turtlesim/msg/detail/color__struct.h
[1.365s] -- Up-to-date: /home/tainteli/meu_workspace_agora_vai/install/turtlesim/include/turtlesim/turtlesim/msg/detail/pose__type_support.h
[1.365s] -- Up-to-date: /home/tainteli/meu_workspace_agora_vai/install/turtlesim/include/turtlesim/turtlesim/msg/detail/color__type_support.h
[1.365s] -- Up-to-date: /home/tainteli/meu_workspace_agora_vai/install/turtlesim/include/turtlesim/turtlesim/msg/rosidl_generator_c__visibility_control.h
[1.366s] -- Up-to-date: /home/tainteli/meu_workspace_agora_vai/install/turtlesim/include/turtlesim/turtlesim/msg/color.h
[1.367s] -- Up-to-date: /home/tainteli/meu_workspace_agora_vai/install/turtlesim/include/turtlesim/turtlesim/action
[1.367s] -- Up-to-date: /home/tainteli/meu_workspace_agora_vai/install/turtlesim/include/turtlesim/turtlesim/action/rotate_absolute.h
[1.367s] -- Up-to-date: /home/tainteli/meu_workspace_agora_vai/install/turtlesim/include/turtlesim/turtlesim/action/detail
[1.368s] -- Up-to-date: /home/tainteli/meu_workspace_agora_vai/install/turtlesim/include/turtlesim/turtlesim/action/detail/rotate_absolute__type_support.h
[1.368s] -- Up-to-date: /home/tainteli/meu_workspace_agora_vai/install/turtlesim/include/turtlesim/turtlesim/action/detail/rotate_absolute__struct.h
[1.368s] -- Up-to-date: /home/tainteli/meu_workspace_agora_vai/install/turtlesim/include/turtlesim/turtlesim/action/detail/rotate_absolute__functions.h
[1.369s] -- Up-to-date: /home/tainteli/meu_workspace_agora_vai/install/turtlesim/include/turtlesim/turtlesim/action/detail/rotate_absolute__functions.c
[1.369s] -- Up-to-date: /home/tainteli/meu_workspace_agora_vai/install/turtlesim/include/turtlesim/turtlesim/srv
[1.369s] -- Up-to-date: /home/tainteli/meu_workspace_agora_vai/install/turtlesim/include/turtlesim/turtlesim/srv/set_pen.h
[1.370s] -- Up-to-date: /home/tainteli/meu_workspace_agora_vai/install/turtlesim/include/turtlesim/turtlesim/srv/spawn.h
[1.370s] -- Up-to-date: /home/tainteli/meu_workspace_agora_vai/install/turtlesim/include/turtlesim/turtlesim/srv/detail
[1.371s] -- Up-to-date: /home/tainteli/meu_workspace_agora_vai/install/turtlesim/include/turtlesim/turtlesim/srv/detail/teleport_absolute__functions.c
[1.371s] -- Up-to-date: /home/tainteli/meu_workspace_agora_vai/install/turtlesim/include/turtlesim/turtlesim/srv/detail/set_pen__struct.h
[1.371s] -- Up-to-date: /home/tainteli/meu_workspace_agora_vai/install/turtlesim/include/turtlesim/turtlesim/srv/detail/spawn__type_support.h
[1.373s] -- Up-to-date: /home/tainteli/meu_workspace_agora_vai/install/turtlesim/include/turtlesim/turtlesim/srv/detail/teleport_absolute__struct.h
[1.374s] -- Up-to-date: /home/tainteli/meu_workspace_agora_vai/install/turtlesim/include/turtlesim/turtlesim/srv/detail/kill__functions.h
[1.374s] -- Up-to-date: /home/tainteli/meu_workspace_agora_vai/install/turtlesim/include/turtlesim/turtlesim/srv/detail/set_pen__functions.c
[1.375s] -- Up-to-date: /home/tainteli/meu_workspace_agora_vai/install/turtlesim/include/turtlesim/turtlesim/srv/detail/set_pen__type_support.h
[1.375s] -- Up-to-date: /home/tainteli/meu_workspace_agora_vai/install/turtlesim/include/turtlesim/turtlesim/srv/detail/kill__type_support.h
[1.376s] -- Up-to-date: /home/tainteli/meu_workspace_agora_vai/install/turtlesim/include/turtlesim/turtlesim/srv/detail/spawn__struct.h
[1.376s] -- Up-to-date: /home/tainteli/meu_workspace_agora_vai/install/turtlesim/include/turtlesim/turtlesim/srv/detail/teleport_absolute__type_support.h
[1.376s] -- Up-to-date: /home/tainteli/meu_workspace_agora_vai/install/turtlesim/include/turtlesim/turtlesim/srv/detail/set_pen__functions.h
[1.377s] -- Up-to-date: /home/tainteli/meu_workspace_agora_vai/install/turtlesim/include/turtlesim/turtlesim/srv/detail/teleport_relative__functions.h
[1.377s] -- Up-to-date: /home/tainteli/meu_workspace_agora_vai/install/turtlesim/include/turtlesim/turtlesim/srv/detail/kill__struct.h
[1.377s] -- Up-to-date: /home/tainteli/meu_workspace_agora_vai/install/turtlesim/include/turtlesim/turtlesim/srv/detail/spawn__functions.h
[1.378s] -- Up-to-date: /home/tainteli/meu_workspace_agora_vai/install/turtlesim/include/turtlesim/turtlesim/srv/detail/teleport_absolute__functions.h
[1.379s] -- Up-to-date: /home/tainteli/meu_workspace_agora_vai/install/turtlesim/include/turtlesim/turtlesim/srv/detail/teleport_relative__type_support.h
[1.379s] -- Up-to-date: /home/tainteli/meu_workspace_agora_vai/install/turtlesim/include/turtlesim/turtlesim/srv/detail/kill__functions.c
[1.380s] -- Up-to-date: /home/tainteli/meu_workspace_agora_vai/install/turtlesim/include/turtlesim/turtlesim/srv/detail/teleport_relative__struct.h
[1.381s] -- Up-to-date: /home/tainteli/meu_workspace_agora_vai/install/turtlesim/include/turtlesim/turtlesim/srv/detail/spawn__functions.c
[1.381s] -- Up-to-date: /home/tainteli/meu_workspace_agora_vai/install/turtlesim/include/turtlesim/turtlesim/srv/detail/teleport_relative__functions.c
[1.382s] -- Up-to-date: /home/tainteli/meu_workspace_agora_vai/install/turtlesim/include/turtlesim/turtlesim/srv/kill.h
[1.382s] -- Up-to-date: /home/tainteli/meu_workspace_agora_vai/install/turtlesim/include/turtlesim/turtlesim/srv/teleport_relative.h
[1.382s] -- Up-to-date: /home/tainteli/meu_workspace_agora_vai/install/turtlesim/include/turtlesim/turtlesim/srv/teleport_absolute.h
[1.382s] -- Up-to-date: /home/tainteli/meu_workspace_agora_vai/install/turtlesim/share/turtlesim/environment/library_path.sh
[1.382s] -- Up-to-date: /home/tainteli/meu_workspace_agora_vai/install/turtlesim/share/turtlesim/environment/library_path.dsv
[1.382s] -- Up-to-date: /home/tainteli/meu_workspace_agora_vai/install/turtlesim/lib/libturtlesim__rosidl_generator_c.so
[1.382s] -- Up-to-date: /home/tainteli/meu_workspace_agora_vai/install/turtlesim/include/turtlesim/turtlesim
[1.382s] -- Up-to-date: /home/tainteli/meu_workspace_agora_vai/install/turtlesim/include/turtlesim/turtlesim/msg
[1.383s] -- Up-to-date: /home/tainteli/meu_workspace_agora_vai/install/turtlesim/include/turtlesim/turtlesim/msg/rosidl_typesupport_fastrtps_c__visibility_control.h
[1.383s] -- Up-to-date: /home/tainteli/meu_workspace_agora_vai/install/turtlesim/include/turtlesim/turtlesim/msg/detail
[1.383s] -- Up-to-date: /home/tainteli/meu_workspace_agora_vai/install/turtlesim/include/turtlesim/turtlesim/msg/detail/pose__rosidl_typesupport_fastrtps_c.h
[1.383s] -- Up-to-date: /home/tainteli/meu_workspace_agora_vai/install/turtlesim/include/turtlesim/turtlesim/msg/detail/color__rosidl_typesupport_fastrtps_c.h
[1.383s] -- Up-to-date: /home/tainteli/meu_workspace_agora_vai/install/turtlesim/include/turtlesim/turtlesim/action
[1.383s] -- Up-to-date: /home/tainteli/meu_workspace_agora_vai/install/turtlesim/include/turtlesim/turtlesim/action/detail
[1.383s] -- Up-to-date: /home/tainteli/meu_workspace_agora_vai/install/turtlesim/include/turtlesim/turtlesim/action/detail/rotate_absolute__rosidl_typesupport_fastrtps_c.h
[1.383s] -- Up-to-date: /home/tainteli/meu_workspace_agora_vai/install/turtlesim/include/turtlesim/turtlesim/srv
[1.383s] -- Up-to-date: /home/tainteli/meu_workspace_agora_vai/install/turtlesim/include/turtlesim/turtlesim/srv/detail
[1.384s] -- Up-to-date: /home/tainteli/meu_workspace_agora_vai/install/turtlesim/include/turtlesim/turtlesim/srv/detail/teleport_absolute__rosidl_typesupport_fastrtps_c.h
[1.384s] -- Up-to-date: /home/tainteli/meu_workspace_agora_vai/install/turtlesim/include/turtlesim/turtlesim/srv/detail/teleport_relative__rosidl_typesupport_fastrtps_c.h
[1.384s] -- Up-to-date: /home/tainteli/meu_workspace_agora_vai/install/turtlesim/include/turtlesim/turtlesim/srv/detail/set_pen__rosidl_typesupport_fastrtps_c.h
[1.384s] -- Up-to-date: /home/tainteli/meu_workspace_agora_vai/install/turtlesim/include/turtlesim/turtlesim/srv/detail/kill__rosidl_typesupport_fastrtps_c.h
[1.384s] -- Up-to-date: /home/tainteli/meu_workspace_agora_vai/install/turtlesim/include/turtlesim/turtlesim/srv/detail/spawn__rosidl_typesupport_fastrtps_c.h
[1.384s] -- Up-to-date: /home/tainteli/meu_workspace_agora_vai/install/turtlesim/lib/libturtlesim__rosidl_typesupport_fastrtps_c.so
[1.384s] -- Up-to-date: /home/tainteli/meu_workspace_agora_vai/install/turtlesim/include/turtlesim/turtlesim
[1.384s] -- Up-to-date: /home/tainteli/meu_workspace_agora_vai/install/turtlesim/include/turtlesim/turtlesim/msg
[1.384s] -- Up-to-date: /home/tainteli/meu_workspace_agora_vai/install/turtlesim/include/turtlesim/turtlesim/msg/pose.hpp
[1.385s] -- Up-to-date: /home/tainteli/meu_workspace_agora_vai/install/turtlesim/include/turtlesim/turtlesim/msg/color.hpp
[1.385s] -- Up-to-date: /home/tainteli/meu_workspace_agora_vai/install/turtlesim/include/turtlesim/turtlesim/msg/detail
[1.385s] -- Up-to-date: /home/tainteli/meu_workspace_agora_vai/install/turtlesim/include/turtlesim/turtlesim/msg/detail/pose__struct.hpp
[1.385s] -- Up-to-date: /home/tainteli/meu_workspace_agora_vai/install/turtlesim/include/turtlesim/turtlesim/msg/detail/pose__builder.hpp
[1.385s] -- Up-to-date: /home/tainteli/meu_workspace_agora_vai/install/turtlesim/include/turtlesim/turtlesim/msg/detail/color__traits.hpp
[1.385s] -- Up-to-date: /home/tainteli/meu_workspace_agora_vai/install/turtlesim/include/turtlesim/turtlesim/msg/detail/color__struct.hpp
[1.385s] -- Up-to-date: /home/tainteli/meu_workspace_agora_vai/install/turtlesim/include/turtlesim/turtlesim/msg/detail/color__builder.hpp
[1.385s] -- Up-to-date: /home/tainteli/meu_workspace_agora_vai/install/turtlesim/include/turtlesim/turtlesim/msg/detail/pose__traits.hpp
[1.385s] -- Up-to-date: /home/tainteli/meu_workspace_agora_vai/install/turtlesim/include/turtlesim/turtlesim/action
[1.386s] -- Up-to-date: /home/tainteli/meu_workspace_agora_vai/install/turtlesim/include/turtlesim/turtlesim/action/detail
[1.386s] -- Up-to-date: /home/tainteli/meu_workspace_agora_vai/install/turtlesim/include/turtlesim/turtlesim/action/detail/rotate_absolute__traits.hpp
[1.386s] -- Up-to-date: /home/tainteli/meu_workspace_agora_vai/install/turtlesim/include/turtlesim/turtlesim/action/detail/rotate_absolute__builder.hpp
[1.386s] -- Up-to-date: /home/tainteli/meu_workspace_agora_vai/install/turtlesim/include/turtlesim/turtlesim/action/detail/rotate_absolute__struct.hpp
[1.386s] -- Up-to-date: /home/tainteli/meu_workspace_agora_vai/install/turtlesim/include/turtlesim/turtlesim/action/rotate_absolute.hpp
[1.386s] -- Up-to-date: /home/tainteli/meu_workspace_agora_vai/install/turtlesim/include/turtlesim/turtlesim/srv
[1.386s] -- Up-to-date: /home/tainteli/meu_workspace_agora_vai/install/turtlesim/include/turtlesim/turtlesim/srv/teleport_relative.hpp
[1.386s] -- Up-to-date: /home/tainteli/meu_workspace_agora_vai/install/turtlesim/include/turtlesim/turtlesim/srv/teleport_absolute.hpp
[1.386s] -- Up-to-date: /home/tainteli/meu_workspace_agora_vai/install/turtlesim/include/turtlesim/turtlesim/srv/detail
[1.386s] -- Up-to-date: /home/tainteli/meu_workspace_agora_vai/install/turtlesim/include/turtlesim/turtlesim/srv/detail/spawn__builder.hpp
[1.387s] -- Up-to-date: /home/tainteli/meu_workspace_agora_vai/install/turtlesim/include/turtlesim/turtlesim/srv/detail/teleport_relative__struct.hpp
[1.387s] -- Up-to-date: /home/tainteli/meu_workspace_agora_vai/install/turtlesim/include/turtlesim/turtlesim/srv/detail/kill__traits.hpp
[1.387s] -- Up-to-date: /home/tainteli/meu_workspace_agora_vai/install/turtlesim/include/turtlesim/turtlesim/srv/detail/set_pen__struct.hpp
[1.387s] -- Up-to-date: /home/tainteli/meu_workspace_agora_vai/install/turtlesim/include/turtlesim/turtlesim/srv/detail/spawn__struct.hpp
[1.387s] -- Up-to-date: /home/tainteli/meu_workspace_agora_vai/install/turtlesim/include/turtlesim/turtlesim/srv/detail/teleport_absolute__struct.hpp
[1.387s] -- Up-to-date: /home/tainteli/meu_workspace_agora_vai/install/turtlesim/include/turtlesim/turtlesim/srv/detail/kill__struct.hpp
[1.387s] -- Up-to-date: /home/tainteli/meu_workspace_agora_vai/install/turtlesim/include/turtlesim/turtlesim/srv/detail/spawn__traits.hpp
[1.387s] -- Up-to-date: /home/tainteli/meu_workspace_agora_vai/install/turtlesim/include/turtlesim/turtlesim/srv/detail/teleport_absolute__builder.hpp
[1.387s] -- Up-to-date: /home/tainteli/meu_workspace_agora_vai/install/turtlesim/include/turtlesim/turtlesim/srv/detail/set_pen__traits.hpp
[1.387s] -- Up-to-date: /home/tainteli/meu_workspace_agora_vai/install/turtlesim/include/turtlesim/turtlesim/srv/detail/teleport_relative__builder.hpp
[1.388s] -- Up-to-date: /home/tainteli/meu_workspace_agora_vai/install/turtlesim/include/turtlesim/turtlesim/srv/detail/teleport_absolute__traits.hpp
[1.388s] -- Up-to-date: /home/tainteli/meu_workspace_agora_vai/install/turtlesim/include/turtlesim/turtlesim/srv/detail/teleport_relative__traits.hpp
[1.388s] -- Up-to-date: /home/tainteli/meu_workspace_agora_vai/install/turtlesim/include/turtlesim/turtlesim/srv/detail/set_pen__builder.hpp
[1.388s] -- Up-to-date: /home/tainteli/meu_workspace_agora_vai/install/turtlesim/include/turtlesim/turtlesim/srv/detail/kill__builder.hpp
[1.389s] -- Up-to-date: /home/tainteli/meu_workspace_agora_vai/install/turtlesim/include/turtlesim/turtlesim/srv/set_pen.hpp
[1.389s] -- Up-to-date: /home/tainteli/meu_workspace_agora_vai/install/turtlesim/include/turtlesim/turtlesim/srv/kill.hpp
[1.389s] -- Up-to-date: /home/tainteli/meu_workspace_agora_vai/install/turtlesim/include/turtlesim/turtlesim/srv/spawn.hpp
[1.389s] -- Up-to-date: /home/tainteli/meu_workspace_agora_vai/install/turtlesim/include/turtlesim/turtlesim
[1.389s] -- Up-to-date: /home/tainteli/meu_workspace_agora_vai/install/turtlesim/include/turtlesim/turtlesim/msg
[1.389s] -- Up-to-date: /home/tainteli/meu_workspace_agora_vai/install/turtlesim/include/turtlesim/turtlesim/msg/detail
[1.389s] -- Up-to-date: /home/tainteli/meu_workspace_agora_vai/install/turtlesim/include/turtlesim/turtlesim/msg/detail/color__rosidl_typesupport_fastrtps_cpp.hpp
[1.389s] -- Up-to-date: /home/tainteli/meu_workspace_agora_vai/install/turtlesim/include/turtlesim/turtlesim/msg/detail/pose__rosidl_typesupport_fastrtps_cpp.hpp
[1.389s] -- Up-to-date: /home/tainteli/meu_workspace_agora_vai/install/turtlesim/include/turtlesim/turtlesim/msg/detail/dds_fastrtps
[1.389s] -- Up-to-date: /home/tainteli/meu_workspace_agora_vai/install/turtlesim/include/turtlesim/turtlesim/msg/rosidl_typesupport_fastrtps_cpp__visibility_control.h
[1.390s] -- Up-to-date: /home/tainteli/meu_workspace_agora_vai/install/turtlesim/include/turtlesim/turtlesim/action
[1.390s] -- Up-to-date: /home/tainteli/meu_workspace_agora_vai/install/turtlesim/include/turtlesim/turtlesim/action/detail
[1.390s] -- Up-to-date: /home/tainteli/meu_workspace_agora_vai/install/turtlesim/include/turtlesim/turtlesim/action/detail/rotate_absolute__rosidl_typesupport_fastrtps_cpp.hpp
[1.390s] -- Up-to-date: /home/tainteli/meu_workspace_agora_vai/install/turtlesim/include/turtlesim/turtlesim/action/detail/dds_fastrtps
[1.390s] -- Up-to-date: /home/tainteli/meu_workspace_agora_vai/install/turtlesim/include/turtlesim/turtlesim/srv
[1.390s] -- Up-to-date: /home/tainteli/meu_workspace_agora_vai/install/turtlesim/include/turtlesim/turtlesim/srv/detail
[1.390s] -- Up-to-date: /home/tainteli/meu_workspace_agora_vai/install/turtlesim/include/turtlesim/turtlesim/srv/detail/teleport_relative__rosidl_typesupport_fastrtps_cpp.hpp
[1.390s] -- Up-to-date: /home/tainteli/meu_workspace_agora_vai/install/turtlesim/include/turtlesim/turtlesim/srv/detail/teleport_absolute__rosidl_typesupport_fastrtps_cpp.hpp
[1.390s] -- Up-to-date: /home/tainteli/meu_workspace_agora_vai/install/turtlesim/include/turtlesim/turtlesim/srv/detail/kill__rosidl_typesupport_fastrtps_cpp.hpp
[1.392s] -- Up-to-date: /home/tainteli/meu_workspace_agora_vai/install/turtlesim/include/turtlesim/turtlesim/srv/detail/set_pen__rosidl_typesupport_fastrtps_cpp.hpp
[1.392s] -- Up-to-date: /home/tainteli/meu_workspace_agora_vai/install/turtlesim/include/turtlesim/turtlesim/srv/detail/spawn__rosidl_typesupport_fastrtps_cpp.hpp
[1.392s] -- Up-to-date: /home/tainteli/meu_workspace_agora_vai/install/turtlesim/include/turtlesim/turtlesim/srv/detail/dds_fastrtps
[1.392s] -- Up-to-date: /home/tainteli/meu_workspace_agora_vai/install/turtlesim/lib/libturtlesim__rosidl_typesupport_fastrtps_cpp.so
[1.392s] -- Up-to-date: /home/tainteli/meu_workspace_agora_vai/install/turtlesim/include/turtlesim/turtlesim
[1.392s] -- Up-to-date: /home/tainteli/meu_workspace_agora_vai/install/turtlesim/include/turtlesim/turtlesim/msg
[1.392s] -- Up-to-date: /home/tainteli/meu_workspace_agora_vai/install/turtlesim/include/turtlesim/turtlesim/msg/detail
[1.392s] -- Up-to-date: /home/tainteli/meu_workspace_agora_vai/install/turtlesim/include/turtlesim/turtlesim/msg/detail/pose__type_support.c
[1.392s] -- Up-to-date: /home/tainteli/meu_workspace_agora_vai/install/turtlesim/include/turtlesim/turtlesim/msg/detail/color__type_support.c
[1.393s] -- Up-to-date: /home/tainteli/meu_workspace_agora_vai/install/turtlesim/include/turtlesim/turtlesim/msg/detail/color__rosidl_typesupport_introspection_c.h
[1.393s] -- Up-to-date: /home/tainteli/meu_workspace_agora_vai/install/turtlesim/include/turtlesim/turtlesim/msg/detail/pose__rosidl_typesupport_introspection_c.h
[1.393s] -- Up-to-date: /home/tainteli/meu_workspace_agora_vai/install/turtlesim/include/turtlesim/turtlesim/msg/rosidl_typesupport_introspection_c__visibility_control.h
[1.393s] -- Up-to-date: /home/tainteli/meu_workspace_agora_vai/install/turtlesim/include/turtlesim/turtlesim/action
[1.393s] -- Up-to-date: /home/tainteli/meu_workspace_agora_vai/install/turtlesim/include/turtlesim/turtlesim/action/detail
[1.393s] -- Up-to-date: /home/tainteli/meu_workspace_agora_vai/install/turtlesim/include/turtlesim/turtlesim/action/detail/rotate_absolute__rosidl_typesupport_introspection_c.h
[1.393s] -- Up-to-date: /home/tainteli/meu_workspace_agora_vai/install/turtlesim/include/turtlesim/turtlesim/action/detail/rotate_absolute__type_support.c
[1.393s] -- Up-to-date: /home/tainteli/meu_workspace_agora_vai/install/turtlesim/include/turtlesim/turtlesim/srv
[1.393s] -- Up-to-date: /home/tainteli/meu_workspace_agora_vai/install/turtlesim/include/turtlesim/turtlesim/srv/detail
[1.393s] -- Up-to-date: /home/tainteli/meu_workspace_agora_vai/install/turtlesim/include/turtlesim/turtlesim/srv/detail/teleport_relative__rosidl_typesupport_introspection_c.h
[1.394s] -- Up-to-date: /home/tainteli/meu_workspace_agora_vai/install/turtlesim/include/turtlesim/turtlesim/srv/detail/set_pen__rosidl_typesupport_introspection_c.h
[1.394s] -- Up-to-date: /home/tainteli/meu_workspace_agora_vai/install/turtlesim/include/turtlesim/turtlesim/srv/detail/teleport_absolute__type_support.c
[1.394s] -- Up-to-date: /home/tainteli/meu_workspace_agora_vai/install/turtlesim/include/turtlesim/turtlesim/srv/detail/teleport_relative__type_support.c
[1.394s] -- Up-to-date: /home/tainteli/meu_workspace_agora_vai/install/turtlesim/include/turtlesim/turtlesim/srv/detail/kill__type_support.c
[1.394s] -- Up-to-date: /home/tainteli/meu_workspace_agora_vai/install/turtlesim/include/turtlesim/turtlesim/srv/detail/spawn__rosidl_typesupport_introspection_c.h
[1.394s] -- Up-to-date: /home/tainteli/meu_workspace_agora_vai/install/turtlesim/include/turtlesim/turtlesim/srv/detail/set_pen__type_support.c
[1.394s] -- Up-to-date: /home/tainteli/meu_workspace_agora_vai/install/turtlesim/include/turtlesim/turtlesim/srv/detail/spawn__type_support.c
[1.394s] -- Up-to-date: /home/tainteli/meu_workspace_agora_vai/install/turtlesim/include/turtlesim/turtlesim/srv/detail/teleport_absolute__rosidl_typesupport_introspection_c.h
[1.394s] -- Up-to-date: /home/tainteli/meu_workspace_agora_vai/install/turtlesim/include/turtlesim/turtlesim/srv/detail/kill__rosidl_typesupport_introspection_c.h
[1.394s] -- Up-to-date: /home/tainteli/meu_workspace_agora_vai/install/turtlesim/lib/libturtlesim__rosidl_typesupport_introspection_c.so
[1.395s] -- Up-to-date: /home/tainteli/meu_workspace_agora_vai/install/turtlesim/lib/libturtlesim__rosidl_typesupport_c.so
[1.395s] -- Up-to-date: /home/tainteli/meu_workspace_agora_vai/install/turtlesim/include/turtlesim/turtlesim
[1.395s] -- Up-to-date: /home/tainteli/meu_workspace_agora_vai/install/turtlesim/include/turtlesim/turtlesim/msg
[1.395s] -- Up-to-date: /home/tainteli/meu_workspace_agora_vai/install/turtlesim/include/turtlesim/turtlesim/msg/detail
[1.395s] -- Up-to-date: /home/tainteli/meu_workspace_agora_vai/install/turtlesim/include/turtlesim/turtlesim/msg/detail/pose__rosidl_typesupport_introspection_cpp.hpp
[1.395s] -- Up-to-date: /home/tainteli/meu_workspace_agora_vai/install/turtlesim/include/turtlesim/turtlesim/msg/detail/pose__type_support.cpp
[1.395s] -- Up-to-date: /home/tainteli/meu_workspace_agora_vai/install/turtlesim/include/turtlesim/turtlesim/msg/detail/color__type_support.cpp
[1.395s] -- Up-to-date: /home/tainteli/meu_workspace_agora_vai/install/turtlesim/include/turtlesim/turtlesim/msg/detail/color__rosidl_typesupport_introspection_cpp.hpp
[1.395s] -- Up-to-date: /home/tainteli/meu_workspace_agora_vai/install/turtlesim/include/turtlesim/turtlesim/action
[1.395s] -- Up-to-date: /home/tainteli/meu_workspace_agora_vai/install/turtlesim/include/turtlesim/turtlesim/action/detail
[1.395s] -- Up-to-date: /home/tainteli/meu_workspace_agora_vai/install/turtlesim/include/turtlesim/turtlesim/action/detail/rotate_absolute__type_support.cpp
[1.395s] -- Up-to-date: /home/tainteli/meu_workspace_agora_vai/install/turtlesim/include/turtlesim/turtlesim/action/detail/rotate_absolute__rosidl_typesupport_introspection_cpp.hpp
[1.396s] -- Up-to-date: /home/tainteli/meu_workspace_agora_vai/install/turtlesim/include/turtlesim/turtlesim/srv
[1.396s] -- Up-to-date: /home/tainteli/meu_workspace_agora_vai/install/turtlesim/include/turtlesim/turtlesim/srv/detail
[1.396s] -- Up-to-date: /home/tainteli/meu_workspace_agora_vai/install/turtlesim/include/turtlesim/turtlesim/srv/detail/spawn__rosidl_typesupport_introspection_cpp.hpp
[1.396s] -- Up-to-date: /home/tainteli/meu_workspace_agora_vai/install/turtlesim/include/turtlesim/turtlesim/srv/detail/set_pen__rosidl_typesupport_introspection_cpp.hpp
[1.396s] -- Up-to-date: /home/tainteli/meu_workspace_agora_vai/install/turtlesim/include/turtlesim/turtlesim/srv/detail/kill__rosidl_typesupport_introspection_cpp.hpp
[1.396s] -- Up-to-date: /home/tainteli/meu_workspace_agora_vai/install/turtlesim/include/turtlesim/turtlesim/srv/detail/teleport_absolute__type_support.cpp
[1.396s] -- Up-to-date: /home/tainteli/meu_workspace_agora_vai/install/turtlesim/include/turtlesim/turtlesim/srv/detail/spawn__type_support.cpp
[1.396s] -- Up-to-date: /home/tainteli/meu_workspace_agora_vai/install/turtlesim/include/turtlesim/turtlesim/srv/detail/kill__type_support.cpp
[1.396s] -- Up-to-date: /home/tainteli/meu_workspace_agora_vai/install/turtlesim/include/turtlesim/turtlesim/srv/detail/teleport_relative__type_support.cpp
[1.396s] -- Up-to-date: /home/tainteli/meu_workspace_agora_vai/install/turtlesim/include/turtlesim/turtlesim/srv/detail/teleport_absolute__rosidl_typesupport_introspection_cpp.hpp
[1.396s] -- Up-to-date: /home/tainteli/meu_workspace_agora_vai/install/turtlesim/include/turtlesim/turtlesim/srv/detail/teleport_relative__rosidl_typesupport_introspection_cpp.hpp
[1.397s] -- Up-to-date: /home/tainteli/meu_workspace_agora_vai/install/turtlesim/include/turtlesim/turtlesim/srv/detail/set_pen__type_support.cpp
[1.397s] -- Up-to-date: /home/tainteli/meu_workspace_agora_vai/install/turtlesim/lib/libturtlesim__rosidl_typesupport_introspection_cpp.so
[1.397s] -- Up-to-date: /home/tainteli/meu_workspace_agora_vai/install/turtlesim/lib/libturtlesim__rosidl_typesupport_cpp.so
[1.397s] -- Up-to-date: /home/tainteli/meu_workspace_agora_vai/install/turtlesim/share/turtlesim/environment/pythonpath.sh
[1.397s] -- Up-to-date: /home/tainteli/meu_workspace_agora_vai/install/turtlesim/share/turtlesim/environment/pythonpath.dsv
[1.397s] -- Up-to-date: /home/tainteli/meu_workspace_agora_vai/install/turtlesim/local/lib/python3.10/dist-packages/turtlesim-1.4.2-py3.10.egg-info
[1.397s] -- Installing: /home/tainteli/meu_workspace_agora_vai/install/turtlesim/local/lib/python3.10/dist-packages/turtlesim-1.4.2-py3.10.egg-info/top_level.txt
[1.397s] -- Installing: /home/tainteli/meu_workspace_agora_vai/install/turtlesim/local/lib/python3.10/dist-packages/turtlesim-1.4.2-py3.10.egg-info/SOURCES.txt
[1.397s] -- Installing: /home/tainteli/meu_workspace_agora_vai/install/turtlesim/local/lib/python3.10/dist-packages/turtlesim-1.4.2-py3.10.egg-info/dependency_links.txt
[1.397s] -- Installing: /home/tainteli/meu_workspace_agora_vai/install/turtlesim/local/lib/python3.10/dist-packages/turtlesim-1.4.2-py3.10.egg-info/PKG-INFO
[1.397s] -- Up-to-date: /home/tainteli/meu_workspace_agora_vai/install/turtlesim/local/lib/python3.10/dist-packages/turtlesim
[1.398s] -- Up-to-date: /home/tainteli/meu_workspace_agora_vai/install/turtlesim/local/lib/python3.10/dist-packages/turtlesim/libturtlesim__rosidl_generator_py.so
[1.398s] -- Up-to-date: /home/tainteli/meu_workspace_agora_vai/install/turtlesim/local/lib/python3.10/dist-packages/turtlesim/msg
[1.398s] -- Up-to-date: /home/tainteli/meu_workspace_agora_vai/install/turtlesim/local/lib/python3.10/dist-packages/turtlesim/msg/_pose_s.c
[1.398s] -- Up-to-date: /home/tainteli/meu_workspace_agora_vai/install/turtlesim/local/lib/python3.10/dist-packages/turtlesim/msg/__init__.py
[1.398s] -- Up-to-date: /home/tainteli/meu_workspace_agora_vai/install/turtlesim/local/lib/python3.10/dist-packages/turtlesim/msg/_pose.py
[1.398s] -- Up-to-date: /home/tainteli/meu_workspace_agora_vai/install/turtlesim/local/lib/python3.10/dist-packages/turtlesim/msg/_color_s.c
[1.398s] -- Up-to-date: /home/tainteli/meu_workspace_agora_vai/install/turtlesim/local/lib/python3.10/dist-packages/turtlesim/msg/_color.py
[1.398s] -- Up-to-date: /home/tainteli/meu_workspace_agora_vai/install/turtlesim/local/lib/python3.10/dist-packages/turtlesim/__init__.py
[1.398s] -- Up-to-date: /home/tainteli/meu_workspace_agora_vai/install/turtlesim/local/lib/python3.10/dist-packages/turtlesim/turtlesim_s__rosidl_typesupport_c.cpython-310-x86_64-linux-gnu.so
[1.399s] -- Up-to-date: /home/tainteli/meu_workspace_agora_vai/install/turtlesim/local/lib/python3.10/dist-packages/turtlesim/turtlesim_s__rosidl_typesupport_fastrtps_c.cpython-310-x86_64-linux-gnu.so
[1.399s] -- Up-to-date: /home/tainteli/meu_workspace_agora_vai/install/turtlesim/local/lib/python3.10/dist-packages/turtlesim/_turtlesim_s.ep.rosidl_typesupport_fastrtps_c.c
[1.399s] -- Up-to-date: /home/tainteli/meu_workspace_agora_vai/install/turtlesim/local/lib/python3.10/dist-packages/turtlesim/_turtlesim_s.ep.rosidl_typesupport_c.c
[1.399s] -- Up-to-date: /home/tainteli/meu_workspace_agora_vai/install/turtlesim/local/lib/python3.10/dist-packages/turtlesim/action
[1.399s] -- Up-to-date: /home/tainteli/meu_workspace_agora_vai/install/turtlesim/local/lib/python3.10/dist-packages/turtlesim/action/_rotate_absolute.py
[1.399s] -- Up-to-date: /home/tainteli/meu_workspace_agora_vai/install/turtlesim/local/lib/python3.10/dist-packages/turtlesim/action/__init__.py
[1.399s] -- Up-to-date: /home/tainteli/meu_workspace_agora_vai/install/turtlesim/local/lib/python3.10/dist-packages/turtlesim/action/_rotate_absolute_s.c
[1.399s] -- Up-to-date: /home/tainteli/meu_workspace_agora_vai/install/turtlesim/local/lib/python3.10/dist-packages/turtlesim/_turtlesim_s.ep.rosidl_typesupport_introspection_c.c
[1.399s] -- Up-to-date: /home/tainteli/meu_workspace_agora_vai/install/turtlesim/local/lib/python3.10/dist-packages/turtlesim/srv
[1.399s] -- Up-to-date: /home/tainteli/meu_workspace_agora_vai/install/turtlesim/local/lib/python3.10/dist-packages/turtlesim/srv/_set_pen_s.c
[1.399s] -- Up-to-date: /home/tainteli/meu_workspace_agora_vai/install/turtlesim/local/lib/python3.10/dist-packages/turtlesim/srv/_teleport_absolute.py
[1.400s] -- Up-to-date: /home/tainteli/meu_workspace_agora_vai/install/turtlesim/local/lib/python3.10/dist-packages/turtlesim/srv/__init__.py
[1.400s] -- Up-to-date: /home/tainteli/meu_workspace_agora_vai/install/turtlesim/local/lib/python3.10/dist-packages/turtlesim/srv/_kill_s.c
[1.400s] -- Up-to-date: /home/tainteli/meu_workspace_agora_vai/install/turtlesim/local/lib/python3.10/dist-packages/turtlesim/srv/_teleport_absolute_s.c
[1.400s] -- Up-to-date: /home/tainteli/meu_workspace_agora_vai/install/turtlesim/local/lib/python3.10/dist-packages/turtlesim/srv/_teleport_relative.py
[1.400s] -- Up-to-date: /home/tainteli/meu_workspace_agora_vai/install/turtlesim/local/lib/python3.10/dist-packages/turtlesim/srv/_set_pen.py
[1.400s] -- Up-to-date: /home/tainteli/meu_workspace_agora_vai/install/turtlesim/local/lib/python3.10/dist-packages/turtlesim/srv/_spawn.py
[1.400s] -- Up-to-date: /home/tainteli/meu_workspace_agora_vai/install/turtlesim/local/lib/python3.10/dist-packages/turtlesim/srv/_teleport_relative_s.c
[1.400s] -- Up-to-date: /home/tainteli/meu_workspace_agora_vai/install/turtlesim/local/lib/python3.10/dist-packages/turtlesim/srv/_kill.py
[1.400s] -- Up-to-date: /home/tainteli/meu_workspace_agora_vai/install/turtlesim/local/lib/python3.10/dist-packages/turtlesim/srv/_spawn_s.c
[1.400s] -- Up-to-date: /home/tainteli/meu_workspace_agora_vai/install/turtlesim/local/lib/python3.10/dist-packages/turtlesim/turtlesim_s__rosidl_typesupport_introspection_c.cpython-310-x86_64-linux-gnu.so
[1.432s] Listing '/home/tainteli/meu_workspace_agora_vai/install/turtlesim/local/lib/python3.10/dist-packages/turtlesim'...
[1.432s] Listing '/home/tainteli/meu_workspace_agora_vai/install/turtlesim/local/lib/python3.10/dist-packages/turtlesim/action'...
[1.432s] Listing '/home/tainteli/meu_workspace_agora_vai/install/turtlesim/local/lib/python3.10/dist-packages/turtlesim/msg'...
[1.432s] Listing '/home/tainteli/meu_workspace_agora_vai/install/turtlesim/local/lib/python3.10/dist-packages/turtlesim/srv'...
[1.438s] -- Up-to-date: /home/tainteli/meu_workspace_agora_vai/install/turtlesim/local/lib/python3.10/dist-packages/turtlesim/turtlesim_s__rosidl_typesupport_fastrtps_c.cpython-310-x86_64-linux-gnu.so
[1.438s] -- Up-to-date: /home/tainteli/meu_workspace_agora_vai/install/turtlesim/local/lib/python3.10/dist-packages/turtlesim/turtlesim_s__rosidl_typesupport_introspection_c.cpython-310-x86_64-linux-gnu.so
[1.438s] -- Up-to-date: /home/tainteli/meu_workspace_agora_vai/install/turtlesim/local/lib/python3.10/dist-packages/turtlesim/turtlesim_s__rosidl_typesupport_c.cpython-310-x86_64-linux-gnu.so
[1.439s] -- Up-to-date: /home/tainteli/meu_workspace_agora_vai/install/turtlesim/lib/libturtlesim__rosidl_generator_py.so
[1.439s] -- Up-to-date: /home/tainteli/meu_workspace_agora_vai/install/turtlesim/share/turtlesim/action/RotateAbsolute.idl
[1.440s] -- Up-to-date: /home/tainteli/meu_workspace_agora_vai/install/turtlesim/share/turtlesim/msg/Color.idl
[1.440s] -- Up-to-date: /home/tainteli/meu_workspace_agora_vai/install/turtlesim/share/turtlesim/msg/Pose.idl
[1.440s] -- Up-to-date: /home/tainteli/meu_workspace_agora_vai/install/turtlesim/share/turtlesim/srv/Kill.idl
[1.440s] -- Up-to-date: /home/tainteli/meu_workspace_agora_vai/install/turtlesim/share/turtlesim/srv/SetPen.idl
[1.440s] -- Up-to-date: /home/tainteli/meu_workspace_agora_vai/install/turtlesim/share/turtlesim/srv/Spawn.idl
[1.440s] -- Up-to-date: /home/tainteli/meu_workspace_agora_vai/install/turtlesim/share/turtlesim/srv/TeleportAbsolute.idl
[1.441s] -- Up-to-date: /home/tainteli/meu_workspace_agora_vai/install/turtlesim/share/turtlesim/srv/TeleportRelative.idl
[1.441s] -- Up-to-date: /home/tainteli/meu_workspace_agora_vai/install/turtlesim/share/turtlesim/action/RotateAbsolute.action
[1.441s] -- Up-to-date: /home/tainteli/meu_workspace_agora_vai/install/turtlesim/share/turtlesim/msg/Color.msg
[1.441s] -- Up-to-date: /home/tainteli/meu_workspace_agora_vai/install/turtlesim/share/turtlesim/msg/Pose.msg
[1.441s] -- Up-to-date: /home/tainteli/meu_workspace_agora_vai/install/turtlesim/share/turtlesim/srv/Kill.srv
[1.442s] -- Up-to-date: /home/tainteli/meu_workspace_agora_vai/install/turtlesim/share/turtlesim/srv/Kill_Request.msg
[1.442s] -- Up-to-date: /home/tainteli/meu_workspace_agora_vai/install/turtlesim/share/turtlesim/srv/Kill_Response.msg
[1.442s] -- Up-to-date: /home/tainteli/meu_workspace_agora_vai/install/turtlesim/share/turtlesim/srv/SetPen.srv
[1.442s] -- Up-to-date: /home/tainteli/meu_workspace_agora_vai/install/turtlesim/share/turtlesim/srv/SetPen_Request.msg
[1.443s] -- Up-to-date: /home/tainteli/meu_workspace_agora_vai/install/turtlesim/share/turtlesim/srv/SetPen_Response.msg
[1.443s] -- Up-to-date: /home/tainteli/meu_workspace_agora_vai/install/turtlesim/share/turtlesim/srv/Spawn.srv
[1.443s] -- Up-to-date: /home/tainteli/meu_workspace_agora_vai/install/turtlesim/share/turtlesim/srv/Spawn_Request.msg
[1.443s] -- Up-to-date: /home/tainteli/meu_workspace_agora_vai/install/turtlesim/share/turtlesim/srv/Spawn_Response.msg
[1.443s] -- Up-to-date: /home/tainteli/meu_workspace_agora_vai/install/turtlesim/share/turtlesim/srv/TeleportAbsolute.srv
[1.444s] -- Up-to-date: /home/tainteli/meu_workspace_agora_vai/install/turtlesim/share/turtlesim/srv/TeleportAbsolute_Request.msg
[1.444s] -- Up-to-date: /home/tainteli/meu_workspace_agora_vai/install/turtlesim/share/turtlesim/srv/TeleportAbsolute_Response.msg
[1.444s] -- Up-to-date: /home/tainteli/meu_workspace_agora_vai/install/turtlesim/share/turtlesim/srv/TeleportRelative.srv
[1.444s] -- Up-to-date: /home/tainteli/meu_workspace_agora_vai/install/turtlesim/share/turtlesim/srv/TeleportRelative_Request.msg
[1.444s] -- Up-to-date: /home/tainteli/meu_workspace_agora_vai/install/turtlesim/share/turtlesim/srv/TeleportRelative_Response.msg
[1.444s] -- Up-to-date: /home/tainteli/meu_workspace_agora_vai/install/turtlesim/lib/turtlesim/turtlesim_node
[1.445s] -- Up-to-date: /home/tainteli/meu_workspace_agora_vai/install/turtlesim/lib/turtlesim/turtle_teleop_key
[1.445s] -- Up-to-date: /home/tainteli/meu_workspace_agora_vai/install/turtlesim/lib/turtlesim/draw_square
[1.445s] -- Up-to-date: /home/tainteli/meu_workspace_agora_vai/install/turtlesim/lib/turtlesim/mimic
[1.445s] -- Up-to-date: /home/tainteli/meu_workspace_agora_vai/install/turtlesim/share/turtlesim/images
[1.445s] -- Up-to-date: /home/tainteli/meu_workspace_agora_vai/install/turtlesim/share/turtlesim/images/crystal.png
[1.445s] -- Up-to-date: /home/tainteli/meu_workspace_agora_vai/install/turtlesim/share/turtlesim/images/rolling.png
[1.446s] -- Up-to-date: /home/tainteli/meu_workspace_agora_vai/install/turtlesim/share/turtlesim/images/eloquent.png
[1.446s] -- Up-to-date: /home/tainteli/meu_workspace_agora_vai/install/turtlesim/share/turtlesim/images/ardent.png
[1.446s] -- Up-to-date: /home/tainteli/meu_workspace_agora_vai/install/turtlesim/share/turtlesim/images/bouncy.png
[1.446s] -- Up-to-date: /home/tainteli/meu_workspace_agora_vai/install/turtlesim/share/turtlesim/images/dashing.png
[1.446s] -- Up-to-date: /home/tainteli/meu_workspace_agora_vai/install/turtlesim/share/turtlesim/images/humble.png
[1.447s] -- Up-to-date: /home/tainteli/meu_workspace_agora_vai/install/turtlesim/share/turtlesim/images/galactic.png
[1.447s] -- Up-to-date: /home/tainteli/meu_workspace_agora_vai/install/turtlesim/share/turtlesim/images/foxy.png
[1.447s] -- Up-to-date: /home/tainteli/meu_workspace_agora_vai/install/turtlesim/share/turtlesim/launch
[1.447s] -- Up-to-date: /home/tainteli/meu_workspace_agora_vai/install/turtlesim/share/turtlesim/launch/multisim.launch.py
[1.447s] -- Up-to-date: /home/tainteli/meu_workspace_agora_vai/install/turtlesim/share/ament_index/resource_index/package_run_dependencies/turtlesim
[1.447s] -- Up-to-date: /home/tainteli/meu_workspace_agora_vai/install/turtlesim/share/ament_index/resource_index/parent_prefix_path/turtlesim
[1.448s] -- Up-to-date: /home/tainteli/meu_workspace_agora_vai/install/turtlesim/share/turtlesim/environment/ament_prefix_path.sh
[1.449s] -- Up-to-date: /home/tainteli/meu_workspace_agora_vai/install/turtlesim/share/turtlesim/environment/ament_prefix_path.dsv
[1.449s] -- Up-to-date: /home/tainteli/meu_workspace_agora_vai/install/turtlesim/share/turtlesim/environment/path.sh
[1.449s] -- Up-to-date: /home/tainteli/meu_workspace_agora_vai/install/turtlesim/share/turtlesim/environment/path.dsv
[1.449s] -- Up-to-date: /home/tainteli/meu_workspace_agora_vai/install/turtlesim/share/turtlesim/local_setup.bash
[1.449s] -- Up-to-date: /home/tainteli/meu_workspace_agora_vai/install/turtlesim/share/turtlesim/local_setup.sh
[1.450s] -- Up-to-date: /home/tainteli/meu_workspace_agora_vai/install/turtlesim/share/turtlesim/local_setup.zsh
[1.450s] -- Up-to-date: /home/tainteli/meu_workspace_agora_vai/install/turtlesim/share/turtlesim/local_setup.dsv
[1.450s] -- Installing: /home/tainteli/meu_workspace_agora_vai/install/turtlesim/share/turtlesim/package.dsv
[1.450s] -- Up-to-date: /home/tainteli/meu_workspace_agora_vai/install/turtlesim/share/ament_index/resource_index/packages/turtlesim
[1.450s] -- Up-to-date: /home/tainteli/meu_workspace_agora_vai/install/turtlesim/share/turtlesim/cmake/export_turtlesim__rosidl_generator_cExport.cmake
[1.450s] -- Up-to-date: /home/tainteli/meu_workspace_agora_vai/install/turtlesim/share/turtlesim/cmake/export_turtlesim__rosidl_generator_cExport-noconfig.cmake
[1.450s] -- Up-to-date: /home/tainteli/meu_workspace_agora_vai/install/turtlesim/share/turtlesim/cmake/export_turtlesim__rosidl_typesupport_fastrtps_cExport.cmake
[1.450s] -- Up-to-date: /home/tainteli/meu_workspace_agora_vai/install/turtlesim/share/turtlesim/cmake/export_turtlesim__rosidl_typesupport_fastrtps_cExport-noconfig.cmake
[1.450s] -- Up-to-date: /home/tainteli/meu_workspace_agora_vai/install/turtlesim/share/turtlesim/cmake/export_turtlesim__rosidl_generator_cppExport.cmake
[1.451s] -- Up-to-date: /home/tainteli/meu_workspace_agora_vai/install/turtlesim/share/turtlesim/cmake/export_turtlesim__rosidl_typesupport_fastrtps_cppExport.cmake
[1.451s] -- Up-to-date: /home/tainteli/meu_workspace_agora_vai/install/turtlesim/share/turtlesim/cmake/export_turtlesim__rosidl_typesupport_fastrtps_cppExport-noconfig.cmake
[1.451s] -- Up-to-date: /home/tainteli/meu_workspace_agora_vai/install/turtlesim/share/turtlesim/cmake/turtlesim__rosidl_typesupport_introspection_cExport.cmake
[1.451s] -- Up-to-date: /home/tainteli/meu_workspace_agora_vai/install/turtlesim/share/turtlesim/cmake/turtlesim__rosidl_typesupport_introspection_cExport-noconfig.cmake
[1.452s] -- Up-to-date: /home/tainteli/meu_workspace_agora_vai/install/turtlesim/share/turtlesim/cmake/turtlesim__rosidl_typesupport_cExport.cmake
[1.452s] -- Up-to-date: /home/tainteli/meu_workspace_agora_vai/install/turtlesim/share/turtlesim/cmake/turtlesim__rosidl_typesupport_cExport-noconfig.cmake
[1.453s] -- Up-to-date: /home/tainteli/meu_workspace_agora_vai/install/turtlesim/share/turtlesim/cmake/turtlesim__rosidl_typesupport_introspection_cppExport.cmake
[1.453s] -- Up-to-date: /home/tainteli/meu_workspace_agora_vai/install/turtlesim/share/turtlesim/cmake/turtlesim__rosidl_typesupport_introspection_cppExport-noconfig.cmake
[1.453s] -- Up-to-date: /home/tainteli/meu_workspace_agora_vai/install/turtlesim/share/turtlesim/cmake/turtlesim__rosidl_typesupport_cppExport.cmake
[1.454s] -- Up-to-date: /home/tainteli/meu_workspace_agora_vai/install/turtlesim/share/turtlesim/cmake/turtlesim__rosidl_typesupport_cppExport-noconfig.cmake
[1.455s] -- Up-to-date: /home/tainteli/meu_workspace_agora_vai/install/turtlesim/share/turtlesim/cmake/export_turtlesim__rosidl_generator_pyExport.cmake
[1.456s] -- Up-to-date: /home/tainteli/meu_workspace_agora_vai/install/turtlesim/share/turtlesim/cmake/export_turtlesim__rosidl_generator_pyExport-noconfig.cmake
[1.456s] -- Up-to-date: /home/tainteli/meu_workspace_agora_vai/install/turtlesim/share/turtlesim/cmake/rosidl_cmake-extras.cmake
[1.456s] -- Up-to-date: /home/tainteli/meu_workspace_agora_vai/install/turtlesim/share/turtlesim/cmake/ament_cmake_export_dependencies-extras.cmake
[1.456s] -- Up-to-date: /home/tainteli/meu_workspace_agora_vai/install/turtlesim/share/turtlesim/cmake/ament_cmake_export_include_directories-extras.cmake
[1.457s] -- Up-to-date: /home/tainteli/meu_workspace_agora_vai/install/turtlesim/share/turtlesim/cmake/ament_cmake_export_libraries-extras.cmake
[1.457s] -- Up-to-date: /home/tainteli/meu_workspace_agora_vai/install/turtlesim/share/turtlesim/cmake/ament_cmake_export_targets-extras.cmake
[1.457s] -- Up-to-date: /home/tainteli/meu_workspace_agora_vai/install/turtlesim/share/turtlesim/cmake/rosidl_cmake_export_typesupport_targets-extras.cmake
[1.457s] -- Up-to-date: /home/tainteli/meu_workspace_agora_vai/install/turtlesim/share/turtlesim/cmake/rosidl_cmake_export_typesupport_libraries-extras.cmake
[1.457s] -- Up-to-date: /home/tainteli/meu_workspace_agora_vai/install/turtlesim/share/turtlesim/cmake/turtlesimConfig.cmake
[1.458s] -- Up-to-date: /home/tainteli/meu_workspace_agora_vai/install/turtlesim/share/turtlesim/cmake/turtlesimConfig-version.cmake
[1.458s] -- Up-to-date: /home/tainteli/meu_workspace_agora_vai/install/turtlesim/share/turtlesim/package.xml
[1.458s] Invoked command in '/home/tainteli/meu_workspace_agora_vai/build/turtlesim' returned '0': CMAKE_PREFIX_PATH=/opt/ros/humble /home/tainteli/.local/bin/cmake --install /home/tainteli/meu_workspace_agora_vai/build/turtlesim
