[1.253s] DEBUG:colcon:Command line arguments: ['/usr/bin/colcon', 'build']
[1.253s] DEBUG:colcon:Parsed command line arguments: Namespace(log_base=None, log_level=None, verb_name='build', build_base='build', install_base='install', merge_install=False, symlink_install=False, test_result_base=None, continue_on_error=False, executor='parallel', parallel_workers=8, event_handlers=None, ignore_user_meta=False, metas=['./colcon.meta'], base_paths=['.'], packages_ignore=None, packages_ignore_regex=None, paths=None, packages_up_to=None, packages_up_to_regex=None, packages_above=None, packages_above_and_dependencies=None, packages_above_depth=None, packages_select_by_dep=None, packages_skip_by_dep=None, packages_skip_up_to=None, packages_select_build_failed=False, packages_skip_build_finished=False, packages_select_test_failures=False, packages_skip_test_passed=False, packages_select=None, packages_skip=None, packages_select_regex=None, packages_skip_regex=None, packages_start=None, packages_end=None, allow_overriding=[], cmake_args=None, cmake_target=None, cmake_target_skip_unavailable=False, cmake_clean_cache=False, cmake_clean_first=False, cmake_force_configure=False, ament_cmake_args=None, catkin_cmake_args=None, catkin_skip_building_tests=False, verb_parser=<colcon_defaults.argument_parser.defaults.DefaultArgumentsDecorator object at 0x7f920997c0d0>, verb_extension=<colcon_core.verb.build.BuildVerb object at 0x7f920997cf70>, main=<bound method BuildVerb.main of <colcon_core.verb.build.BuildVerb object at 0x7f920997cf70>>)
[1.300s] Level 1:colcon.colcon_core.package_discovery:discover_packages(colcon_meta) check parameters
[1.300s] Level 1:colcon.colcon_core.package_discovery:discover_packages(recursive) check parameters
[1.300s] Level 1:colcon.colcon_core.package_discovery:discover_packages(ignore) check parameters
[1.300s] Level 1:colcon.colcon_core.package_discovery:discover_packages(path) check parameters
[1.300s] Level 1:colcon.colcon_core.package_discovery:discover_packages(colcon_meta) discover
[1.300s] Level 1:colcon.colcon_core.package_discovery:discover_packages(recursive) discover
[1.300s] INFO:colcon.colcon_core.package_discovery:Crawling recursively for packages in '/home/tainteli/meu_workspace_agora_vai'
[1.300s] Level 1:colcon.colcon_core.package_identification:_identify(.) by extensions ['ignore', 'ignore_ament_install']
[1.300s] Level 1:colcon.colcon_core.package_identification:_identify(.) by extension 'ignore'
[1.300s] Level 1:colcon.colcon_core.package_identification:_identify(.) by extension 'ignore_ament_install'
[1.301s] Level 1:colcon.colcon_core.package_identification:_identify(.) by extensions ['colcon_pkg']
[1.301s] Level 1:colcon.colcon_core.package_identification:_identify(.) by extension 'colcon_pkg'
[1.301s] Level 1:colcon.colcon_core.package_identification:_identify(.) by extensions ['colcon_meta']
[1.301s] Level 1:colcon.colcon_core.package_identification:_identify(.) by extension 'colcon_meta'
[1.301s] Level 1:colcon.colcon_core.package_identification:_identify(.) by extensions ['ros']
[1.301s] Level 1:colcon.colcon_core.package_identification:_identify(.) by extension 'ros'
[1.314s] Level 1:colcon.colcon_core.package_identification:_identify(.) by extensions ['cmake', 'python']
[1.314s] Level 1:colcon.colcon_core.package_identification:_identify(.) by extension 'cmake'
[1.314s] Level 1:colcon.colcon_core.package_identification:_identify(.) by extension 'python'
[1.314s] Level 1:colcon.colcon_core.package_identification:_identify(.) by extensions ['python_setup_py']
[1.314s] Level 1:colcon.colcon_core.package_identification:_identify(.) by extension 'python_setup_py'
[1.314s] Level 1:colcon.colcon_core.package_identification:_identify(build) by extensions ['ignore', 'ignore_ament_install']
[1.315s] Level 1:colcon.colcon_core.package_identification:_identify(build) by extension 'ignore'
[1.315s] Level 1:colcon.colcon_core.package_identification:_identify(build) ignored
[1.315s] Level 1:colcon.colcon_core.package_identification:_identify(install) by extensions ['ignore', 'ignore_ament_install']
[1.315s] Level 1:colcon.colcon_core.package_identification:_identify(install) by extension 'ignore'
[1.315s] Level 1:colcon.colcon_core.package_identification:_identify(install) ignored
[1.315s] Level 1:colcon.colcon_core.package_identification:_identify(log) by extensions ['ignore', 'ignore_ament_install']
[1.315s] Level 1:colcon.colcon_core.package_identification:_identify(log) by extension 'ignore'
[1.315s] Level 1:colcon.colcon_core.package_identification:_identify(log) ignored
[1.315s] Level 1:colcon.colcon_core.package_identification:_identify(my_package) by extensions ['ignore', 'ignore_ament_install']
[1.316s] Level 1:colcon.colcon_core.package_identification:_identify(my_package) by extension 'ignore'
[1.316s] Level 1:colcon.colcon_core.package_identification:_identify(my_package) by extension 'ignore_ament_install'
[1.316s] Level 1:colcon.colcon_core.package_identification:_identify(my_package) by extensions ['colcon_pkg']
[1.316s] Level 1:colcon.colcon_core.package_identification:_identify(my_package) by extension 'colcon_pkg'
[1.316s] Level 1:colcon.colcon_core.package_identification:_identify(my_package) by extensions ['colcon_meta']
[1.316s] Level 1:colcon.colcon_core.package_identification:_identify(my_package) by extension 'colcon_meta'
[1.316s] Level 1:colcon.colcon_core.package_identification:_identify(my_package) by extensions ['ros']
[1.316s] Level 1:colcon.colcon_core.package_identification:_identify(my_package) by extension 'ros'
[1.320s] DEBUG:colcon.colcon_core.package_identification:Package 'my_package' with type 'ros.ament_python' and name 'my_package'
[1.320s] Level 1:colcon.colcon_core.package_identification:_identify(src) by extensions ['ignore', 'ignore_ament_install']
[1.320s] Level 1:colcon.colcon_core.package_identification:_identify(src) by extension 'ignore'
[1.320s] Level 1:colcon.colcon_core.package_identification:_identify(src) by extension 'ignore_ament_install'
[1.320s] Level 1:colcon.colcon_core.package_identification:_identify(src) by extensions ['colcon_pkg']
[1.320s] Level 1:colcon.colcon_core.package_identification:_identify(src) by extension 'colcon_pkg'
[1.320s] Level 1:colcon.colcon_core.package_identification:_identify(src) by extensions ['colcon_meta']
[1.320s] Level 1:colcon.colcon_core.package_identification:_identify(src) by extension 'colcon_meta'
[1.320s] Level 1:colcon.colcon_core.package_identification:_identify(src) by extensions ['ros']
[1.320s] Level 1:colcon.colcon_core.package_identification:_identify(src) by extension 'ros'
[1.320s] Level 1:colcon.colcon_core.package_identification:_identify(src) by extensions ['cmake', 'python']
[1.320s] Level 1:colcon.colcon_core.package_identification:_identify(src) by extension 'cmake'
[1.320s] Level 1:colcon.colcon_core.package_identification:_identify(src) by extension 'python'
[1.320s] Level 1:colcon.colcon_core.package_identification:_identify(src) by extensions ['python_setup_py']
[1.320s] Level 1:colcon.colcon_core.package_identification:_identify(src) by extension 'python_setup_py'
[1.320s] Level 1:colcon.colcon_core.package_identification:_identify(src/ola_mundo) by extensions ['ignore', 'ignore_ament_install']
[1.321s] Level 1:colcon.colcon_core.package_identification:_identify(src/ola_mundo) by extension 'ignore'
[1.321s] Level 1:colcon.colcon_core.package_identification:_identify(src/ola_mundo) by extension 'ignore_ament_install'
[1.321s] Level 1:colcon.colcon_core.package_identification:_identify(src/ola_mundo) by extensions ['colcon_pkg']
[1.321s] Level 1:colcon.colcon_core.package_identification:_identify(src/ola_mundo) by extension 'colcon_pkg'
[1.321s] Level 1:colcon.colcon_core.package_identification:_identify(src/ola_mundo) by extensions ['colcon_meta']
[1.321s] Level 1:colcon.colcon_core.package_identification:_identify(src/ola_mundo) by extension 'colcon_meta'
[1.321s] Level 1:colcon.colcon_core.package_identification:_identify(src/ola_mundo) by extensions ['ros']
[1.321s] Level 1:colcon.colcon_core.package_identification:_identify(src/ola_mundo) by extension 'ros'
[1.321s] DEBUG:colcon.colcon_core.package_identification:Package 'src/ola_mundo' with type 'ros.ament_python' and name 'ola_mundo'
[1.321s] Level 1:colcon.colcon_core.package_identification:_identify(src/ros_tutorials) by extensions ['ignore', 'ignore_ament_install']
[1.321s] Level 1:colcon.colcon_core.package_identification:_identify(src/ros_tutorials) by extension 'ignore'
[1.322s] Level 1:colcon.colcon_core.package_identification:_identify(src/ros_tutorials) by extension 'ignore_ament_install'
[1.322s] Level 1:colcon.colcon_core.package_identification:_identify(src/ros_tutorials) by extensions ['colcon_pkg']
[1.322s] Level 1:colcon.colcon_core.package_identification:_identify(src/ros_tutorials) by extension 'colcon_pkg'
[1.322s] Level 1:colcon.colcon_core.package_identification:_identify(src/ros_tutorials) by extensions ['colcon_meta']
[1.322s] Level 1:colcon.colcon_core.package_identification:_identify(src/ros_tutorials) by extension 'colcon_meta'
[1.322s] Level 1:colcon.colcon_core.package_identification:_identify(src/ros_tutorials) by extensions ['ros']
[1.322s] Level 1:colcon.colcon_core.package_identification:_identify(src/ros_tutorials) by extension 'ros'
[1.322s] Level 1:colcon.colcon_core.package_identification:_identify(src/ros_tutorials) by extensions ['cmake', 'python']
[1.322s] Level 1:colcon.colcon_core.package_identification:_identify(src/ros_tutorials) by extension 'cmake'
[1.322s] Level 1:colcon.colcon_core.package_identification:_identify(src/ros_tutorials) by extension 'python'
[1.322s] Level 1:colcon.colcon_core.package_identification:_identify(src/ros_tutorials) by extensions ['python_setup_py']
[1.322s] Level 1:colcon.colcon_core.package_identification:_identify(src/ros_tutorials) by extension 'python_setup_py'
[1.322s] Level 1:colcon.colcon_core.package_identification:_identify(src/ros_tutorials/ros_tutorials) by extensions ['ignore', 'ignore_ament_install']
[1.322s] Level 1:colcon.colcon_core.package_identification:_identify(src/ros_tutorials/ros_tutorials) by extension 'ignore'
[1.322s] Level 1:colcon.colcon_core.package_identification:_identify(src/ros_tutorials/ros_tutorials) ignored
[1.322s] Level 1:colcon.colcon_core.package_identification:_identify(src/ros_tutorials/roscpp_tutorials) by extensions ['ignore', 'ignore_ament_install']
[1.322s] Level 1:colcon.colcon_core.package_identification:_identify(src/ros_tutorials/roscpp_tutorials) by extension 'ignore'
[1.322s] Level 1:colcon.colcon_core.package_identification:_identify(src/ros_tutorials/roscpp_tutorials) ignored
[1.322s] Level 1:colcon.colcon_core.package_identification:_identify(src/ros_tutorials/rospy_tutorials) by extensions ['ignore', 'ignore_ament_install']
[1.322s] Level 1:colcon.colcon_core.package_identification:_identify(src/ros_tutorials/rospy_tutorials) by extension 'ignore'
[1.322s] Level 1:colcon.colcon_core.package_identification:_identify(src/ros_tutorials/rospy_tutorials) ignored
[1.323s] Level 1:colcon.colcon_core.package_identification:_identify(src/ros_tutorials/turtlesim) by extensions ['ignore', 'ignore_ament_install']
[1.323s] Level 1:colcon.colcon_core.package_identification:_identify(src/ros_tutorials/turtlesim) by extension 'ignore'
[1.323s] Level 1:colcon.colcon_core.package_identification:_identify(src/ros_tutorials/turtlesim) by extension 'ignore_ament_install'
[1.323s] Level 1:colcon.colcon_core.package_identification:_identify(src/ros_tutorials/turtlesim) by extensions ['colcon_pkg']
[1.323s] Level 1:colcon.colcon_core.package_identification:_identify(src/ros_tutorials/turtlesim) by extension 'colcon_pkg'
[1.323s] Level 1:colcon.colcon_core.package_identification:_identify(src/ros_tutorials/turtlesim) by extensions ['colcon_meta']
[1.323s] Level 1:colcon.colcon_core.package_identification:_identify(src/ros_tutorials/turtlesim) by extension 'colcon_meta'
[1.323s] Level 1:colcon.colcon_core.package_identification:_identify(src/ros_tutorials/turtlesim) by extensions ['ros']
[1.323s] Level 1:colcon.colcon_core.package_identification:_identify(src/ros_tutorials/turtlesim) by extension 'ros'
[1.324s] DEBUG:colcon.colcon_core.package_identification:Package 'src/ros_tutorials/turtlesim' with type 'ros.ament_cmake' and name 'turtlesim'
[1.324s] Level 1:colcon.colcon_core.package_discovery:discover_packages(recursive) using defaults
[1.324s] Level 1:colcon.colcon_core.package_discovery:discover_packages(ignore) discover
[1.324s] Level 1:colcon.colcon_core.package_discovery:discover_packages(ignore) using defaults
[1.324s] Level 1:colcon.colcon_core.package_discovery:discover_packages(path) discover
[1.324s] Level 1:colcon.colcon_core.package_discovery:discover_packages(path) using defaults
[1.423s] Level 1:colcon.colcon_core.package_discovery:discover_packages(prefix_path) check parameters
[1.423s] Level 1:colcon.colcon_core.package_discovery:discover_packages(prefix_path) discover
[1.454s] DEBUG:colcon.colcon_installed_package_information.package_discovery:Found 262 installed packages in /opt/ros/humble
[1.455s] Level 1:colcon.colcon_core.package_discovery:discover_packages(prefix_path) using defaults
[1.564s] Level 5:colcon.colcon_core.verb:set package 'my_package' build argument 'cmake_args' from command line to 'None'
[1.564s] Level 5:colcon.colcon_core.verb:set package 'my_package' build argument 'cmake_target' from command line to 'None'
[1.564s] Level 5:colcon.colcon_core.verb:set package 'my_package' build argument 'cmake_target_skip_unavailable' from command line to 'False'
[1.564s] Level 5:colcon.colcon_core.verb:set package 'my_package' build argument 'cmake_clean_cache' from command line to 'False'
[1.564s] Level 5:colcon.colcon_core.verb:set package 'my_package' build argument 'cmake_clean_first' from command line to 'False'
[1.564s] Level 5:colcon.colcon_core.verb:set package 'my_package' build argument 'cmake_force_configure' from command line to 'False'
[1.564s] Level 5:colcon.colcon_core.verb:set package 'my_package' build argument 'ament_cmake_args' from command line to 'None'
[1.564s] Level 5:colcon.colcon_core.verb:set package 'my_package' build argument 'catkin_cmake_args' from command line to 'None'
[1.564s] Level 5:colcon.colcon_core.verb:set package 'my_package' build argument 'catkin_skip_building_tests' from command line to 'False'
[1.564s] DEBUG:colcon.colcon_core.verb:Building package 'my_package' with the following arguments: {'ament_cmake_args': None, 'build_base': '/home/tainteli/meu_workspace_agora_vai/build/my_package', 'catkin_cmake_args': None, 'catkin_skip_building_tests': False, 'cmake_args': None, 'cmake_clean_cache': False, 'cmake_clean_first': False, 'cmake_force_configure': False, 'cmake_target': None, 'cmake_target_skip_unavailable': False, 'install_base': '/home/tainteli/meu_workspace_agora_vai/install/my_package', 'merge_install': False, 'path': '/home/tainteli/meu_workspace_agora_vai/my_package', 'symlink_install': False, 'test_result_base': None}
[1.582s] Level 5:colcon.colcon_core.verb:set package 'ola_mundo' build argument 'cmake_args' from command line to 'None'
[1.582s] Level 5:colcon.colcon_core.verb:set package 'ola_mundo' build argument 'cmake_target' from command line to 'None'
[1.582s] Level 5:colcon.colcon_core.verb:set package 'ola_mundo' build argument 'cmake_target_skip_unavailable' from command line to 'False'
[1.582s] Level 5:colcon.colcon_core.verb:set package 'ola_mundo' build argument 'cmake_clean_cache' from command line to 'False'
[1.582s] Level 5:colcon.colcon_core.verb:set package 'ola_mundo' build argument 'cmake_clean_first' from command line to 'False'
[1.582s] Level 5:colcon.colcon_core.verb:set package 'ola_mundo' build argument 'cmake_force_configure' from command line to 'False'
[1.582s] Level 5:colcon.colcon_core.verb:set package 'ola_mundo' build argument 'ament_cmake_args' from command line to 'None'
[1.582s] Level 5:colcon.colcon_core.verb:set package 'ola_mundo' build argument 'catkin_cmake_args' from command line to 'None'
[1.582s] Level 5:colcon.colcon_core.verb:set package 'ola_mundo' build argument 'catkin_skip_building_tests' from command line to 'False'
[1.582s] DEBUG:colcon.colcon_core.verb:Building package 'ola_mundo' with the following arguments: {'ament_cmake_args': None, 'build_base': '/home/tainteli/meu_workspace_agora_vai/build/ola_mundo', 'catkin_cmake_args': None, 'catkin_skip_building_tests': False, 'cmake_args': None, 'cmake_clean_cache': False, 'cmake_clean_first': False, 'cmake_force_configure': False, 'cmake_target': None, 'cmake_target_skip_unavailable': False, 'install_base': '/home/tainteli/meu_workspace_agora_vai/install/ola_mundo', 'merge_install': False, 'path': '/home/tainteli/meu_workspace_agora_vai/src/ola_mundo', 'symlink_install': False, 'test_result_base': None}
[1.614s] Level 5:colcon.colcon_core.verb:set package 'turtlesim' build argument 'cmake_args' from command line to 'None'
[1.615s] Level 5:colcon.colcon_core.verb:set package 'turtlesim' build argument 'cmake_target' from command line to 'None'
[1.615s] Level 5:colcon.colcon_core.verb:set package 'turtlesim' build argument 'cmake_target_skip_unavailable' from command line to 'False'
[1.615s] Level 5:colcon.colcon_core.verb:set package 'turtlesim' build argument 'cmake_clean_cache' from command line to 'False'
[1.615s] Level 5:colcon.colcon_core.verb:set package 'turtlesim' build argument 'cmake_clean_first' from command line to 'False'
[1.615s] Level 5:colcon.colcon_core.verb:set package 'turtlesim' build argument 'cmake_force_configure' from command line to 'False'
[1.615s] Level 5:colcon.colcon_core.verb:set package 'turtlesim' build argument 'ament_cmake_args' from command line to 'None'
[1.615s] Level 5:colcon.colcon_core.verb:set package 'turtlesim' build argument 'catkin_cmake_args' from command line to 'None'
[1.615s] Level 5:colcon.colcon_core.verb:set package 'turtlesim' build argument 'catkin_skip_building_tests' from command line to 'False'
[1.615s] DEBUG:colcon.colcon_core.verb:Building package 'turtlesim' with the following arguments: {'ament_cmake_args': None, 'build_base': '/home/tainteli/meu_workspace_agora_vai/build/turtlesim', 'catkin_cmake_args': None, 'catkin_skip_building_tests': False, 'cmake_args': None, 'cmake_clean_cache': False, 'cmake_clean_first': False, 'cmake_force_configure': False, 'cmake_target': None, 'cmake_target_skip_unavailable': False, 'install_base': '/home/tainteli/meu_workspace_agora_vai/install/turtlesim', 'merge_install': False, 'path': '/home/tainteli/meu_workspace_agora_vai/src/ros_tutorials/turtlesim', 'symlink_install': False, 'test_result_base': None}
[1.636s] INFO:colcon.colcon_core.executor:Executing jobs using 'parallel' executor
[1.689s] DEBUG:colcon.colcon_parallel_executor.executor.parallel:run_until_complete
[1.690s] INFO:colcon.colcon_ros.task.ament_python.build:Building ROS package in '/home/tainteli/meu_workspace_agora_vai/my_package' with build type 'ament_python'
[1.690s] Level 1:colcon.colcon_core.shell:create_environment_hook('my_package', 'ament_prefix_path')
[1.741s] INFO:colcon.colcon_core.plugin_system:Skipping extension 'colcon_core.shell.bat': Not used on non-Windows systems
[1.742s] INFO:colcon.colcon_core.shell:Creating environment hook '/home/tainteli/meu_workspace_agora_vai/install/my_package/share/my_package/hook/ament_prefix_path.ps1'
[1.744s] INFO:colcon.colcon_core.shell:Creating environment descriptor '/home/tainteli/meu_workspace_agora_vai/install/my_package/share/my_package/hook/ament_prefix_path.dsv'
[1.745s] INFO:colcon.colcon_core.shell:Creating environment hook '/home/tainteli/meu_workspace_agora_vai/install/my_package/share/my_package/hook/ament_prefix_path.sh'
[1.767s] INFO:colcon.colcon_core.shell:Skip shell extension 'powershell' for command environment: Not usable outside of PowerShell
[1.767s] DEBUG:colcon.colcon_core.shell:Skip shell extension 'dsv' for command environment
[1.794s] INFO:colcon.colcon_ros.task.ament_python.build:Building ROS package in '/home/tainteli/meu_workspace_agora_vai/src/ola_mundo' with build type 'ament_python'
[1.794s] Level 1:colcon.colcon_core.shell:create_environment_hook('ola_mundo', 'ament_prefix_path')
[1.811s] INFO:colcon.colcon_core.shell:Creating environment hook '/home/tainteli/meu_workspace_agora_vai/install/ola_mundo/share/ola_mundo/hook/ament_prefix_path.ps1'
[1.812s] INFO:colcon.colcon_core.shell:Creating environment descriptor '/home/tainteli/meu_workspace_agora_vai/install/ola_mundo/share/ola_mundo/hook/ament_prefix_path.dsv'
[1.813s] INFO:colcon.colcon_core.shell:Creating environment hook '/home/tainteli/meu_workspace_agora_vai/install/ola_mundo/share/ola_mundo/hook/ament_prefix_path.sh'
[1.830s] INFO:colcon.colcon_core.shell:Skip shell extension 'powershell' for command environment: Not usable outside of PowerShell
[1.830s] DEBUG:colcon.colcon_core.shell:Skip shell extension 'dsv' for command environment
[1.867s] INFO:colcon.colcon_ros.task.ament_cmake.build:Building ROS package in '/home/tainteli/meu_workspace_agora_vai/src/ros_tutorials/turtlesim' with build type 'ament_cmake'
[1.868s] INFO:colcon.colcon_cmake.task.cmake.build:Building CMake package in '/home/tainteli/meu_workspace_agora_vai/src/ros_tutorials/turtlesim'
[1.878s] INFO:colcon.colcon_core.shell:Skip shell extension 'powershell' for command environment: Not usable outside of PowerShell
[1.878s] DEBUG:colcon.colcon_core.shell:Skip shell extension 'dsv' for command environment
[2.353s] INFO:colcon.colcon_core.task.python.build:Building Python package in '/home/tainteli/meu_workspace_agora_vai/my_package'
[2.369s] INFO:colcon.colcon_core.shell:Skip shell extension 'powershell' for command environment: Not usable outside of PowerShell
[2.369s] DEBUG:colcon.colcon_core.shell:Skip shell extension 'dsv' for command environment
[2.785s] INFO:colcon.colcon_core.task.python.build:Building Python package in '/home/tainteli/meu_workspace_agora_vai/src/ola_mundo'
[2.798s] INFO:colcon.colcon_core.shell:Skip shell extension 'powershell' for command environment: Not usable outside of PowerShell
[2.798s] DEBUG:colcon.colcon_core.shell:Skip shell extension 'dsv' for command environment
[2.831s] DEBUG:colcon.colcon_core.event_handler.log_command:Invoking command in '/home/tainteli/meu_workspace_agora_vai/build/turtlesim': CMAKE_PREFIX_PATH=/opt/ros/humble /home/tainteli/.local/bin/cmake --build /home/tainteli/meu_workspace_agora_vai/build/turtlesim -- -j8 -l8
[3.339s] DEBUG:colcon.colcon_core.event_handler.log_command:Invoked command in '/home/tainteli/meu_workspace_agora_vai/build/turtlesim' returned '0': CMAKE_PREFIX_PATH=/opt/ros/humble /home/tainteli/.local/bin/cmake --build /home/tainteli/meu_workspace_agora_vai/build/turtlesim -- -j8 -l8
[3.385s] DEBUG:colcon.colcon_core.event_handler.log_command:Invoking command in '/home/tainteli/meu_workspace_agora_vai/my_package': PYTHONPATH=/home/tainteli/meu_workspace_agora_vai/build/my_package/prefix_override:/home/tainteli/meu_workspace_agora_vai/install/my_package/lib/python3.10/site-packages:${PYTHONPATH} /usr/bin/python3 setup.py egg_info --egg-base ../build/my_package build --build-base /home/tainteli/meu_workspace_agora_vai/build/my_package/build install --record /home/tainteli/meu_workspace_agora_vai/build/my_package/install.log --single-version-externally-managed
[3.411s] DEBUG:colcon.colcon_core.event_handler.log_command:Invoking command in '/home/tainteli/meu_workspace_agora_vai/src/ola_mundo': PYTHONPATH=/home/tainteli/meu_workspace_agora_vai/build/ola_mundo/prefix_override:/home/tainteli/meu_workspace_agora_vai/install/ola_mundo/lib/python3.10/site-packages:${PYTHONPATH} /usr/bin/python3 setup.py egg_info --egg-base ../../build/ola_mundo build --build-base /home/tainteli/meu_workspace_agora_vai/build/ola_mundo/build install --record /home/tainteli/meu_workspace_agora_vai/build/ola_mundo/install.log --single-version-externally-managed
[3.607s] DEBUG:colcon.colcon_core.event_handler.log_command:Invoking command in '/home/tainteli/meu_workspace_agora_vai/build/turtlesim': CMAKE_PREFIX_PATH=/opt/ros/humble /home/tainteli/.local/bin/cmake --install /home/tainteli/meu_workspace_agora_vai/build/turtlesim
[3.718s] Level 1:colcon.colcon_core.environment:create_environment_scripts_only(turtlesim)
[3.720s] DEBUG:colcon.colcon_core.event_handler.log_command:Invoked command in '/home/tainteli/meu_workspace_agora_vai/build/turtlesim' returned '0': CMAKE_PREFIX_PATH=/opt/ros/humble /home/tainteli/.local/bin/cmake --install /home/tainteli/meu_workspace_agora_vai/build/turtlesim
[3.748s] Level 1:colcon.colcon_core.environment:checking '/home/tainteli/meu_workspace_agora_vai/install/turtlesim' for CMake module files
[3.749s] Level 1:colcon.colcon_core.environment:checking '/home/tainteli/meu_workspace_agora_vai/install/turtlesim' for CMake config files
[3.751s] Level 1:colcon.colcon_core.shell:create_environment_hook('turtlesim', 'cmake_prefix_path')
[3.767s] INFO:colcon.colcon_core.shell:Creating environment hook '/home/tainteli/meu_workspace_agora_vai/install/turtlesim/share/turtlesim/hook/cmake_prefix_path.ps1'
[3.768s] INFO:colcon.colcon_core.shell:Creating environment descriptor '/home/tainteli/meu_workspace_agora_vai/install/turtlesim/share/turtlesim/hook/cmake_prefix_path.dsv'
[3.768s] INFO:colcon.colcon_core.shell:Creating environment hook '/home/tainteli/meu_workspace_agora_vai/install/turtlesim/share/turtlesim/hook/cmake_prefix_path.sh'
[3.769s] Level 1:colcon.colcon_core.environment:checking '/home/tainteli/meu_workspace_agora_vai/install/turtlesim/lib'
[3.769s] Level 1:colcon.colcon_core.shell:create_environment_hook('turtlesim', 'ld_library_path_lib')
[3.782s] INFO:colcon.colcon_core.shell:Creating environment hook '/home/tainteli/meu_workspace_agora_vai/install/turtlesim/share/turtlesim/hook/ld_library_path_lib.ps1'
[3.783s] INFO:colcon.colcon_core.shell:Creating environment descriptor '/home/tainteli/meu_workspace_agora_vai/install/turtlesim/share/turtlesim/hook/ld_library_path_lib.dsv'
[3.783s] INFO:colcon.colcon_core.shell:Creating environment hook '/home/tainteli/meu_workspace_agora_vai/install/turtlesim/share/turtlesim/hook/ld_library_path_lib.sh'
[3.784s] Level 1:colcon.colcon_core.environment:checking '/home/tainteli/meu_workspace_agora_vai/install/turtlesim/bin'
[3.784s] Level 1:colcon.colcon_core.environment:checking '/home/tainteli/meu_workspace_agora_vai/install/turtlesim/lib/pkgconfig/turtlesim.pc'
[3.784s] Level 1:colcon.colcon_core.environment:checking '/home/tainteli/meu_workspace_agora_vai/install/turtlesim/lib/python3.10/site-packages'
[3.785s] Level 1:colcon.colcon_core.environment:checking '/home/tainteli/meu_workspace_agora_vai/install/turtlesim/bin'
[3.795s] INFO:colcon.colcon_core.shell:Creating package script '/home/tainteli/meu_workspace_agora_vai/install/turtlesim/share/turtlesim/package.ps1'
[3.796s] INFO:colcon.colcon_core.shell:Creating package descriptor '/home/tainteli/meu_workspace_agora_vai/install/turtlesim/share/turtlesim/package.dsv'
[3.796s] INFO:colcon.colcon_core.shell:Creating package script '/home/tainteli/meu_workspace_agora_vai/install/turtlesim/share/turtlesim/package.sh'
[3.797s] INFO:colcon.colcon_core.shell:Creating package script '/home/tainteli/meu_workspace_agora_vai/install/turtlesim/share/turtlesim/package.bash'
[3.797s] INFO:colcon.colcon_core.shell:Creating package script '/home/tainteli/meu_workspace_agora_vai/install/turtlesim/share/turtlesim/package.zsh'
[3.798s] Level 1:colcon.colcon_core.environment:create_file_with_runtime_dependencies(/home/tainteli/meu_workspace_agora_vai/install/turtlesim/share/colcon-core/packages/turtlesim)
[3.801s] DEBUG:colcon.colcon_core.event_handler.log_command:Invoked command in '/home/tainteli/meu_workspace_agora_vai/my_package' returned '0': PYTHONPATH=/home/tainteli/meu_workspace_agora_vai/build/my_package/prefix_override:/home/tainteli/meu_workspace_agora_vai/install/my_package/lib/python3.10/site-packages:${PYTHONPATH} /usr/bin/python3 setup.py egg_info --egg-base ../build/my_package build --build-base /home/tainteli/meu_workspace_agora_vai/build/my_package/build install --record /home/tainteli/meu_workspace_agora_vai/build/my_package/install.log --single-version-externally-managed
[3.816s] Level 1:colcon.colcon_core.environment:checking '/home/tainteli/meu_workspace_agora_vai/install/my_package' for CMake module files
[3.817s] Level 1:colcon.colcon_core.environment:checking '/home/tainteli/meu_workspace_agora_vai/install/my_package' for CMake config files
[3.817s] Level 1:colcon.colcon_core.environment:checking '/home/tainteli/meu_workspace_agora_vai/install/my_package/lib'
[3.817s] Level 1:colcon.colcon_core.environment:checking '/home/tainteli/meu_workspace_agora_vai/install/my_package/bin'
[3.818s] Level 1:colcon.colcon_core.environment:checking '/home/tainteli/meu_workspace_agora_vai/install/my_package/lib/pkgconfig/my_package.pc'
[3.818s] Level 1:colcon.colcon_core.environment:checking '/home/tainteli/meu_workspace_agora_vai/install/my_package/lib/python3.10/site-packages'
[3.818s] Level 1:colcon.colcon_core.shell:create_environment_hook('my_package', 'pythonpath')
[3.827s] INFO:colcon.colcon_core.shell:Creating environment hook '/home/tainteli/meu_workspace_agora_vai/install/my_package/share/my_package/hook/pythonpath.ps1'
[3.828s] INFO:colcon.colcon_core.shell:Creating environment descriptor '/home/tainteli/meu_workspace_agora_vai/install/my_package/share/my_package/hook/pythonpath.dsv'
[3.829s] INFO:colcon.colcon_core.shell:Creating environment hook '/home/tainteli/meu_workspace_agora_vai/install/my_package/share/my_package/hook/pythonpath.sh'
[3.829s] Level 1:colcon.colcon_core.environment:checking '/home/tainteli/meu_workspace_agora_vai/install/my_package/bin'
[3.829s] Level 1:colcon.colcon_core.environment:create_environment_scripts_only(my_package)
[3.839s] INFO:colcon.colcon_core.shell:Creating package script '/home/tainteli/meu_workspace_agora_vai/install/my_package/share/my_package/package.ps1'
[3.840s] INFO:colcon.colcon_core.shell:Creating package descriptor '/home/tainteli/meu_workspace_agora_vai/install/my_package/share/my_package/package.dsv'
[3.840s] INFO:colcon.colcon_core.shell:Creating package script '/home/tainteli/meu_workspace_agora_vai/install/my_package/share/my_package/package.sh'
[3.841s] INFO:colcon.colcon_core.shell:Creating package script '/home/tainteli/meu_workspace_agora_vai/install/my_package/share/my_package/package.bash'
[3.841s] INFO:colcon.colcon_core.shell:Creating package script '/home/tainteli/meu_workspace_agora_vai/install/my_package/share/my_package/package.zsh'
[3.842s] Level 1:colcon.colcon_core.environment:create_file_with_runtime_dependencies(/home/tainteli/meu_workspace_agora_vai/install/my_package/share/colcon-core/packages/my_package)
[3.846s] DEBUG:colcon.colcon_core.event_handler.log_command:Invoked command in '/home/tainteli/meu_workspace_agora_vai/src/ola_mundo' returned '0': PYTHONPATH=/home/tainteli/meu_workspace_agora_vai/build/ola_mundo/prefix_override:/home/tainteli/meu_workspace_agora_vai/install/ola_mundo/lib/python3.10/site-packages:${PYTHONPATH} /usr/bin/python3 setup.py egg_info --egg-base ../../build/ola_mundo build --build-base /home/tainteli/meu_workspace_agora_vai/build/ola_mundo/build install --record /home/tainteli/meu_workspace_agora_vai/build/ola_mundo/install.log --single-version-externally-managed
[3.860s] Level 1:colcon.colcon_core.environment:checking '/home/tainteli/meu_workspace_agora_vai/install/ola_mundo' for CMake module files
[3.860s] Level 1:colcon.colcon_core.environment:checking '/home/tainteli/meu_workspace_agora_vai/install/ola_mundo' for CMake config files
[3.861s] Level 1:colcon.colcon_core.environment:checking '/home/tainteli/meu_workspace_agora_vai/install/ola_mundo/lib'
[3.861s] Level 1:colcon.colcon_core.environment:checking '/home/tainteli/meu_workspace_agora_vai/install/ola_mundo/bin'
[3.861s] Level 1:colcon.colcon_core.environment:checking '/home/tainteli/meu_workspace_agora_vai/install/ola_mundo/lib/pkgconfig/ola_mundo.pc'
[3.862s] Level 1:colcon.colcon_core.environment:checking '/home/tainteli/meu_workspace_agora_vai/install/ola_mundo/lib/python3.10/site-packages'
[3.862s] Level 1:colcon.colcon_core.shell:create_environment_hook('ola_mundo', 'pythonpath')
[3.881s] INFO:colcon.colcon_core.shell:Creating environment hook '/home/tainteli/meu_workspace_agora_vai/install/ola_mundo/share/ola_mundo/hook/pythonpath.ps1'
[3.881s] INFO:colcon.colcon_core.shell:Creating environment descriptor '/home/tainteli/meu_workspace_agora_vai/install/ola_mundo/share/ola_mundo/hook/pythonpath.dsv'
[3.882s] INFO:colcon.colcon_core.shell:Creating environment hook '/home/tainteli/meu_workspace_agora_vai/install/ola_mundo/share/ola_mundo/hook/pythonpath.sh'
[3.883s] Level 1:colcon.colcon_core.environment:checking '/home/tainteli/meu_workspace_agora_vai/install/ola_mundo/bin'
[3.883s] Level 1:colcon.colcon_core.environment:create_environment_scripts_only(ola_mundo)
[3.894s] INFO:colcon.colcon_core.shell:Creating package script '/home/tainteli/meu_workspace_agora_vai/install/ola_mundo/share/ola_mundo/package.ps1'
[3.895s] INFO:colcon.colcon_core.shell:Creating package descriptor '/home/tainteli/meu_workspace_agora_vai/install/ola_mundo/share/ola_mundo/package.dsv'
[3.895s] INFO:colcon.colcon_core.shell:Creating package script '/home/tainteli/meu_workspace_agora_vai/install/ola_mundo/share/ola_mundo/package.sh'
[3.895s] INFO:colcon.colcon_core.shell:Creating package script '/home/tainteli/meu_workspace_agora_vai/install/ola_mundo/share/ola_mundo/package.bash'
[3.896s] INFO:colcon.colcon_core.shell:Creating package script '/home/tainteli/meu_workspace_agora_vai/install/ola_mundo/share/ola_mundo/package.zsh'
[3.896s] Level 1:colcon.colcon_core.environment:create_file_with_runtime_dependencies(/home/tainteli/meu_workspace_agora_vai/install/ola_mundo/share/colcon-core/packages/ola_mundo)
[4.067s] Level 1:colcon.colcon_core.environment:create_environment_scripts_only(turtlesim)
[4.088s] Level 1:colcon.colcon_core.environment:checking '/home/tainteli/meu_workspace_agora_vai/install/turtlesim' for CMake module files
[4.090s] Level 1:colcon.colcon_core.environment:checking '/home/tainteli/meu_workspace_agora_vai/install/turtlesim' for CMake config files
[4.090s] Level 1:colcon.colcon_core.shell:create_environment_hook('turtlesim', 'cmake_prefix_path')
[4.121s] INFO:colcon.colcon_core.shell:Creating environment hook '/home/tainteli/meu_workspace_agora_vai/install/turtlesim/share/turtlesim/hook/cmake_prefix_path.ps1'
[4.122s] INFO:colcon.colcon_core.shell:Creating environment descriptor '/home/tainteli/meu_workspace_agora_vai/install/turtlesim/share/turtlesim/hook/cmake_prefix_path.dsv'
[4.123s] INFO:colcon.colcon_core.shell:Creating environment hook '/home/tainteli/meu_workspace_agora_vai/install/turtlesim/share/turtlesim/hook/cmake_prefix_path.sh'
[4.124s] Level 1:colcon.colcon_core.environment:checking '/home/tainteli/meu_workspace_agora_vai/install/turtlesim/lib'
[4.124s] Level 1:colcon.colcon_core.shell:create_environment_hook('turtlesim', 'ld_library_path_lib')
[4.153s] INFO:colcon.colcon_core.shell:Creating environment hook '/home/tainteli/meu_workspace_agora_vai/install/turtlesim/share/turtlesim/hook/ld_library_path_lib.ps1'
[4.154s] INFO:colcon.colcon_core.shell:Creating environment descriptor '/home/tainteli/meu_workspace_agora_vai/install/turtlesim/share/turtlesim/hook/ld_library_path_lib.dsv'
[4.155s] INFO:colcon.colcon_core.shell:Creating environment hook '/home/tainteli/meu_workspace_agora_vai/install/turtlesim/share/turtlesim/hook/ld_library_path_lib.sh'
[4.156s] Level 1:colcon.colcon_core.environment:checking '/home/tainteli/meu_workspace_agora_vai/install/turtlesim/bin'
[4.156s] Level 1:colcon.colcon_core.environment:checking '/home/tainteli/meu_workspace_agora_vai/install/turtlesim/lib/pkgconfig/turtlesim.pc'
[4.156s] Level 1:colcon.colcon_core.environment:checking '/home/tainteli/meu_workspace_agora_vai/install/turtlesim/lib/python3.10/site-packages'
[4.157s] Level 1:colcon.colcon_core.environment:checking '/home/tainteli/meu_workspace_agora_vai/install/turtlesim/bin'
[4.174s] INFO:colcon.colcon_core.shell:Creating package script '/home/tainteli/meu_workspace_agora_vai/install/turtlesim/share/turtlesim/package.ps1'
[4.175s] INFO:colcon.colcon_core.shell:Creating package descriptor '/home/tainteli/meu_workspace_agora_vai/install/turtlesim/share/turtlesim/package.dsv'
[4.175s] INFO:colcon.colcon_core.shell:Creating package script '/home/tainteli/meu_workspace_agora_vai/install/turtlesim/share/turtlesim/package.sh'
[4.175s] INFO:colcon.colcon_core.shell:Creating package script '/home/tainteli/meu_workspace_agora_vai/install/turtlesim/share/turtlesim/package.bash'
[4.176s] INFO:colcon.colcon_core.shell:Creating package script '/home/tainteli/meu_workspace_agora_vai/install/turtlesim/share/turtlesim/package.zsh'
[4.176s] Level 1:colcon.colcon_core.environment:create_file_with_runtime_dependencies(/home/tainteli/meu_workspace_agora_vai/install/turtlesim/share/colcon-core/packages/turtlesim)
[4.177s] DEBUG:colcon.colcon_parallel_executor.executor.parallel:closing loop
[4.178s] DEBUG:colcon.colcon_parallel_executor.executor.parallel:loop closed
[4.178s] DEBUG:colcon.colcon_parallel_executor.executor.parallel:run_until_complete finished with '0'
[4.178s] DEBUG:colcon.colcon_core.event_reactor:joining thread
[4.320s] INFO:colcon.colcon_core.plugin_system:Skipping extension 'colcon_notification.desktop_notification.notify_send': Could not find 'notify-send'
[4.320s] INFO:colcon.colcon_core.plugin_system:Skipping extension 'colcon_notification.desktop_notification.terminal_notifier': Not used on non-Darwin systems
[4.320s] INFO:colcon.colcon_core.plugin_system:Skipping extension 'colcon_notification.desktop_notification.win32': Not used on non-Windows systems
[4.320s] INFO:colcon.colcon_notification.desktop_notification:Sending desktop notification using 'notify2'
[4.322s] DEBUG:colcon.colcon_notification.desktop_notification.notify2:Failed to initialize notify2: org.freedesktop.DBus.Error.ServiceUnknown: The name org.freedesktop.Notifications was not provided by any .service files
[4.322s] DEBUG:colcon.colcon_core.event_reactor:joined thread
[4.335s] INFO:colcon.colcon_core.shell:Creating prefix script '/home/tainteli/meu_workspace_agora_vai/install/local_setup.ps1'
[4.336s] INFO:colcon.colcon_core.shell:Creating prefix util module '/home/tainteli/meu_workspace_agora_vai/install/_local_setup_util_ps1.py'
[4.338s] INFO:colcon.colcon_core.shell:Creating prefix chain script '/home/tainteli/meu_workspace_agora_vai/install/setup.ps1'
[4.348s] INFO:colcon.colcon_core.shell:Creating prefix script '/home/tainteli/meu_workspace_agora_vai/install/local_setup.sh'
[4.349s] INFO:colcon.colcon_core.shell:Creating prefix util module '/home/tainteli/meu_workspace_agora_vai/install/_local_setup_util_sh.py'
[4.349s] INFO:colcon.colcon_core.shell:Creating prefix chain script '/home/tainteli/meu_workspace_agora_vai/install/setup.sh'
[4.360s] INFO:colcon.colcon_core.shell:Creating prefix script '/home/tainteli/meu_workspace_agora_vai/install/local_setup.bash'
[4.360s] INFO:colcon.colcon_core.shell:Creating prefix chain script '/home/tainteli/meu_workspace_agora_vai/install/setup.bash'
[4.374s] INFO:colcon.colcon_core.shell:Creating prefix script '/home/tainteli/meu_workspace_agora_vai/install/local_setup.zsh'
[4.375s] INFO:colcon.colcon_core.shell:Creating prefix chain script '/home/tainteli/meu_workspace_agora_vai/install/setup.zsh'
