[0.879s] DEBUG:colcon:Command line arguments: ['/usr/bin/colcon', 'build']
[0.879s] DEBUG:colcon:Parsed command line arguments: Namespace(log_base=None, log_level=None, verb_name='build', build_base='build', install_base='install', merge_install=False, symlink_install=False, test_result_base=None, continue_on_error=False, executor='parallel', parallel_workers=8, event_handlers=None, ignore_user_meta=False, metas=['./colcon.meta'], base_paths=['.'], packages_ignore=None, packages_ignore_regex=None, paths=None, packages_up_to=None, packages_up_to_regex=None, packages_above=None, packages_above_and_dependencies=None, packages_above_depth=None, packages_select_by_dep=None, packages_skip_by_dep=None, packages_skip_up_to=None, packages_select_build_failed=False, packages_skip_build_finished=False, packages_select_test_failures=False, packages_skip_test_passed=False, packages_select=None, packages_skip=None, packages_select_regex=None, packages_skip_regex=None, packages_start=None, packages_end=None, allow_overriding=[], cmake_args=None, cmake_target=None, cmake_target_skip_unavailable=False, cmake_clean_cache=False, cmake_clean_first=False, cmake_force_configure=False, ament_cmake_args=None, catkin_cmake_args=None, catkin_skip_building_tests=False, verb_parser=<colcon_defaults.argument_parser.defaults.DefaultArgumentsDecorator object at 0x7fb6a3116860>, verb_extension=<colcon_core.verb.build.BuildVerb object at 0x7fb6a314ce80>, main=<bound method BuildVerb.main of <colcon_core.verb.build.BuildVerb object at 0x7fb6a314ce80>>)
[0.911s] Level 1:colcon.colcon_core.package_discovery:discover_packages(colcon_meta) check parameters
[0.911s] Level 1:colcon.colcon_core.package_discovery:discover_packages(recursive) check parameters
[0.911s] Level 1:colcon.colcon_core.package_discovery:discover_packages(ignore) check parameters
[0.911s] Level 1:colcon.colcon_core.package_discovery:discover_packages(path) check parameters
[0.911s] Level 1:colcon.colcon_core.package_discovery:discover_packages(colcon_meta) discover
[0.911s] Level 1:colcon.colcon_core.package_discovery:discover_packages(recursive) discover
[0.911s] INFO:colcon.colcon_core.package_discovery:Crawling recursively for packages in '/home/tainteli/meu_workspace_agora_vai'
[0.911s] Level 1:colcon.colcon_core.package_identification:_identify(.) by extensions ['ignore', 'ignore_ament_install']
[0.911s] Level 1:colcon.colcon_core.package_identification:_identify(.) by extension 'ignore'
[0.911s] Level 1:colcon.colcon_core.package_identification:_identify(.) by extension 'ignore_ament_install'
[0.911s] Level 1:colcon.colcon_core.package_identification:_identify(.) by extensions ['colcon_pkg']
[0.911s] Level 1:colcon.colcon_core.package_identification:_identify(.) by extension 'colcon_pkg'
[0.911s] Level 1:colcon.colcon_core.package_identification:_identify(.) by extensions ['colcon_meta']
[0.911s] Level 1:colcon.colcon_core.package_identification:_identify(.) by extension 'colcon_meta'
[0.912s] Level 1:colcon.colcon_core.package_identification:_identify(.) by extensions ['ros']
[0.912s] Level 1:colcon.colcon_core.package_identification:_identify(.) by extension 'ros'
[0.926s] Level 1:colcon.colcon_core.package_identification:_identify(.) by extensions ['cmake', 'python']
[0.926s] Level 1:colcon.colcon_core.package_identification:_identify(.) by extension 'cmake'
[0.926s] Level 1:colcon.colcon_core.package_identification:_identify(.) by extension 'python'
[0.926s] Level 1:colcon.colcon_core.package_identification:_identify(.) by extensions ['python_setup_py']
[0.927s] Level 1:colcon.colcon_core.package_identification:_identify(.) by extension 'python_setup_py'
[0.927s] Level 1:colcon.colcon_core.package_identification:_identify(build) by extensions ['ignore', 'ignore_ament_install']
[0.927s] Level 1:colcon.colcon_core.package_identification:_identify(build) by extension 'ignore'
[0.927s] Level 1:colcon.colcon_core.package_identification:_identify(build) ignored
[0.927s] Level 1:colcon.colcon_core.package_identification:_identify(install) by extensions ['ignore', 'ignore_ament_install']
[0.927s] Level 1:colcon.colcon_core.package_identification:_identify(install) by extension 'ignore'
[0.927s] Level 1:colcon.colcon_core.package_identification:_identify(install) ignored
[0.927s] Level 1:colcon.colcon_core.package_identification:_identify(log) by extensions ['ignore', 'ignore_ament_install']
[0.928s] Level 1:colcon.colcon_core.package_identification:_identify(log) by extension 'ignore'
[0.928s] Level 1:colcon.colcon_core.package_identification:_identify(log) ignored
[0.928s] Level 1:colcon.colcon_core.package_identification:_identify(my_package) by extensions ['ignore', 'ignore_ament_install']
[0.928s] Level 1:colcon.colcon_core.package_identification:_identify(my_package) by extension 'ignore'
[0.928s] Level 1:colcon.colcon_core.package_identification:_identify(my_package) by extension 'ignore_ament_install'
[0.928s] Level 1:colcon.colcon_core.package_identification:_identify(my_package) by extensions ['colcon_pkg']
[0.928s] Level 1:colcon.colcon_core.package_identification:_identify(my_package) by extension 'colcon_pkg'
[0.928s] Level 1:colcon.colcon_core.package_identification:_identify(my_package) by extensions ['colcon_meta']
[0.928s] Level 1:colcon.colcon_core.package_identification:_identify(my_package) by extension 'colcon_meta'
[0.928s] Level 1:colcon.colcon_core.package_identification:_identify(my_package) by extensions ['ros']
[0.928s] Level 1:colcon.colcon_core.package_identification:_identify(my_package) by extension 'ros'
[0.931s] DEBUG:colcon.colcon_core.package_identification:Package 'my_package' with type 'ros.ament_python' and name 'my_package'
[0.931s] Level 1:colcon.colcon_core.package_identification:_identify(src) by extensions ['ignore', 'ignore_ament_install']
[0.932s] Level 1:colcon.colcon_core.package_identification:_identify(src) by extension 'ignore'
[0.932s] Level 1:colcon.colcon_core.package_identification:_identify(src) by extension 'ignore_ament_install'
[0.932s] Level 1:colcon.colcon_core.package_identification:_identify(src) by extensions ['colcon_pkg']
[0.932s] Level 1:colcon.colcon_core.package_identification:_identify(src) by extension 'colcon_pkg'
[0.932s] Level 1:colcon.colcon_core.package_identification:_identify(src) by extensions ['colcon_meta']
[0.932s] Level 1:colcon.colcon_core.package_identification:_identify(src) by extension 'colcon_meta'
[0.932s] Level 1:colcon.colcon_core.package_identification:_identify(src) by extensions ['ros']
[0.932s] Level 1:colcon.colcon_core.package_identification:_identify(src) by extension 'ros'
[0.932s] Level 1:colcon.colcon_core.package_identification:_identify(src) by extensions ['cmake', 'python']
[0.932s] Level 1:colcon.colcon_core.package_identification:_identify(src) by extension 'cmake'
[0.932s] Level 1:colcon.colcon_core.package_identification:_identify(src) by extension 'python'
[0.932s] Level 1:colcon.colcon_core.package_identification:_identify(src) by extensions ['python_setup_py']
[0.932s] Level 1:colcon.colcon_core.package_identification:_identify(src) by extension 'python_setup_py'
[0.932s] Level 1:colcon.colcon_core.package_identification:_identify(src/ola_mundo) by extensions ['ignore', 'ignore_ament_install']
[0.932s] Level 1:colcon.colcon_core.package_identification:_identify(src/ola_mundo) by extension 'ignore'
[0.932s] Level 1:colcon.colcon_core.package_identification:_identify(src/ola_mundo) by extension 'ignore_ament_install'
[0.933s] Level 1:colcon.colcon_core.package_identification:_identify(src/ola_mundo) by extensions ['colcon_pkg']
[0.933s] Level 1:colcon.colcon_core.package_identification:_identify(src/ola_mundo) by extension 'colcon_pkg'
[0.933s] Level 1:colcon.colcon_core.package_identification:_identify(src/ola_mundo) by extensions ['colcon_meta']
[0.933s] Level 1:colcon.colcon_core.package_identification:_identify(src/ola_mundo) by extension 'colcon_meta'
[0.933s] Level 1:colcon.colcon_core.package_identification:_identify(src/ola_mundo) by extensions ['ros']
[0.933s] Level 1:colcon.colcon_core.package_identification:_identify(src/ola_mundo) by extension 'ros'
[0.933s] DEBUG:colcon.colcon_core.package_identification:Package 'src/ola_mundo' with type 'ros.ament_python' and name 'ola_mundo'
[0.933s] Level 1:colcon.colcon_core.package_identification:_identify(src/ros_tutorials) by extensions ['ignore', 'ignore_ament_install']
[0.934s] Level 1:colcon.colcon_core.package_identification:_identify(src/ros_tutorials) by extension 'ignore'
[0.934s] Level 1:colcon.colcon_core.package_identification:_identify(src/ros_tutorials) by extension 'ignore_ament_install'
[0.934s] Level 1:colcon.colcon_core.package_identification:_identify(src/ros_tutorials) by extensions ['colcon_pkg']
[0.934s] Level 1:colcon.colcon_core.package_identification:_identify(src/ros_tutorials) by extension 'colcon_pkg'
[0.934s] Level 1:colcon.colcon_core.package_identification:_identify(src/ros_tutorials) by extensions ['colcon_meta']
[0.934s] Level 1:colcon.colcon_core.package_identification:_identify(src/ros_tutorials) by extension 'colcon_meta'
[0.934s] Level 1:colcon.colcon_core.package_identification:_identify(src/ros_tutorials) by extensions ['ros']
[0.934s] Level 1:colcon.colcon_core.package_identification:_identify(src/ros_tutorials) by extension 'ros'
[0.934s] Level 1:colcon.colcon_core.package_identification:_identify(src/ros_tutorials) by extensions ['cmake', 'python']
[0.934s] Level 1:colcon.colcon_core.package_identification:_identify(src/ros_tutorials) by extension 'cmake'
[0.934s] Level 1:colcon.colcon_core.package_identification:_identify(src/ros_tutorials) by extension 'python'
[0.934s] Level 1:colcon.colcon_core.package_identification:_identify(src/ros_tutorials) by extensions ['python_setup_py']
[0.934s] Level 1:colcon.colcon_core.package_identification:_identify(src/ros_tutorials) by extension 'python_setup_py'
[0.934s] Level 1:colcon.colcon_core.package_identification:_identify(src/ros_tutorials/ros_tutorials) by extensions ['ignore', 'ignore_ament_install']
[0.934s] Level 1:colcon.colcon_core.package_identification:_identify(src/ros_tutorials/ros_tutorials) by extension 'ignore'
[0.934s] Level 1:colcon.colcon_core.package_identification:_identify(src/ros_tutorials/ros_tutorials) ignored
[0.934s] Level 1:colcon.colcon_core.package_identification:_identify(src/ros_tutorials/roscpp_tutorials) by extensions ['ignore', 'ignore_ament_install']
[0.935s] Level 1:colcon.colcon_core.package_identification:_identify(src/ros_tutorials/roscpp_tutorials) by extension 'ignore'
[0.935s] Level 1:colcon.colcon_core.package_identification:_identify(src/ros_tutorials/roscpp_tutorials) ignored
[0.935s] Level 1:colcon.colcon_core.package_identification:_identify(src/ros_tutorials/rospy_tutorials) by extensions ['ignore', 'ignore_ament_install']
[0.935s] Level 1:colcon.colcon_core.package_identification:_identify(src/ros_tutorials/rospy_tutorials) by extension 'ignore'
[0.935s] Level 1:colcon.colcon_core.package_identification:_identify(src/ros_tutorials/rospy_tutorials) ignored
[0.935s] Level 1:colcon.colcon_core.package_identification:_identify(src/ros_tutorials/turtlesim) by extensions ['ignore', 'ignore_ament_install']
[0.935s] Level 1:colcon.colcon_core.package_identification:_identify(src/ros_tutorials/turtlesim) by extension 'ignore'
[0.935s] Level 1:colcon.colcon_core.package_identification:_identify(src/ros_tutorials/turtlesim) by extension 'ignore_ament_install'
[0.936s] Level 1:colcon.colcon_core.package_identification:_identify(src/ros_tutorials/turtlesim) by extensions ['colcon_pkg']
[0.936s] Level 1:colcon.colcon_core.package_identification:_identify(src/ros_tutorials/turtlesim) by extension 'colcon_pkg'
[0.936s] Level 1:colcon.colcon_core.package_identification:_identify(src/ros_tutorials/turtlesim) by extensions ['colcon_meta']
[0.936s] Level 1:colcon.colcon_core.package_identification:_identify(src/ros_tutorials/turtlesim) by extension 'colcon_meta'
[0.936s] Level 1:colcon.colcon_core.package_identification:_identify(src/ros_tutorials/turtlesim) by extensions ['ros']
[0.936s] Level 1:colcon.colcon_core.package_identification:_identify(src/ros_tutorials/turtlesim) by extension 'ros'
[0.937s] DEBUG:colcon.colcon_core.package_identification:Package 'src/ros_tutorials/turtlesim' with type 'ros.ament_cmake' and name 'turtlesim'
[0.937s] Level 1:colcon.colcon_core.package_discovery:discover_packages(recursive) using defaults
[0.937s] Level 1:colcon.colcon_core.package_discovery:discover_packages(ignore) discover
[0.937s] Level 1:colcon.colcon_core.package_discovery:discover_packages(ignore) using defaults
[0.937s] Level 1:colcon.colcon_core.package_discovery:discover_packages(path) discover
[0.937s] Level 1:colcon.colcon_core.package_discovery:discover_packages(path) using defaults
[1.036s] Level 1:colcon.colcon_core.package_discovery:discover_packages(prefix_path) check parameters
[1.036s] Level 1:colcon.colcon_core.package_discovery:discover_packages(prefix_path) discover
[1.056s] DEBUG:colcon.colcon_installed_package_information.package_discovery:Found 262 installed packages in /opt/ros/humble
[1.057s] Level 1:colcon.colcon_core.package_discovery:discover_packages(prefix_path) using defaults
[1.116s] Level 5:colcon.colcon_core.verb:set package 'my_package' build argument 'cmake_args' from command line to 'None'
[1.116s] Level 5:colcon.colcon_core.verb:set package 'my_package' build argument 'cmake_target' from command line to 'None'
[1.116s] Level 5:colcon.colcon_core.verb:set package 'my_package' build argument 'cmake_target_skip_unavailable' from command line to 'False'
[1.116s] Level 5:colcon.colcon_core.verb:set package 'my_package' build argument 'cmake_clean_cache' from command line to 'False'
[1.116s] Level 5:colcon.colcon_core.verb:set package 'my_package' build argument 'cmake_clean_first' from command line to 'False'
[1.116s] Level 5:colcon.colcon_core.verb:set package 'my_package' build argument 'cmake_force_configure' from command line to 'False'
[1.116s] Level 5:colcon.colcon_core.verb:set package 'my_package' build argument 'ament_cmake_args' from command line to 'None'
[1.116s] Level 5:colcon.colcon_core.verb:set package 'my_package' build argument 'catkin_cmake_args' from command line to 'None'
[1.116s] Level 5:colcon.colcon_core.verb:set package 'my_package' build argument 'catkin_skip_building_tests' from command line to 'False'
[1.116s] DEBUG:colcon.colcon_core.verb:Building package 'my_package' with the following arguments: {'ament_cmake_args': None, 'build_base': '/home/tainteli/meu_workspace_agora_vai/build/my_package', 'catkin_cmake_args': None, 'catkin_skip_building_tests': False, 'cmake_args': None, 'cmake_clean_cache': False, 'cmake_clean_first': False, 'cmake_force_configure': False, 'cmake_target': None, 'cmake_target_skip_unavailable': False, 'install_base': '/home/tainteli/meu_workspace_agora_vai/install/my_package', 'merge_install': False, 'path': '/home/tainteli/meu_workspace_agora_vai/my_package', 'symlink_install': False, 'test_result_base': None}
[1.124s] Level 5:colcon.colcon_core.verb:set package 'ola_mundo' build argument 'cmake_args' from command line to 'None'
[1.125s] Level 5:colcon.colcon_core.verb:set package 'ola_mundo' build argument 'cmake_target' from command line to 'None'
[1.125s] Level 5:colcon.colcon_core.verb:set package 'ola_mundo' build argument 'cmake_target_skip_unavailable' from command line to 'False'
[1.125s] Level 5:colcon.colcon_core.verb:set package 'ola_mundo' build argument 'cmake_clean_cache' from command line to 'False'
[1.125s] Level 5:colcon.colcon_core.verb:set package 'ola_mundo' build argument 'cmake_clean_first' from command line to 'False'
[1.125s] Level 5:colcon.colcon_core.verb:set package 'ola_mundo' build argument 'cmake_force_configure' from command line to 'False'
[1.125s] Level 5:colcon.colcon_core.verb:set package 'ola_mundo' build argument 'ament_cmake_args' from command line to 'None'
[1.125s] Level 5:colcon.colcon_core.verb:set package 'ola_mundo' build argument 'catkin_cmake_args' from command line to 'None'
[1.125s] Level 5:colcon.colcon_core.verb:set package 'ola_mundo' build argument 'catkin_skip_building_tests' from command line to 'False'
[1.125s] DEBUG:colcon.colcon_core.verb:Building package 'ola_mundo' with the following arguments: {'ament_cmake_args': None, 'build_base': '/home/tainteli/meu_workspace_agora_vai/build/ola_mundo', 'catkin_cmake_args': None, 'catkin_skip_building_tests': False, 'cmake_args': None, 'cmake_clean_cache': False, 'cmake_clean_first': False, 'cmake_force_configure': False, 'cmake_target': None, 'cmake_target_skip_unavailable': False, 'install_base': '/home/tainteli/meu_workspace_agora_vai/install/ola_mundo', 'merge_install': False, 'path': '/home/tainteli/meu_workspace_agora_vai/src/ola_mundo', 'symlink_install': False, 'test_result_base': None}
[1.135s] Level 5:colcon.colcon_core.verb:set package 'turtlesim' build argument 'cmake_args' from command line to 'None'
[1.135s] Level 5:colcon.colcon_core.verb:set package 'turtlesim' build argument 'cmake_target' from command line to 'None'
[1.135s] Level 5:colcon.colcon_core.verb:set package 'turtlesim' build argument 'cmake_target_skip_unavailable' from command line to 'False'
[1.135s] Level 5:colcon.colcon_core.verb:set package 'turtlesim' build argument 'cmake_clean_cache' from command line to 'False'
[1.135s] Level 5:colcon.colcon_core.verb:set package 'turtlesim' build argument 'cmake_clean_first' from command line to 'False'
[1.135s] Level 5:colcon.colcon_core.verb:set package 'turtlesim' build argument 'cmake_force_configure' from command line to 'False'
[1.135s] Level 5:colcon.colcon_core.verb:set package 'turtlesim' build argument 'ament_cmake_args' from command line to 'None'
[1.135s] Level 5:colcon.colcon_core.verb:set package 'turtlesim' build argument 'catkin_cmake_args' from command line to 'None'
[1.135s] Level 5:colcon.colcon_core.verb:set package 'turtlesim' build argument 'catkin_skip_building_tests' from command line to 'False'
[1.135s] DEBUG:colcon.colcon_core.verb:Building package 'turtlesim' with the following arguments: {'ament_cmake_args': None, 'build_base': '/home/tainteli/meu_workspace_agora_vai/build/turtlesim', 'catkin_cmake_args': None, 'catkin_skip_building_tests': False, 'cmake_args': None, 'cmake_clean_cache': False, 'cmake_clean_first': False, 'cmake_force_configure': False, 'cmake_target': None, 'cmake_target_skip_unavailable': False, 'install_base': '/home/tainteli/meu_workspace_agora_vai/install/turtlesim', 'merge_install': False, 'path': '/home/tainteli/meu_workspace_agora_vai/src/ros_tutorials/turtlesim', 'symlink_install': False, 'test_result_base': None}
[1.147s] INFO:colcon.colcon_core.executor:Executing jobs using 'parallel' executor
[1.165s] DEBUG:colcon.colcon_parallel_executor.executor.parallel:run_until_complete
[1.166s] INFO:colcon.colcon_ros.task.ament_python.build:Building ROS package in '/home/tainteli/meu_workspace_agora_vai/my_package' with build type 'ament_python'
[1.167s] Level 1:colcon.colcon_core.shell:create_environment_hook('my_package', 'ament_prefix_path')
[1.192s] INFO:colcon.colcon_core.plugin_system:Skipping extension 'colcon_core.shell.bat': Not used on non-Windows systems
[1.192s] INFO:colcon.colcon_core.shell:Creating environment hook '/home/tainteli/meu_workspace_agora_vai/install/my_package/share/my_package/hook/ament_prefix_path.ps1'
[1.194s] INFO:colcon.colcon_core.shell:Creating environment descriptor '/home/tainteli/meu_workspace_agora_vai/install/my_package/share/my_package/hook/ament_prefix_path.dsv'
[1.195s] INFO:colcon.colcon_core.shell:Creating environment hook '/home/tainteli/meu_workspace_agora_vai/install/my_package/share/my_package/hook/ament_prefix_path.sh'
[1.212s] INFO:colcon.colcon_core.shell:Skip shell extension 'powershell' for command environment: Not usable outside of PowerShell
[1.212s] DEBUG:colcon.colcon_core.shell:Skip shell extension 'dsv' for command environment
[1.234s] INFO:colcon.colcon_ros.task.ament_python.build:Building ROS package in '/home/tainteli/meu_workspace_agora_vai/src/ola_mundo' with build type 'ament_python'
[1.235s] Level 1:colcon.colcon_core.shell:create_environment_hook('ola_mundo', 'ament_prefix_path')
[1.248s] INFO:colcon.colcon_core.shell:Creating environment hook '/home/tainteli/meu_workspace_agora_vai/install/ola_mundo/share/ola_mundo/hook/ament_prefix_path.ps1'
[1.249s] INFO:colcon.colcon_core.shell:Creating environment descriptor '/home/tainteli/meu_workspace_agora_vai/install/ola_mundo/share/ola_mundo/hook/ament_prefix_path.dsv'
[1.249s] INFO:colcon.colcon_core.shell:Creating environment hook '/home/tainteli/meu_workspace_agora_vai/install/ola_mundo/share/ola_mundo/hook/ament_prefix_path.sh'
[1.262s] INFO:colcon.colcon_core.shell:Skip shell extension 'powershell' for command environment: Not usable outside of PowerShell
[1.262s] DEBUG:colcon.colcon_core.shell:Skip shell extension 'dsv' for command environment
[1.286s] INFO:colcon.colcon_ros.task.ament_cmake.build:Building ROS package in '/home/tainteli/meu_workspace_agora_vai/src/ros_tutorials/turtlesim' with build type 'ament_cmake'
[1.286s] INFO:colcon.colcon_cmake.task.cmake.build:Building CMake package in '/home/tainteli/meu_workspace_agora_vai/src/ros_tutorials/turtlesim'
[1.300s] INFO:colcon.colcon_core.shell:Skip shell extension 'powershell' for command environment: Not usable outside of PowerShell
[1.301s] DEBUG:colcon.colcon_core.shell:Skip shell extension 'dsv' for command environment
[1.659s] INFO:colcon.colcon_core.task.python.build:Building Python package in '/home/tainteli/meu_workspace_agora_vai/my_package'
[1.669s] INFO:colcon.colcon_core.shell:Skip shell extension 'powershell' for command environment: Not usable outside of PowerShell
[1.669s] DEBUG:colcon.colcon_core.shell:Skip shell extension 'dsv' for command environment
[1.952s] INFO:colcon.colcon_core.task.python.build:Building Python package in '/home/tainteli/meu_workspace_agora_vai/src/ola_mundo'
[1.962s] INFO:colcon.colcon_core.shell:Skip shell extension 'powershell' for command environment: Not usable outside of PowerShell
[1.962s] DEBUG:colcon.colcon_core.shell:Skip shell extension 'dsv' for command environment
[2.007s] DEBUG:colcon.colcon_core.event_handler.log_command:Invoking command in '/home/tainteli/meu_workspace_agora_vai/build/turtlesim': CMAKE_PREFIX_PATH=/opt/ros/humble /home/tainteli/.local/bin/cmake --build /home/tainteli/meu_workspace_agora_vai/build/turtlesim -- -j8 -l8
[2.353s] DEBUG:colcon.colcon_core.event_handler.log_command:Invoked command in '/home/tainteli/meu_workspace_agora_vai/build/turtlesim' returned '0': CMAKE_PREFIX_PATH=/opt/ros/humble /home/tainteli/.local/bin/cmake --build /home/tainteli/meu_workspace_agora_vai/build/turtlesim -- -j8 -l8
[2.397s] DEBUG:colcon.colcon_core.event_handler.log_command:Invoking command in '/home/tainteli/meu_workspace_agora_vai/src/ola_mundo': PYTHONPATH=/home/tainteli/meu_workspace_agora_vai/build/ola_mundo/prefix_override:/home/tainteli/meu_workspace_agora_vai/install/ola_mundo/lib/python3.10/site-packages:${PYTHONPATH} /usr/bin/python3 setup.py egg_info --egg-base ../../build/ola_mundo build --build-base /home/tainteli/meu_workspace_agora_vai/build/ola_mundo/build install --record /home/tainteli/meu_workspace_agora_vai/build/ola_mundo/install.log --single-version-externally-managed
[2.405s] DEBUG:colcon.colcon_core.event_handler.log_command:Invoking command in '/home/tainteli/meu_workspace_agora_vai/my_package': PYTHONPATH=/home/tainteli/meu_workspace_agora_vai/build/my_package/prefix_override:/home/tainteli/meu_workspace_agora_vai/install/my_package/lib/python3.10/site-packages:${PYTHONPATH} /usr/bin/python3 setup.py egg_info --egg-base ../build/my_package build --build-base /home/tainteli/meu_workspace_agora_vai/build/my_package/build install --record /home/tainteli/meu_workspace_agora_vai/build/my_package/install.log --single-version-externally-managed
[2.611s] DEBUG:colcon.colcon_core.event_handler.log_command:Invoking command in '/home/tainteli/meu_workspace_agora_vai/build/turtlesim': CMAKE_PREFIX_PATH=/opt/ros/humble /home/tainteli/.local/bin/cmake --install /home/tainteli/meu_workspace_agora_vai/build/turtlesim
[2.741s] Level 1:colcon.colcon_core.environment:create_environment_scripts_only(turtlesim)
[2.745s] DEBUG:colcon.colcon_core.event_handler.log_command:Invoked command in '/home/tainteli/meu_workspace_agora_vai/build/turtlesim' returned '0': CMAKE_PREFIX_PATH=/opt/ros/humble /home/tainteli/.local/bin/cmake --install /home/tainteli/meu_workspace_agora_vai/build/turtlesim
[2.759s] Level 1:colcon.colcon_core.environment:checking '/home/tainteli/meu_workspace_agora_vai/install/turtlesim' for CMake module files
[2.760s] Level 1:colcon.colcon_core.environment:checking '/home/tainteli/meu_workspace_agora_vai/install/turtlesim' for CMake config files
[2.761s] Level 1:colcon.colcon_core.shell:create_environment_hook('turtlesim', 'cmake_prefix_path')
[2.777s] INFO:colcon.colcon_core.shell:Creating environment hook '/home/tainteli/meu_workspace_agora_vai/install/turtlesim/share/turtlesim/hook/cmake_prefix_path.ps1'
[2.777s] INFO:colcon.colcon_core.shell:Creating environment descriptor '/home/tainteli/meu_workspace_agora_vai/install/turtlesim/share/turtlesim/hook/cmake_prefix_path.dsv'
[2.777s] INFO:colcon.colcon_core.shell:Creating environment hook '/home/tainteli/meu_workspace_agora_vai/install/turtlesim/share/turtlesim/hook/cmake_prefix_path.sh'
[2.778s] Level 1:colcon.colcon_core.environment:checking '/home/tainteli/meu_workspace_agora_vai/install/turtlesim/lib'
[2.778s] Level 1:colcon.colcon_core.shell:create_environment_hook('turtlesim', 'ld_library_path_lib')
[2.787s] INFO:colcon.colcon_core.shell:Creating environment hook '/home/tainteli/meu_workspace_agora_vai/install/turtlesim/share/turtlesim/hook/ld_library_path_lib.ps1'
[2.787s] INFO:colcon.colcon_core.shell:Creating environment descriptor '/home/tainteli/meu_workspace_agora_vai/install/turtlesim/share/turtlesim/hook/ld_library_path_lib.dsv'
[2.787s] INFO:colcon.colcon_core.shell:Creating environment hook '/home/tainteli/meu_workspace_agora_vai/install/turtlesim/share/turtlesim/hook/ld_library_path_lib.sh'
[2.787s] Level 1:colcon.colcon_core.environment:checking '/home/tainteli/meu_workspace_agora_vai/install/turtlesim/bin'
[2.788s] Level 1:colcon.colcon_core.environment:checking '/home/tainteli/meu_workspace_agora_vai/install/turtlesim/lib/pkgconfig/turtlesim.pc'
[2.788s] Level 1:colcon.colcon_core.environment:checking '/home/tainteli/meu_workspace_agora_vai/install/turtlesim/lib/python3.10/site-packages'
[2.788s] Level 1:colcon.colcon_core.environment:checking '/home/tainteli/meu_workspace_agora_vai/install/turtlesim/bin'
[2.797s] INFO:colcon.colcon_core.shell:Creating package script '/home/tainteli/meu_workspace_agora_vai/install/turtlesim/share/turtlesim/package.ps1'
[2.798s] INFO:colcon.colcon_core.shell:Creating package descriptor '/home/tainteli/meu_workspace_agora_vai/install/turtlesim/share/turtlesim/package.dsv'
[2.799s] INFO:colcon.colcon_core.shell:Creating package script '/home/tainteli/meu_workspace_agora_vai/install/turtlesim/share/turtlesim/package.sh'
[2.799s] INFO:colcon.colcon_core.shell:Creating package script '/home/tainteli/meu_workspace_agora_vai/install/turtlesim/share/turtlesim/package.bash'
[2.800s] INFO:colcon.colcon_core.shell:Creating package script '/home/tainteli/meu_workspace_agora_vai/install/turtlesim/share/turtlesim/package.zsh'
[2.800s] Level 1:colcon.colcon_core.environment:create_file_with_runtime_dependencies(/home/tainteli/meu_workspace_agora_vai/install/turtlesim/share/colcon-core/packages/turtlesim)
[2.805s] DEBUG:colcon.colcon_core.event_handler.log_command:Invoked command in '/home/tainteli/meu_workspace_agora_vai/src/ola_mundo' returned '0': PYTHONPATH=/home/tainteli/meu_workspace_agora_vai/build/ola_mundo/prefix_override:/home/tainteli/meu_workspace_agora_vai/install/ola_mundo/lib/python3.10/site-packages:${PYTHONPATH} /usr/bin/python3 setup.py egg_info --egg-base ../../build/ola_mundo build --build-base /home/tainteli/meu_workspace_agora_vai/build/ola_mundo/build install --record /home/tainteli/meu_workspace_agora_vai/build/ola_mundo/install.log --single-version-externally-managed
[2.813s] Level 1:colcon.colcon_core.environment:checking '/home/tainteli/meu_workspace_agora_vai/install/ola_mundo' for CMake module files
[2.814s] Level 1:colcon.colcon_core.environment:checking '/home/tainteli/meu_workspace_agora_vai/install/ola_mundo' for CMake config files
[2.815s] Level 1:colcon.colcon_core.environment:checking '/home/tainteli/meu_workspace_agora_vai/install/ola_mundo/lib'
[2.815s] Level 1:colcon.colcon_core.environment:checking '/home/tainteli/meu_workspace_agora_vai/install/ola_mundo/bin'
[2.815s] Level 1:colcon.colcon_core.environment:checking '/home/tainteli/meu_workspace_agora_vai/install/ola_mundo/lib/pkgconfig/ola_mundo.pc'
[2.815s] Level 1:colcon.colcon_core.environment:checking '/home/tainteli/meu_workspace_agora_vai/install/ola_mundo/lib/python3.10/site-packages'
[2.816s] Level 1:colcon.colcon_core.shell:create_environment_hook('ola_mundo', 'pythonpath')
[2.833s] INFO:colcon.colcon_core.shell:Creating environment hook '/home/tainteli/meu_workspace_agora_vai/install/ola_mundo/share/ola_mundo/hook/pythonpath.ps1'
[2.834s] INFO:colcon.colcon_core.shell:Creating environment descriptor '/home/tainteli/meu_workspace_agora_vai/install/ola_mundo/share/ola_mundo/hook/pythonpath.dsv'
[2.834s] INFO:colcon.colcon_core.shell:Creating environment hook '/home/tainteli/meu_workspace_agora_vai/install/ola_mundo/share/ola_mundo/hook/pythonpath.sh'
[2.836s] Level 1:colcon.colcon_core.environment:checking '/home/tainteli/meu_workspace_agora_vai/install/ola_mundo/bin'
[2.836s] Level 1:colcon.colcon_core.environment:create_environment_scripts_only(ola_mundo)
[2.856s] INFO:colcon.colcon_core.shell:Creating package script '/home/tainteli/meu_workspace_agora_vai/install/ola_mundo/share/ola_mundo/package.ps1'
[2.857s] INFO:colcon.colcon_core.shell:Creating package descriptor '/home/tainteli/meu_workspace_agora_vai/install/ola_mundo/share/ola_mundo/package.dsv'
[2.858s] INFO:colcon.colcon_core.shell:Creating package script '/home/tainteli/meu_workspace_agora_vai/install/ola_mundo/share/ola_mundo/package.sh'
[2.859s] INFO:colcon.colcon_core.shell:Creating package script '/home/tainteli/meu_workspace_agora_vai/install/ola_mundo/share/ola_mundo/package.bash'
[2.859s] INFO:colcon.colcon_core.shell:Creating package script '/home/tainteli/meu_workspace_agora_vai/install/ola_mundo/share/ola_mundo/package.zsh'
[2.860s] Level 1:colcon.colcon_core.environment:create_file_with_runtime_dependencies(/home/tainteli/meu_workspace_agora_vai/install/ola_mundo/share/colcon-core/packages/ola_mundo)
[2.868s] DEBUG:colcon.colcon_core.event_handler.log_command:Invoked command in '/home/tainteli/meu_workspace_agora_vai/my_package' returned '0': PYTHONPATH=/home/tainteli/meu_workspace_agora_vai/build/my_package/prefix_override:/home/tainteli/meu_workspace_agora_vai/install/my_package/lib/python3.10/site-packages:${PYTHONPATH} /usr/bin/python3 setup.py egg_info --egg-base ../build/my_package build --build-base /home/tainteli/meu_workspace_agora_vai/build/my_package/build install --record /home/tainteli/meu_workspace_agora_vai/build/my_package/install.log --single-version-externally-managed
[2.888s] Level 1:colcon.colcon_core.environment:checking '/home/tainteli/meu_workspace_agora_vai/install/my_package' for CMake module files
[2.889s] Level 1:colcon.colcon_core.environment:checking '/home/tainteli/meu_workspace_agora_vai/install/my_package' for CMake config files
[2.890s] Level 1:colcon.colcon_core.environment:checking '/home/tainteli/meu_workspace_agora_vai/install/my_package/lib'
[2.890s] Level 1:colcon.colcon_core.environment:checking '/home/tainteli/meu_workspace_agora_vai/install/my_package/bin'
[2.890s] Level 1:colcon.colcon_core.environment:checking '/home/tainteli/meu_workspace_agora_vai/install/my_package/lib/pkgconfig/my_package.pc'
[2.891s] Level 1:colcon.colcon_core.environment:checking '/home/tainteli/meu_workspace_agora_vai/install/my_package/lib/python3.10/site-packages'
[2.891s] Level 1:colcon.colcon_core.shell:create_environment_hook('my_package', 'pythonpath')
[2.913s] INFO:colcon.colcon_core.shell:Creating environment hook '/home/tainteli/meu_workspace_agora_vai/install/my_package/share/my_package/hook/pythonpath.ps1'
[2.914s] INFO:colcon.colcon_core.shell:Creating environment descriptor '/home/tainteli/meu_workspace_agora_vai/install/my_package/share/my_package/hook/pythonpath.dsv'
[2.915s] INFO:colcon.colcon_core.shell:Creating environment hook '/home/tainteli/meu_workspace_agora_vai/install/my_package/share/my_package/hook/pythonpath.sh'
[2.916s] Level 1:colcon.colcon_core.environment:checking '/home/tainteli/meu_workspace_agora_vai/install/my_package/bin'
[2.916s] Level 1:colcon.colcon_core.environment:create_environment_scripts_only(my_package)
[2.936s] INFO:colcon.colcon_core.shell:Creating package script '/home/tainteli/meu_workspace_agora_vai/install/my_package/share/my_package/package.ps1'
[2.937s] INFO:colcon.colcon_core.shell:Creating package descriptor '/home/tainteli/meu_workspace_agora_vai/install/my_package/share/my_package/package.dsv'
[2.938s] INFO:colcon.colcon_core.shell:Creating package script '/home/tainteli/meu_workspace_agora_vai/install/my_package/share/my_package/package.sh'
[2.939s] INFO:colcon.colcon_core.shell:Creating package script '/home/tainteli/meu_workspace_agora_vai/install/my_package/share/my_package/package.bash'
[2.939s] INFO:colcon.colcon_core.shell:Creating package script '/home/tainteli/meu_workspace_agora_vai/install/my_package/share/my_package/package.zsh'
[2.940s] Level 1:colcon.colcon_core.environment:create_file_with_runtime_dependencies(/home/tainteli/meu_workspace_agora_vai/install/my_package/share/colcon-core/packages/my_package)
[3.177s] Level 1:colcon.colcon_core.environment:create_environment_scripts_only(turtlesim)
[3.196s] Level 1:colcon.colcon_core.environment:checking '/home/tainteli/meu_workspace_agora_vai/install/turtlesim' for CMake module files
[3.197s] Level 1:colcon.colcon_core.environment:checking '/home/tainteli/meu_workspace_agora_vai/install/turtlesim' for CMake config files
[3.198s] Level 1:colcon.colcon_core.shell:create_environment_hook('turtlesim', 'cmake_prefix_path')
[3.213s] INFO:colcon.colcon_core.shell:Creating environment hook '/home/tainteli/meu_workspace_agora_vai/install/turtlesim/share/turtlesim/hook/cmake_prefix_path.ps1'
[3.213s] INFO:colcon.colcon_core.shell:Creating environment descriptor '/home/tainteli/meu_workspace_agora_vai/install/turtlesim/share/turtlesim/hook/cmake_prefix_path.dsv'
[3.214s] INFO:colcon.colcon_core.shell:Creating environment hook '/home/tainteli/meu_workspace_agora_vai/install/turtlesim/share/turtlesim/hook/cmake_prefix_path.sh'
[3.215s] Level 1:colcon.colcon_core.environment:checking '/home/tainteli/meu_workspace_agora_vai/install/turtlesim/lib'
[3.215s] Level 1:colcon.colcon_core.shell:create_environment_hook('turtlesim', 'ld_library_path_lib')
[3.224s] INFO:colcon.colcon_core.shell:Creating environment hook '/home/tainteli/meu_workspace_agora_vai/install/turtlesim/share/turtlesim/hook/ld_library_path_lib.ps1'
[3.225s] INFO:colcon.colcon_core.shell:Creating environment descriptor '/home/tainteli/meu_workspace_agora_vai/install/turtlesim/share/turtlesim/hook/ld_library_path_lib.dsv'
[3.225s] INFO:colcon.colcon_core.shell:Creating environment hook '/home/tainteli/meu_workspace_agora_vai/install/turtlesim/share/turtlesim/hook/ld_library_path_lib.sh'
[3.226s] Level 1:colcon.colcon_core.environment:checking '/home/tainteli/meu_workspace_agora_vai/install/turtlesim/bin'
[3.226s] Level 1:colcon.colcon_core.environment:checking '/home/tainteli/meu_workspace_agora_vai/install/turtlesim/lib/pkgconfig/turtlesim.pc'
[3.226s] Level 1:colcon.colcon_core.environment:checking '/home/tainteli/meu_workspace_agora_vai/install/turtlesim/lib/python3.10/site-packages'
[3.226s] Level 1:colcon.colcon_core.environment:checking '/home/tainteli/meu_workspace_agora_vai/install/turtlesim/bin'
[3.238s] INFO:colcon.colcon_core.shell:Creating package script '/home/tainteli/meu_workspace_agora_vai/install/turtlesim/share/turtlesim/package.ps1'
[3.240s] INFO:colcon.colcon_core.shell:Creating package descriptor '/home/tainteli/meu_workspace_agora_vai/install/turtlesim/share/turtlesim/package.dsv'
[3.241s] INFO:colcon.colcon_core.shell:Creating package script '/home/tainteli/meu_workspace_agora_vai/install/turtlesim/share/turtlesim/package.sh'
[3.242s] INFO:colcon.colcon_core.shell:Creating package script '/home/tainteli/meu_workspace_agora_vai/install/turtlesim/share/turtlesim/package.bash'
[3.243s] INFO:colcon.colcon_core.shell:Creating package script '/home/tainteli/meu_workspace_agora_vai/install/turtlesim/share/turtlesim/package.zsh'
[3.244s] Level 1:colcon.colcon_core.environment:create_file_with_runtime_dependencies(/home/tainteli/meu_workspace_agora_vai/install/turtlesim/share/colcon-core/packages/turtlesim)
[3.245s] DEBUG:colcon.colcon_parallel_executor.executor.parallel:closing loop
[3.246s] DEBUG:colcon.colcon_parallel_executor.executor.parallel:loop closed
[3.247s] DEBUG:colcon.colcon_parallel_executor.executor.parallel:run_until_complete finished with '0'
[3.247s] DEBUG:colcon.colcon_core.event_reactor:joining thread
[3.353s] INFO:colcon.colcon_core.plugin_system:Skipping extension 'colcon_notification.desktop_notification.notify_send': Could not find 'notify-send'
[3.353s] INFO:colcon.colcon_core.plugin_system:Skipping extension 'colcon_notification.desktop_notification.terminal_notifier': Not used on non-Darwin systems
[3.353s] INFO:colcon.colcon_core.plugin_system:Skipping extension 'colcon_notification.desktop_notification.win32': Not used on non-Windows systems
[3.353s] INFO:colcon.colcon_notification.desktop_notification:Sending desktop notification using 'notify2'
[3.355s] DEBUG:colcon.colcon_notification.desktop_notification.notify2:Failed to initialize notify2: org.freedesktop.DBus.Error.ServiceUnknown: The name org.freedesktop.Notifications was not provided by any .service files
[3.355s] DEBUG:colcon.colcon_core.event_reactor:joined thread
[3.364s] INFO:colcon.colcon_core.shell:Creating prefix script '/home/tainteli/meu_workspace_agora_vai/install/local_setup.ps1'
[3.365s] INFO:colcon.colcon_core.shell:Creating prefix util module '/home/tainteli/meu_workspace_agora_vai/install/_local_setup_util_ps1.py'
[3.366s] INFO:colcon.colcon_core.shell:Creating prefix chain script '/home/tainteli/meu_workspace_agora_vai/install/setup.ps1'
[3.382s] INFO:colcon.colcon_core.shell:Creating prefix script '/home/tainteli/meu_workspace_agora_vai/install/local_setup.sh'
[3.383s] INFO:colcon.colcon_core.shell:Creating prefix util module '/home/tainteli/meu_workspace_agora_vai/install/_local_setup_util_sh.py'
[3.383s] INFO:colcon.colcon_core.shell:Creating prefix chain script '/home/tainteli/meu_workspace_agora_vai/install/setup.sh'
[3.396s] INFO:colcon.colcon_core.shell:Creating prefix script '/home/tainteli/meu_workspace_agora_vai/install/local_setup.bash'
[3.397s] INFO:colcon.colcon_core.shell:Creating prefix chain script '/home/tainteli/meu_workspace_agora_vai/install/setup.bash'
[3.416s] INFO:colcon.colcon_core.shell:Creating prefix script '/home/tainteli/meu_workspace_agora_vai/install/local_setup.zsh'
[3.417s] INFO:colcon.colcon_core.shell:Creating prefix chain script '/home/tainteli/meu_workspace_agora_vai/install/setup.zsh'
