[0.673s] Invoking command in '/home/tainteli/meu_workspace_agora_vai/build/turtlesim': CMAKE_PREFIX_PATH=/opt/ros/humble /home/tainteli/.local/bin/cmake --build /home/tainteli/meu_workspace_agora_vai/build/turtlesim -- -j8 -l8
[0.741s] [  1%] Built target turtlesim__cpp
[0.746s] [ 11%] Built target turtlesim__rosidl_generator_c
[0.746s] [ 11%] Built target ament_cmake_python_copy_turtlesim
[0.759s] [ 21%] Built target turtlesim__rosidl_typesupport_cpp
[0.761s] [ 31%] Built target turtlesim__rosidl_typesupport_fastrtps_cpp
[0.761s] [ 41%] Built target turtlesim__rosidl_typesupport_introspection_cpp
[0.763s] [ 51%] Built target turtlesim__rosidl_typesupport_introspection_c
[0.769s] [ 61%] Built target turtlesim__rosidl_typesupport_fastrtps_c
[0.772s] [ 71%] Built target turtlesim__rosidl_typesupport_c
[0.781s] [ 73%] Built target turtle_teleop_key
[0.783s] [ 73%] Built target turtlesim
[0.784s] [ 75%] Built target mimic
[0.785s] [ 81%] Built target turtlesim_node
[0.786s] [ 83%] Built target draw_square
[0.794s] [ 84%] Built target turtlesim__py
[0.811s] [ 93%] Built target turtlesim__rosidl_generator_py
[0.822s] [ 95%] Built target turtlesim__rosidl_typesupport_fastrtps_c__pyext
[0.823s] [ 97%] Built target turtlesim__rosidl_typesupport_introspection_c__pyext
[0.823s] [100%] Built target turtlesim__rosidl_typesupport_c__pyext
[0.984s] running egg_info
[0.985s] writing turtlesim.egg-info/PKG-INFO
[0.985s] writing dependency_links to turtlesim.egg-info/dependency_links.txt
[0.985s] writing top-level names to turtlesim.egg-info/top_level.txt
[0.988s] reading manifest file 'turtlesim.egg-info/SOURCES.txt'
[0.988s] writing manifest file 'turtlesim.egg-info/SOURCES.txt'
[1.017s] [100%] Built target ament_cmake_python_build_turtlesim_egg
[1.033s] Invoked command in '/home/tainteli/meu_workspace_agora_vai/build/turtlesim' returned '0': CMAKE_PREFIX_PATH=/opt/ros/humble /home/tainteli/.local/bin/cmake --build /home/tainteli/meu_workspace_agora_vai/build/turtlesim -- -j8 -l8
[1.298s] Invoking command in '/home/tainteli/meu_workspace_agora_vai/build/turtlesim': CMAKE_PREFIX_PATH=/opt/ros/humble /home/tainteli/.local/bin/cmake --install /home/tainteli/meu_workspace_agora_vai/build/turtlesim
[1.322s] -- Install configuration: ""
[1.323s] -- Up-to-date: /home/tainteli/meu_workspace_agora_vai/install/turtlesim/share/ament_index/resource_index/rosidl_interfaces/turtlesim
[1.323s] -- Up-to-date: /home/tainteli/meu_workspace_agora_vai/install/turtlesim/include/turtlesim/turtlesim
[1.323s] -- Up-to-date: /home/tainteli/meu_workspace_agora_vai/install/turtlesim/include/turtlesim/turtlesim/msg
[1.324s] -- Up-to-date: /home/tainteli/meu_workspace_agora_vai/install/turtlesim/include/turtlesim/turtlesim/msg/pose.h
[1.324s] -- Up-to-date: /home/tainteli/meu_workspace_agora_vai/install/turtlesim/include/turtlesim/turtlesim/msg/detail
[1.324s] -- Up-to-date: /home/tainteli/meu_workspace_agora_vai/install/turtlesim/include/turtlesim/turtlesim/msg/detail/color__functions.c
[1.324s] -- Up-to-date: /home/tainteli/meu_workspace_agora_vai/install/turtlesim/include/turtlesim/turtlesim/msg/detail/pose__functions.h
[1.324s] -- Up-to-date: /home/tainteli/meu_workspace_agora_vai/install/turtlesim/include/turtlesim/turtlesim/msg/detail/color__functions.h
[1.324s] -- Up-to-date: /home/tainteli/meu_workspace_agora_vai/install/turtlesim/include/turtlesim/turtlesim/msg/detail/pose__struct.h
[1.324s] -- Up-to-date: /home/tainteli/meu_workspace_agora_vai/install/turtlesim/include/turtlesim/turtlesim/msg/detail/pose__functions.c
[1.324s] -- Up-to-date: /home/tainteli/meu_workspace_agora_vai/install/turtlesim/include/turtlesim/turtlesim/msg/detail/color__struct.h
[1.325s] -- Up-to-date: /home/tainteli/meu_workspace_agora_vai/install/turtlesim/include/turtlesim/turtlesim/msg/detail/pose__type_support.h
[1.325s] -- Up-to-date: /home/tainteli/meu_workspace_agora_vai/install/turtlesim/include/turtlesim/turtlesim/msg/detail/color__type_support.h
[1.325s] -- Up-to-date: /home/tainteli/meu_workspace_agora_vai/install/turtlesim/include/turtlesim/turtlesim/msg/rosidl_generator_c__visibility_control.h
[1.325s] -- Up-to-date: /home/tainteli/meu_workspace_agora_vai/install/turtlesim/include/turtlesim/turtlesim/msg/color.h
[1.325s] -- Up-to-date: /home/tainteli/meu_workspace_agora_vai/install/turtlesim/include/turtlesim/turtlesim/action
[1.325s] -- Up-to-date: /home/tainteli/meu_workspace_agora_vai/install/turtlesim/include/turtlesim/turtlesim/action/rotate_absolute.h
[1.325s] -- Up-to-date: /home/tainteli/meu_workspace_agora_vai/install/turtlesim/include/turtlesim/turtlesim/action/detail
[1.326s] -- Up-to-date: /home/tainteli/meu_workspace_agora_vai/install/turtlesim/include/turtlesim/turtlesim/action/detail/rotate_absolute__type_support.h
[1.326s] -- Up-to-date: /home/tainteli/meu_workspace_agora_vai/install/turtlesim/include/turtlesim/turtlesim/action/detail/rotate_absolute__struct.h
[1.326s] -- Up-to-date: /home/tainteli/meu_workspace_agora_vai/install/turtlesim/include/turtlesim/turtlesim/action/detail/rotate_absolute__functions.h
[1.327s] -- Up-to-date: /home/tainteli/meu_workspace_agora_vai/install/turtlesim/include/turtlesim/turtlesim/action/detail/rotate_absolute__functions.c
[1.327s] -- Up-to-date: /home/tainteli/meu_workspace_agora_vai/install/turtlesim/include/turtlesim/turtlesim/srv
[1.327s] -- Up-to-date: /home/tainteli/meu_workspace_agora_vai/install/turtlesim/include/turtlesim/turtlesim/srv/set_pen.h
[1.327s] -- Up-to-date: /home/tainteli/meu_workspace_agora_vai/install/turtlesim/include/turtlesim/turtlesim/srv/spawn.h
[1.327s] -- Up-to-date: /home/tainteli/meu_workspace_agora_vai/install/turtlesim/include/turtlesim/turtlesim/srv/detail
[1.328s] -- Up-to-date: /home/tainteli/meu_workspace_agora_vai/install/turtlesim/include/turtlesim/turtlesim/srv/detail/teleport_absolute__functions.c
[1.328s] -- Up-to-date: /home/tainteli/meu_workspace_agora_vai/install/turtlesim/include/turtlesim/turtlesim/srv/detail/set_pen__struct.h
[1.328s] -- Up-to-date: /home/tainteli/meu_workspace_agora_vai/install/turtlesim/include/turtlesim/turtlesim/srv/detail/spawn__type_support.h
[1.328s] -- Up-to-date: /home/tainteli/meu_workspace_agora_vai/install/turtlesim/include/turtlesim/turtlesim/srv/detail/teleport_absolute__struct.h
[1.328s] -- Up-to-date: /home/tainteli/meu_workspace_agora_vai/install/turtlesim/include/turtlesim/turtlesim/srv/detail/kill__functions.h
[1.328s] -- Up-to-date: /home/tainteli/meu_workspace_agora_vai/install/turtlesim/include/turtlesim/turtlesim/srv/detail/set_pen__functions.c
[1.329s] -- Up-to-date: /home/tainteli/meu_workspace_agora_vai/install/turtlesim/include/turtlesim/turtlesim/srv/detail/set_pen__type_support.h
[1.329s] -- Up-to-date: /home/tainteli/meu_workspace_agora_vai/install/turtlesim/include/turtlesim/turtlesim/srv/detail/kill__type_support.h
[1.329s] -- Up-to-date: /home/tainteli/meu_workspace_agora_vai/install/turtlesim/include/turtlesim/turtlesim/srv/detail/spawn__struct.h
[1.329s] -- Up-to-date: /home/tainteli/meu_workspace_agora_vai/install/turtlesim/include/turtlesim/turtlesim/srv/detail/teleport_absolute__type_support.h
[1.329s] -- Up-to-date: /home/tainteli/meu_workspace_agora_vai/install/turtlesim/include/turtlesim/turtlesim/srv/detail/set_pen__functions.h
[1.329s] -- Up-to-date: /home/tainteli/meu_workspace_agora_vai/install/turtlesim/include/turtlesim/turtlesim/srv/detail/teleport_relative__functions.h
[1.330s] -- Up-to-date: /home/tainteli/meu_workspace_agora_vai/install/turtlesim/include/turtlesim/turtlesim/srv/detail/kill__struct.h
[1.330s] -- Up-to-date: /home/tainteli/meu_workspace_agora_vai/install/turtlesim/include/turtlesim/turtlesim/srv/detail/spawn__functions.h
[1.330s] -- Up-to-date: /home/tainteli/meu_workspace_agora_vai/install/turtlesim/include/turtlesim/turtlesim/srv/detail/teleport_absolute__functions.h
[1.330s] -- Up-to-date: /home/tainteli/meu_workspace_agora_vai/install/turtlesim/include/turtlesim/turtlesim/srv/detail/teleport_relative__type_support.h
[1.331s] -- Up-to-date: /home/tainteli/meu_workspace_agora_vai/install/turtlesim/include/turtlesim/turtlesim/srv/detail/kill__functions.c
[1.331s] -- Up-to-date: /home/tainteli/meu_workspace_agora_vai/install/turtlesim/include/turtlesim/turtlesim/srv/detail/teleport_relative__struct.h
[1.331s] -- Up-to-date: /home/tainteli/meu_workspace_agora_vai/install/turtlesim/include/turtlesim/turtlesim/srv/detail/spawn__functions.c
[1.331s] -- Up-to-date: /home/tainteli/meu_workspace_agora_vai/install/turtlesim/include/turtlesim/turtlesim/srv/detail/teleport_relative__functions.c
[1.331s] -- Up-to-date: /home/tainteli/meu_workspace_agora_vai/install/turtlesim/include/turtlesim/turtlesim/srv/kill.h
[1.331s] -- Up-to-date: /home/tainteli/meu_workspace_agora_vai/install/turtlesim/include/turtlesim/turtlesim/srv/teleport_relative.h
[1.332s] -- Up-to-date: /home/tainteli/meu_workspace_agora_vai/install/turtlesim/include/turtlesim/turtlesim/srv/teleport_absolute.h
[1.332s] -- Up-to-date: /home/tainteli/meu_workspace_agora_vai/install/turtlesim/share/turtlesim/environment/library_path.sh
[1.332s] -- Up-to-date: /home/tainteli/meu_workspace_agora_vai/install/turtlesim/share/turtlesim/environment/library_path.dsv
[1.332s] -- Up-to-date: /home/tainteli/meu_workspace_agora_vai/install/turtlesim/lib/libturtlesim__rosidl_generator_c.so
[1.332s] -- Up-to-date: /home/tainteli/meu_workspace_agora_vai/install/turtlesim/include/turtlesim/turtlesim
[1.333s] -- Up-to-date: /home/tainteli/meu_workspace_agora_vai/install/turtlesim/include/turtlesim/turtlesim/msg
[1.333s] -- Up-to-date: /home/tainteli/meu_workspace_agora_vai/install/turtlesim/include/turtlesim/turtlesim/msg/rosidl_typesupport_fastrtps_c__visibility_control.h
[1.333s] -- Up-to-date: /home/tainteli/meu_workspace_agora_vai/install/turtlesim/include/turtlesim/turtlesim/msg/detail
[1.333s] -- Up-to-date: /home/tainteli/meu_workspace_agora_vai/install/turtlesim/include/turtlesim/turtlesim/msg/detail/pose__rosidl_typesupport_fastrtps_c.h
[1.334s] -- Up-to-date: /home/tainteli/meu_workspace_agora_vai/install/turtlesim/include/turtlesim/turtlesim/msg/detail/color__rosidl_typesupport_fastrtps_c.h
[1.334s] -- Up-to-date: /home/tainteli/meu_workspace_agora_vai/install/turtlesim/include/turtlesim/turtlesim/action
[1.334s] -- Up-to-date: /home/tainteli/meu_workspace_agora_vai/install/turtlesim/include/turtlesim/turtlesim/action/detail
[1.334s] -- Up-to-date: /home/tainteli/meu_workspace_agora_vai/install/turtlesim/include/turtlesim/turtlesim/action/detail/rotate_absolute__rosidl_typesupport_fastrtps_c.h
[1.334s] -- Up-to-date: /home/tainteli/meu_workspace_agora_vai/install/turtlesim/include/turtlesim/turtlesim/srv
[1.334s] -- Up-to-date: /home/tainteli/meu_workspace_agora_vai/install/turtlesim/include/turtlesim/turtlesim/srv/detail
[1.334s] -- Up-to-date: /home/tainteli/meu_workspace_agora_vai/install/turtlesim/include/turtlesim/turtlesim/srv/detail/teleport_absolute__rosidl_typesupport_fastrtps_c.h
[1.334s] -- Up-to-date: /home/tainteli/meu_workspace_agora_vai/install/turtlesim/include/turtlesim/turtlesim/srv/detail/teleport_relative__rosidl_typesupport_fastrtps_c.h
[1.335s] -- Up-to-date: /home/tainteli/meu_workspace_agora_vai/install/turtlesim/include/turtlesim/turtlesim/srv/detail/set_pen__rosidl_typesupport_fastrtps_c.h
[1.335s] -- Up-to-date: /home/tainteli/meu_workspace_agora_vai/install/turtlesim/include/turtlesim/turtlesim/srv/detail/kill__rosidl_typesupport_fastrtps_c.h
[1.335s] -- Up-to-date: /home/tainteli/meu_workspace_agora_vai/install/turtlesim/include/turtlesim/turtlesim/srv/detail/spawn__rosidl_typesupport_fastrtps_c.h
[1.335s] -- Up-to-date: /home/tainteli/meu_workspace_agora_vai/install/turtlesim/lib/libturtlesim__rosidl_typesupport_fastrtps_c.so
[1.335s] -- Up-to-date: /home/tainteli/meu_workspace_agora_vai/install/turtlesim/include/turtlesim/turtlesim
[1.335s] -- Up-to-date: /home/tainteli/meu_workspace_agora_vai/install/turtlesim/include/turtlesim/turtlesim/msg
[1.335s] -- Up-to-date: /home/tainteli/meu_workspace_agora_vai/install/turtlesim/include/turtlesim/turtlesim/msg/pose.hpp
[1.335s] -- Up-to-date: /home/tainteli/meu_workspace_agora_vai/install/turtlesim/include/turtlesim/turtlesim/msg/color.hpp
[1.335s] -- Up-to-date: /home/tainteli/meu_workspace_agora_vai/install/turtlesim/include/turtlesim/turtlesim/msg/detail
[1.336s] -- Up-to-date: /home/tainteli/meu_workspace_agora_vai/install/turtlesim/include/turtlesim/turtlesim/msg/detail/pose__struct.hpp
[1.336s] -- Up-to-date: /home/tainteli/meu_workspace_agora_vai/install/turtlesim/include/turtlesim/turtlesim/msg/detail/pose__builder.hpp
[1.336s] -- Up-to-date: /home/tainteli/meu_workspace_agora_vai/install/turtlesim/include/turtlesim/turtlesim/msg/detail/color__traits.hpp
[1.336s] -- Up-to-date: /home/tainteli/meu_workspace_agora_vai/install/turtlesim/include/turtlesim/turtlesim/msg/detail/color__struct.hpp
[1.336s] -- Up-to-date: /home/tainteli/meu_workspace_agora_vai/install/turtlesim/include/turtlesim/turtlesim/msg/detail/color__builder.hpp
[1.337s] -- Up-to-date: /home/tainteli/meu_workspace_agora_vai/install/turtlesim/include/turtlesim/turtlesim/msg/detail/pose__traits.hpp
[1.337s] -- Up-to-date: /home/tainteli/meu_workspace_agora_vai/install/turtlesim/include/turtlesim/turtlesim/action
[1.337s] -- Up-to-date: /home/tainteli/meu_workspace_agora_vai/install/turtlesim/include/turtlesim/turtlesim/action/detail
[1.337s] -- Up-to-date: /home/tainteli/meu_workspace_agora_vai/install/turtlesim/include/turtlesim/turtlesim/action/detail/rotate_absolute__traits.hpp
[1.337s] -- Up-to-date: /home/tainteli/meu_workspace_agora_vai/install/turtlesim/include/turtlesim/turtlesim/action/detail/rotate_absolute__builder.hpp
[1.338s] -- Up-to-date: /home/tainteli/meu_workspace_agora_vai/install/turtlesim/include/turtlesim/turtlesim/action/detail/rotate_absolute__struct.hpp
[1.338s] -- Up-to-date: /home/tainteli/meu_workspace_agora_vai/install/turtlesim/include/turtlesim/turtlesim/action/rotate_absolute.hpp
[1.338s] -- Up-to-date: /home/tainteli/meu_workspace_agora_vai/install/turtlesim/include/turtlesim/turtlesim/srv
[1.338s] -- Up-to-date: /home/tainteli/meu_workspace_agora_vai/install/turtlesim/include/turtlesim/turtlesim/srv/teleport_relative.hpp
[1.338s] -- Up-to-date: /home/tainteli/meu_workspace_agora_vai/install/turtlesim/include/turtlesim/turtlesim/srv/teleport_absolute.hpp
[1.338s] -- Up-to-date: /home/tainteli/meu_workspace_agora_vai/install/turtlesim/include/turtlesim/turtlesim/srv/detail
[1.338s] -- Up-to-date: /home/tainteli/meu_workspace_agora_vai/install/turtlesim/include/turtlesim/turtlesim/srv/detail/spawn__builder.hpp
[1.338s] -- Up-to-date: /home/tainteli/meu_workspace_agora_vai/install/turtlesim/include/turtlesim/turtlesim/srv/detail/teleport_relative__struct.hpp
[1.338s] -- Up-to-date: /home/tainteli/meu_workspace_agora_vai/install/turtlesim/include/turtlesim/turtlesim/srv/detail/kill__traits.hpp
[1.338s] -- Up-to-date: /home/tainteli/meu_workspace_agora_vai/install/turtlesim/include/turtlesim/turtlesim/srv/detail/set_pen__struct.hpp
[1.338s] -- Up-to-date: /home/tainteli/meu_workspace_agora_vai/install/turtlesim/include/turtlesim/turtlesim/srv/detail/spawn__struct.hpp
[1.338s] -- Up-to-date: /home/tainteli/meu_workspace_agora_vai/install/turtlesim/include/turtlesim/turtlesim/srv/detail/teleport_absolute__struct.hpp
[1.339s] -- Up-to-date: /home/tainteli/meu_workspace_agora_vai/install/turtlesim/include/turtlesim/turtlesim/srv/detail/kill__struct.hpp
[1.339s] -- Up-to-date: /home/tainteli/meu_workspace_agora_vai/install/turtlesim/include/turtlesim/turtlesim/srv/detail/spawn__traits.hpp
[1.339s] -- Up-to-date: /home/tainteli/meu_workspace_agora_vai/install/turtlesim/include/turtlesim/turtlesim/srv/detail/teleport_absolute__builder.hpp
[1.339s] -- Up-to-date: /home/tainteli/meu_workspace_agora_vai/install/turtlesim/include/turtlesim/turtlesim/srv/detail/set_pen__traits.hpp
[1.339s] -- Up-to-date: /home/tainteli/meu_workspace_agora_vai/install/turtlesim/include/turtlesim/turtlesim/srv/detail/teleport_relative__builder.hpp
[1.339s] -- Up-to-date: /home/tainteli/meu_workspace_agora_vai/install/turtlesim/include/turtlesim/turtlesim/srv/detail/teleport_absolute__traits.hpp
[1.339s] -- Up-to-date: /home/tainteli/meu_workspace_agora_vai/install/turtlesim/include/turtlesim/turtlesim/srv/detail/teleport_relative__traits.hpp
[1.339s] -- Up-to-date: /home/tainteli/meu_workspace_agora_vai/install/turtlesim/include/turtlesim/turtlesim/srv/detail/set_pen__builder.hpp
[1.339s] -- Up-to-date: /home/tainteli/meu_workspace_agora_vai/install/turtlesim/include/turtlesim/turtlesim/srv/detail/kill__builder.hpp
[1.339s] -- Up-to-date: /home/tainteli/meu_workspace_agora_vai/install/turtlesim/include/turtlesim/turtlesim/srv/set_pen.hpp
[1.339s] -- Up-to-date: /home/tainteli/meu_workspace_agora_vai/install/turtlesim/include/turtlesim/turtlesim/srv/kill.hpp
[1.339s] -- Up-to-date: /home/tainteli/meu_workspace_agora_vai/install/turtlesim/include/turtlesim/turtlesim/srv/spawn.hpp
[1.339s] -- Up-to-date: /home/tainteli/meu_workspace_agora_vai/install/turtlesim/include/turtlesim/turtlesim
[1.339s] -- Up-to-date: /home/tainteli/meu_workspace_agora_vai/install/turtlesim/include/turtlesim/turtlesim/msg
[1.339s] -- Up-to-date: /home/tainteli/meu_workspace_agora_vai/install/turtlesim/include/turtlesim/turtlesim/msg/detail
[1.339s] -- Up-to-date: /home/tainteli/meu_workspace_agora_vai/install/turtlesim/include/turtlesim/turtlesim/msg/detail/color__rosidl_typesupport_fastrtps_cpp.hpp
[1.339s] -- Up-to-date: /home/tainteli/meu_workspace_agora_vai/install/turtlesim/include/turtlesim/turtlesim/msg/detail/pose__rosidl_typesupport_fastrtps_cpp.hpp
[1.339s] -- Up-to-date: /home/tainteli/meu_workspace_agora_vai/install/turtlesim/include/turtlesim/turtlesim/msg/detail/dds_fastrtps
[1.340s] -- Up-to-date: /home/tainteli/meu_workspace_agora_vai/install/turtlesim/include/turtlesim/turtlesim/msg/rosidl_typesupport_fastrtps_cpp__visibility_control.h
[1.340s] -- Up-to-date: /home/tainteli/meu_workspace_agora_vai/install/turtlesim/include/turtlesim/turtlesim/action
[1.340s] -- Up-to-date: /home/tainteli/meu_workspace_agora_vai/install/turtlesim/include/turtlesim/turtlesim/action/detail
[1.340s] -- Up-to-date: /home/tainteli/meu_workspace_agora_vai/install/turtlesim/include/turtlesim/turtlesim/action/detail/rotate_absolute__rosidl_typesupport_fastrtps_cpp.hpp
[1.340s] -- Up-to-date: /home/tainteli/meu_workspace_agora_vai/install/turtlesim/include/turtlesim/turtlesim/action/detail/dds_fastrtps
[1.340s] -- Up-to-date: /home/tainteli/meu_workspace_agora_vai/install/turtlesim/include/turtlesim/turtlesim/srv
[1.340s] -- Up-to-date: /home/tainteli/meu_workspace_agora_vai/install/turtlesim/include/turtlesim/turtlesim/srv/detail
[1.340s] -- Up-to-date: /home/tainteli/meu_workspace_agora_vai/install/turtlesim/include/turtlesim/turtlesim/srv/detail/teleport_relative__rosidl_typesupport_fastrtps_cpp.hpp
[1.340s] -- Up-to-date: /home/tainteli/meu_workspace_agora_vai/install/turtlesim/include/turtlesim/turtlesim/srv/detail/teleport_absolute__rosidl_typesupport_fastrtps_cpp.hpp
[1.340s] -- Up-to-date: /home/tainteli/meu_workspace_agora_vai/install/turtlesim/include/turtlesim/turtlesim/srv/detail/kill__rosidl_typesupport_fastrtps_cpp.hpp
[1.340s] -- Up-to-date: /home/tainteli/meu_workspace_agora_vai/install/turtlesim/include/turtlesim/turtlesim/srv/detail/set_pen__rosidl_typesupport_fastrtps_cpp.hpp
[1.340s] -- Up-to-date: /home/tainteli/meu_workspace_agora_vai/install/turtlesim/include/turtlesim/turtlesim/srv/detail/spawn__rosidl_typesupport_fastrtps_cpp.hpp
[1.340s] -- Up-to-date: /home/tainteli/meu_workspace_agora_vai/install/turtlesim/include/turtlesim/turtlesim/srv/detail/dds_fastrtps
[1.340s] -- Up-to-date: /home/tainteli/meu_workspace_agora_vai/install/turtlesim/lib/libturtlesim__rosidl_typesupport_fastrtps_cpp.so
[1.340s] -- Up-to-date: /home/tainteli/meu_workspace_agora_vai/install/turtlesim/include/turtlesim/turtlesim
[1.340s] -- Up-to-date: /home/tainteli/meu_workspace_agora_vai/install/turtlesim/include/turtlesim/turtlesim/msg
[1.340s] -- Up-to-date: /home/tainteli/meu_workspace_agora_vai/install/turtlesim/include/turtlesim/turtlesim/msg/detail
[1.340s] -- Up-to-date: /home/tainteli/meu_workspace_agora_vai/install/turtlesim/include/turtlesim/turtlesim/msg/detail/pose__type_support.c
[1.340s] -- Up-to-date: /home/tainteli/meu_workspace_agora_vai/install/turtlesim/include/turtlesim/turtlesim/msg/detail/color__type_support.c
[1.341s] -- Up-to-date: /home/tainteli/meu_workspace_agora_vai/install/turtlesim/include/turtlesim/turtlesim/msg/detail/color__rosidl_typesupport_introspection_c.h
[1.341s] -- Up-to-date: /home/tainteli/meu_workspace_agora_vai/install/turtlesim/include/turtlesim/turtlesim/msg/detail/pose__rosidl_typesupport_introspection_c.h
[1.341s] -- Up-to-date: /home/tainteli/meu_workspace_agora_vai/install/turtlesim/include/turtlesim/turtlesim/msg/rosidl_typesupport_introspection_c__visibility_control.h
[1.341s] -- Up-to-date: /home/tainteli/meu_workspace_agora_vai/install/turtlesim/include/turtlesim/turtlesim/action
[1.341s] -- Up-to-date: /home/tainteli/meu_workspace_agora_vai/install/turtlesim/include/turtlesim/turtlesim/action/detail
[1.341s] -- Up-to-date: /home/tainteli/meu_workspace_agora_vai/install/turtlesim/include/turtlesim/turtlesim/action/detail/rotate_absolute__rosidl_typesupport_introspection_c.h
[1.341s] -- Up-to-date: /home/tainteli/meu_workspace_agora_vai/install/turtlesim/include/turtlesim/turtlesim/action/detail/rotate_absolute__type_support.c
[1.341s] -- Up-to-date: /home/tainteli/meu_workspace_agora_vai/install/turtlesim/include/turtlesim/turtlesim/srv
[1.341s] -- Up-to-date: /home/tainteli/meu_workspace_agora_vai/install/turtlesim/include/turtlesim/turtlesim/srv/detail
[1.341s] -- Up-to-date: /home/tainteli/meu_workspace_agora_vai/install/turtlesim/include/turtlesim/turtlesim/srv/detail/teleport_relative__rosidl_typesupport_introspection_c.h
[1.341s] -- Up-to-date: /home/tainteli/meu_workspace_agora_vai/install/turtlesim/include/turtlesim/turtlesim/srv/detail/set_pen__rosidl_typesupport_introspection_c.h
[1.341s] -- Up-to-date: /home/tainteli/meu_workspace_agora_vai/install/turtlesim/include/turtlesim/turtlesim/srv/detail/teleport_absolute__type_support.c
[1.341s] -- Up-to-date: /home/tainteli/meu_workspace_agora_vai/install/turtlesim/include/turtlesim/turtlesim/srv/detail/teleport_relative__type_support.c
[1.341s] -- Up-to-date: /home/tainteli/meu_workspace_agora_vai/install/turtlesim/include/turtlesim/turtlesim/srv/detail/kill__type_support.c
[1.342s] -- Up-to-date: /home/tainteli/meu_workspace_agora_vai/install/turtlesim/include/turtlesim/turtlesim/srv/detail/spawn__rosidl_typesupport_introspection_c.h
[1.342s] -- Up-to-date: /home/tainteli/meu_workspace_agora_vai/install/turtlesim/include/turtlesim/turtlesim/srv/detail/set_pen__type_support.c
[1.342s] -- Up-to-date: /home/tainteli/meu_workspace_agora_vai/install/turtlesim/include/turtlesim/turtlesim/srv/detail/spawn__type_support.c
[1.342s] -- Up-to-date: /home/tainteli/meu_workspace_agora_vai/install/turtlesim/include/turtlesim/turtlesim/srv/detail/teleport_absolute__rosidl_typesupport_introspection_c.h
[1.342s] -- Up-to-date: /home/tainteli/meu_workspace_agora_vai/install/turtlesim/include/turtlesim/turtlesim/srv/detail/kill__rosidl_typesupport_introspection_c.h
[1.343s] -- Up-to-date: /home/tainteli/meu_workspace_agora_vai/install/turtlesim/lib/libturtlesim__rosidl_typesupport_introspection_c.so
[1.343s] -- Up-to-date: /home/tainteli/meu_workspace_agora_vai/install/turtlesim/lib/libturtlesim__rosidl_typesupport_c.so
[1.343s] -- Up-to-date: /home/tainteli/meu_workspace_agora_vai/install/turtlesim/include/turtlesim/turtlesim
[1.343s] -- Up-to-date: /home/tainteli/meu_workspace_agora_vai/install/turtlesim/include/turtlesim/turtlesim/msg
[1.343s] -- Up-to-date: /home/tainteli/meu_workspace_agora_vai/install/turtlesim/include/turtlesim/turtlesim/msg/detail
[1.343s] -- Up-to-date: /home/tainteli/meu_workspace_agora_vai/install/turtlesim/include/turtlesim/turtlesim/msg/detail/pose__rosidl_typesupport_introspection_cpp.hpp
[1.343s] -- Up-to-date: /home/tainteli/meu_workspace_agora_vai/install/turtlesim/include/turtlesim/turtlesim/msg/detail/pose__type_support.cpp
[1.343s] -- Up-to-date: /home/tainteli/meu_workspace_agora_vai/install/turtlesim/include/turtlesim/turtlesim/msg/detail/color__type_support.cpp
[1.343s] -- Up-to-date: /home/tainteli/meu_workspace_agora_vai/install/turtlesim/include/turtlesim/turtlesim/msg/detail/color__rosidl_typesupport_introspection_cpp.hpp
[1.343s] -- Up-to-date: /home/tainteli/meu_workspace_agora_vai/install/turtlesim/include/turtlesim/turtlesim/action
[1.343s] -- Up-to-date: /home/tainteli/meu_workspace_agora_vai/install/turtlesim/include/turtlesim/turtlesim/action/detail
[1.343s] -- Up-to-date: /home/tainteli/meu_workspace_agora_vai/install/turtlesim/include/turtlesim/turtlesim/action/detail/rotate_absolute__type_support.cpp
[1.343s] -- Up-to-date: /home/tainteli/meu_workspace_agora_vai/install/turtlesim/include/turtlesim/turtlesim/action/detail/rotate_absolute__rosidl_typesupport_introspection_cpp.hpp
[1.343s] -- Up-to-date: /home/tainteli/meu_workspace_agora_vai/install/turtlesim/include/turtlesim/turtlesim/srv
[1.343s] -- Up-to-date: /home/tainteli/meu_workspace_agora_vai/install/turtlesim/include/turtlesim/turtlesim/srv/detail
[1.343s] -- Up-to-date: /home/tainteli/meu_workspace_agora_vai/install/turtlesim/include/turtlesim/turtlesim/srv/detail/spawn__rosidl_typesupport_introspection_cpp.hpp
[1.343s] -- Up-to-date: /home/tainteli/meu_workspace_agora_vai/install/turtlesim/include/turtlesim/turtlesim/srv/detail/set_pen__rosidl_typesupport_introspection_cpp.hpp
[1.344s] -- Up-to-date: /home/tainteli/meu_workspace_agora_vai/install/turtlesim/include/turtlesim/turtlesim/srv/detail/kill__rosidl_typesupport_introspection_cpp.hpp
[1.344s] -- Up-to-date: /home/tainteli/meu_workspace_agora_vai/install/turtlesim/include/turtlesim/turtlesim/srv/detail/teleport_absolute__type_support.cpp
[1.344s] -- Up-to-date: /home/tainteli/meu_workspace_agora_vai/install/turtlesim/include/turtlesim/turtlesim/srv/detail/spawn__type_support.cpp
[1.344s] -- Up-to-date: /home/tainteli/meu_workspace_agora_vai/install/turtlesim/include/turtlesim/turtlesim/srv/detail/kill__type_support.cpp
[1.344s] -- Up-to-date: /home/tainteli/meu_workspace_agora_vai/install/turtlesim/include/turtlesim/turtlesim/srv/detail/teleport_relative__type_support.cpp
[1.344s] -- Up-to-date: /home/tainteli/meu_workspace_agora_vai/install/turtlesim/include/turtlesim/turtlesim/srv/detail/teleport_absolute__rosidl_typesupport_introspection_cpp.hpp
[1.344s] -- Up-to-date: /home/tainteli/meu_workspace_agora_vai/install/turtlesim/include/turtlesim/turtlesim/srv/detail/teleport_relative__rosidl_typesupport_introspection_cpp.hpp
[1.344s] -- Up-to-date: /home/tainteli/meu_workspace_agora_vai/install/turtlesim/include/turtlesim/turtlesim/srv/detail/set_pen__type_support.cpp
[1.344s] -- Up-to-date: /home/tainteli/meu_workspace_agora_vai/install/turtlesim/lib/libturtlesim__rosidl_typesupport_introspection_cpp.so
[1.345s] -- Up-to-date: /home/tainteli/meu_workspace_agora_vai/install/turtlesim/lib/libturtlesim__rosidl_typesupport_cpp.so
[1.345s] -- Up-to-date: /home/tainteli/meu_workspace_agora_vai/install/turtlesim/share/turtlesim/environment/pythonpath.sh
[1.345s] -- Up-to-date: /home/tainteli/meu_workspace_agora_vai/install/turtlesim/share/turtlesim/environment/pythonpath.dsv
[1.345s] -- Up-to-date: /home/tainteli/meu_workspace_agora_vai/install/turtlesim/local/lib/python3.10/dist-packages/turtlesim-1.4.2-py3.10.egg-info
[1.345s] -- Installing: /home/tainteli/meu_workspace_agora_vai/install/turtlesim/local/lib/python3.10/dist-packages/turtlesim-1.4.2-py3.10.egg-info/top_level.txt
[1.345s] -- Installing: /home/tainteli/meu_workspace_agora_vai/install/turtlesim/local/lib/python3.10/dist-packages/turtlesim-1.4.2-py3.10.egg-info/SOURCES.txt
[1.345s] -- Installing: /home/tainteli/meu_workspace_agora_vai/install/turtlesim/local/lib/python3.10/dist-packages/turtlesim-1.4.2-py3.10.egg-info/dependency_links.txt
[1.345s] -- Installing: /home/tainteli/meu_workspace_agora_vai/install/turtlesim/local/lib/python3.10/dist-packages/turtlesim-1.4.2-py3.10.egg-info/PKG-INFO
[1.345s] -- Up-to-date: /home/tainteli/meu_workspace_agora_vai/install/turtlesim/local/lib/python3.10/dist-packages/turtlesim
[1.346s] -- Up-to-date: /home/tainteli/meu_workspace_agora_vai/install/turtlesim/local/lib/python3.10/dist-packages/turtlesim/libturtlesim__rosidl_generator_py.so
[1.346s] -- Up-to-date: /home/tainteli/meu_workspace_agora_vai/install/turtlesim/local/lib/python3.10/dist-packages/turtlesim/msg
[1.346s] -- Up-to-date: /home/tainteli/meu_workspace_agora_vai/install/turtlesim/local/lib/python3.10/dist-packages/turtlesim/msg/_pose_s.c
[1.346s] -- Up-to-date: /home/tainteli/meu_workspace_agora_vai/install/turtlesim/local/lib/python3.10/dist-packages/turtlesim/msg/__init__.py
[1.347s] -- Up-to-date: /home/tainteli/meu_workspace_agora_vai/install/turtlesim/local/lib/python3.10/dist-packages/turtlesim/msg/_pose.py
[1.347s] -- Up-to-date: /home/tainteli/meu_workspace_agora_vai/install/turtlesim/local/lib/python3.10/dist-packages/turtlesim/msg/_color_s.c
[1.347s] -- Up-to-date: /home/tainteli/meu_workspace_agora_vai/install/turtlesim/local/lib/python3.10/dist-packages/turtlesim/msg/_color.py
[1.347s] -- Up-to-date: /home/tainteli/meu_workspace_agora_vai/install/turtlesim/local/lib/python3.10/dist-packages/turtlesim/__init__.py
[1.347s] -- Up-to-date: /home/tainteli/meu_workspace_agora_vai/install/turtlesim/local/lib/python3.10/dist-packages/turtlesim/turtlesim_s__rosidl_typesupport_c.cpython-310-x86_64-linux-gnu.so
[1.347s] -- Up-to-date: /home/tainteli/meu_workspace_agora_vai/install/turtlesim/local/lib/python3.10/dist-packages/turtlesim/turtlesim_s__rosidl_typesupport_fastrtps_c.cpython-310-x86_64-linux-gnu.so
[1.347s] -- Up-to-date: /home/tainteli/meu_workspace_agora_vai/install/turtlesim/local/lib/python3.10/dist-packages/turtlesim/_turtlesim_s.ep.rosidl_typesupport_fastrtps_c.c
[1.347s] -- Up-to-date: /home/tainteli/meu_workspace_agora_vai/install/turtlesim/local/lib/python3.10/dist-packages/turtlesim/_turtlesim_s.ep.rosidl_typesupport_c.c
[1.347s] -- Up-to-date: /home/tainteli/meu_workspace_agora_vai/install/turtlesim/local/lib/python3.10/dist-packages/turtlesim/action
[1.347s] -- Up-to-date: /home/tainteli/meu_workspace_agora_vai/install/turtlesim/local/lib/python3.10/dist-packages/turtlesim/action/_rotate_absolute.py
[1.347s] -- Up-to-date: /home/tainteli/meu_workspace_agora_vai/install/turtlesim/local/lib/python3.10/dist-packages/turtlesim/action/__init__.py
[1.347s] -- Up-to-date: /home/tainteli/meu_workspace_agora_vai/install/turtlesim/local/lib/python3.10/dist-packages/turtlesim/action/_rotate_absolute_s.c
[1.347s] -- Up-to-date: /home/tainteli/meu_workspace_agora_vai/install/turtlesim/local/lib/python3.10/dist-packages/turtlesim/_turtlesim_s.ep.rosidl_typesupport_introspection_c.c
[1.347s] -- Up-to-date: /home/tainteli/meu_workspace_agora_vai/install/turtlesim/local/lib/python3.10/dist-packages/turtlesim/srv
[1.348s] -- Up-to-date: /home/tainteli/meu_workspace_agora_vai/install/turtlesim/local/lib/python3.10/dist-packages/turtlesim/srv/_set_pen_s.c
[1.348s] -- Up-to-date: /home/tainteli/meu_workspace_agora_vai/install/turtlesim/local/lib/python3.10/dist-packages/turtlesim/srv/_teleport_absolute.py
[1.348s] -- Up-to-date: /home/tainteli/meu_workspace_agora_vai/install/turtlesim/local/lib/python3.10/dist-packages/turtlesim/srv/__init__.py
[1.348s] -- Up-to-date: /home/tainteli/meu_workspace_agora_vai/install/turtlesim/local/lib/python3.10/dist-packages/turtlesim/srv/_kill_s.c
[1.348s] -- Up-to-date: /home/tainteli/meu_workspace_agora_vai/install/turtlesim/local/lib/python3.10/dist-packages/turtlesim/srv/_teleport_absolute_s.c
[1.348s] -- Up-to-date: /home/tainteli/meu_workspace_agora_vai/install/turtlesim/local/lib/python3.10/dist-packages/turtlesim/srv/_teleport_relative.py
[1.348s] -- Up-to-date: /home/tainteli/meu_workspace_agora_vai/install/turtlesim/local/lib/python3.10/dist-packages/turtlesim/srv/_set_pen.py
[1.348s] -- Up-to-date: /home/tainteli/meu_workspace_agora_vai/install/turtlesim/local/lib/python3.10/dist-packages/turtlesim/srv/_spawn.py
[1.348s] -- Up-to-date: /home/tainteli/meu_workspace_agora_vai/install/turtlesim/local/lib/python3.10/dist-packages/turtlesim/srv/_teleport_relative_s.c
[1.349s] -- Up-to-date: /home/tainteli/meu_workspace_agora_vai/install/turtlesim/local/lib/python3.10/dist-packages/turtlesim/srv/_kill.py
[1.349s] -- Up-to-date: /home/tainteli/meu_workspace_agora_vai/install/turtlesim/local/lib/python3.10/dist-packages/turtlesim/srv/_spawn_s.c
[1.349s] -- Up-to-date: /home/tainteli/meu_workspace_agora_vai/install/turtlesim/local/lib/python3.10/dist-packages/turtlesim/turtlesim_s__rosidl_typesupport_introspection_c.cpython-310-x86_64-linux-gnu.so
[1.370s] Listing '/home/tainteli/meu_workspace_agora_vai/install/turtlesim/local/lib/python3.10/dist-packages/turtlesim'...
[1.371s] Listing '/home/tainteli/meu_workspace_agora_vai/install/turtlesim/local/lib/python3.10/dist-packages/turtlesim/action'...
[1.371s] Listing '/home/tainteli/meu_workspace_agora_vai/install/turtlesim/local/lib/python3.10/dist-packages/turtlesim/msg'...
[1.371s] Listing '/home/tainteli/meu_workspace_agora_vai/install/turtlesim/local/lib/python3.10/dist-packages/turtlesim/srv'...
[1.375s] -- Up-to-date: /home/tainteli/meu_workspace_agora_vai/install/turtlesim/local/lib/python3.10/dist-packages/turtlesim/turtlesim_s__rosidl_typesupport_fastrtps_c.cpython-310-x86_64-linux-gnu.so
[1.375s] -- Up-to-date: /home/tainteli/meu_workspace_agora_vai/install/turtlesim/local/lib/python3.10/dist-packages/turtlesim/turtlesim_s__rosidl_typesupport_introspection_c.cpython-310-x86_64-linux-gnu.so
[1.375s] -- Up-to-date: /home/tainteli/meu_workspace_agora_vai/install/turtlesim/local/lib/python3.10/dist-packages/turtlesim/turtlesim_s__rosidl_typesupport_c.cpython-310-x86_64-linux-gnu.so
[1.376s] -- Up-to-date: /home/tainteli/meu_workspace_agora_vai/install/turtlesim/lib/libturtlesim__rosidl_generator_py.so
[1.376s] -- Up-to-date: /home/tainteli/meu_workspace_agora_vai/install/turtlesim/share/turtlesim/action/RotateAbsolute.idl
[1.376s] -- Up-to-date: /home/tainteli/meu_workspace_agora_vai/install/turtlesim/share/turtlesim/msg/Color.idl
[1.376s] -- Up-to-date: /home/tainteli/meu_workspace_agora_vai/install/turtlesim/share/turtlesim/msg/Pose.idl
[1.377s] -- Up-to-date: /home/tainteli/meu_workspace_agora_vai/install/turtlesim/share/turtlesim/srv/Kill.idl
[1.377s] -- Up-to-date: /home/tainteli/meu_workspace_agora_vai/install/turtlesim/share/turtlesim/srv/SetPen.idl
[1.377s] -- Up-to-date: /home/tainteli/meu_workspace_agora_vai/install/turtlesim/share/turtlesim/srv/Spawn.idl
[1.377s] -- Up-to-date: /home/tainteli/meu_workspace_agora_vai/install/turtlesim/share/turtlesim/srv/TeleportAbsolute.idl
[1.378s] -- Up-to-date: /home/tainteli/meu_workspace_agora_vai/install/turtlesim/share/turtlesim/srv/TeleportRelative.idl
[1.378s] -- Up-to-date: /home/tainteli/meu_workspace_agora_vai/install/turtlesim/share/turtlesim/action/RotateAbsolute.action
[1.378s] -- Up-to-date: /home/tainteli/meu_workspace_agora_vai/install/turtlesim/share/turtlesim/msg/Color.msg
[1.378s] -- Up-to-date: /home/tainteli/meu_workspace_agora_vai/install/turtlesim/share/turtlesim/msg/Pose.msg
[1.379s] -- Up-to-date: /home/tainteli/meu_workspace_agora_vai/install/turtlesim/share/turtlesim/srv/Kill.srv
[1.379s] -- Up-to-date: /home/tainteli/meu_workspace_agora_vai/install/turtlesim/share/turtlesim/srv/Kill_Request.msg
[1.379s] -- Up-to-date: /home/tainteli/meu_workspace_agora_vai/install/turtlesim/share/turtlesim/srv/Kill_Response.msg
[1.379s] -- Up-to-date: /home/tainteli/meu_workspace_agora_vai/install/turtlesim/share/turtlesim/srv/SetPen.srv
[1.380s] -- Up-to-date: /home/tainteli/meu_workspace_agora_vai/install/turtlesim/share/turtlesim/srv/SetPen_Request.msg
[1.380s] -- Up-to-date: /home/tainteli/meu_workspace_agora_vai/install/turtlesim/share/turtlesim/srv/SetPen_Response.msg
[1.380s] -- Up-to-date: /home/tainteli/meu_workspace_agora_vai/install/turtlesim/share/turtlesim/srv/Spawn.srv
[1.381s] -- Up-to-date: /home/tainteli/meu_workspace_agora_vai/install/turtlesim/share/turtlesim/srv/Spawn_Request.msg
[1.381s] -- Up-to-date: /home/tainteli/meu_workspace_agora_vai/install/turtlesim/share/turtlesim/srv/Spawn_Response.msg
[1.381s] -- Up-to-date: /home/tainteli/meu_workspace_agora_vai/install/turtlesim/share/turtlesim/srv/TeleportAbsolute.srv
[1.381s] -- Up-to-date: /home/tainteli/meu_workspace_agora_vai/install/turtlesim/share/turtlesim/srv/TeleportAbsolute_Request.msg
[1.381s] -- Up-to-date: /home/tainteli/meu_workspace_agora_vai/install/turtlesim/share/turtlesim/srv/TeleportAbsolute_Response.msg
[1.381s] -- Up-to-date: /home/tainteli/meu_workspace_agora_vai/install/turtlesim/share/turtlesim/srv/TeleportRelative.srv
[1.382s] -- Up-to-date: /home/tainteli/meu_workspace_agora_vai/install/turtlesim/share/turtlesim/srv/TeleportRelative_Request.msg
[1.382s] -- Up-to-date: /home/tainteli/meu_workspace_agora_vai/install/turtlesim/share/turtlesim/srv/TeleportRelative_Response.msg
[1.382s] -- Up-to-date: /home/tainteli/meu_workspace_agora_vai/install/turtlesim/lib/turtlesim/turtlesim_node
[1.382s] -- Up-to-date: /home/tainteli/meu_workspace_agora_vai/install/turtlesim/lib/turtlesim/turtle_teleop_key
[1.382s] -- Up-to-date: /home/tainteli/meu_workspace_agora_vai/install/turtlesim/lib/turtlesim/draw_square
[1.382s] -- Up-to-date: /home/tainteli/meu_workspace_agora_vai/install/turtlesim/lib/turtlesim/mimic
[1.382s] -- Up-to-date: /home/tainteli/meu_workspace_agora_vai/install/turtlesim/share/turtlesim/images
[1.383s] -- Up-to-date: /home/tainteli/meu_workspace_agora_vai/install/turtlesim/share/turtlesim/images/crystal.png
[1.383s] -- Up-to-date: /home/tainteli/meu_workspace_agora_vai/install/turtlesim/share/turtlesim/images/rolling.png
[1.383s] -- Up-to-date: /home/tainteli/meu_workspace_agora_vai/install/turtlesim/share/turtlesim/images/eloquent.png
[1.383s] -- Up-to-date: /home/tainteli/meu_workspace_agora_vai/install/turtlesim/share/turtlesim/images/ardent.png
[1.383s] -- Up-to-date: /home/tainteli/meu_workspace_agora_vai/install/turtlesim/share/turtlesim/images/bouncy.png
[1.383s] -- Up-to-date: /home/tainteli/meu_workspace_agora_vai/install/turtlesim/share/turtlesim/images/dashing.png
[1.383s] -- Up-to-date: /home/tainteli/meu_workspace_agora_vai/install/turtlesim/share/turtlesim/images/humble.png
[1.383s] -- Up-to-date: /home/tainteli/meu_workspace_agora_vai/install/turtlesim/share/turtlesim/images/galactic.png
[1.384s] -- Up-to-date: /home/tainteli/meu_workspace_agora_vai/install/turtlesim/share/turtlesim/images/foxy.png
[1.384s] -- Up-to-date: /home/tainteli/meu_workspace_agora_vai/install/turtlesim/share/turtlesim/launch
[1.384s] -- Up-to-date: /home/tainteli/meu_workspace_agora_vai/install/turtlesim/share/turtlesim/launch/multisim.launch.py
[1.384s] -- Up-to-date: /home/tainteli/meu_workspace_agora_vai/install/turtlesim/share/ament_index/resource_index/package_run_dependencies/turtlesim
[1.384s] -- Up-to-date: /home/tainteli/meu_workspace_agora_vai/install/turtlesim/share/ament_index/resource_index/parent_prefix_path/turtlesim
[1.384s] -- Up-to-date: /home/tainteli/meu_workspace_agora_vai/install/turtlesim/share/turtlesim/environment/ament_prefix_path.sh
[1.385s] -- Up-to-date: /home/tainteli/meu_workspace_agora_vai/install/turtlesim/share/turtlesim/environment/ament_prefix_path.dsv
[1.385s] -- Up-to-date: /home/tainteli/meu_workspace_agora_vai/install/turtlesim/share/turtlesim/environment/path.sh
[1.385s] -- Up-to-date: /home/tainteli/meu_workspace_agora_vai/install/turtlesim/share/turtlesim/environment/path.dsv
[1.385s] -- Up-to-date: /home/tainteli/meu_workspace_agora_vai/install/turtlesim/share/turtlesim/local_setup.bash
[1.385s] -- Up-to-date: /home/tainteli/meu_workspace_agora_vai/install/turtlesim/share/turtlesim/local_setup.sh
[1.385s] -- Up-to-date: /home/tainteli/meu_workspace_agora_vai/install/turtlesim/share/turtlesim/local_setup.zsh
[1.385s] -- Up-to-date: /home/tainteli/meu_workspace_agora_vai/install/turtlesim/share/turtlesim/local_setup.dsv
[1.385s] -- Installing: /home/tainteli/meu_workspace_agora_vai/install/turtlesim/share/turtlesim/package.dsv
[1.385s] -- Up-to-date: /home/tainteli/meu_workspace_agora_vai/install/turtlesim/share/ament_index/resource_index/packages/turtlesim
[1.385s] -- Up-to-date: /home/tainteli/meu_workspace_agora_vai/install/turtlesim/share/turtlesim/cmake/export_turtlesim__rosidl_generator_cExport.cmake
[1.385s] -- Up-to-date: /home/tainteli/meu_workspace_agora_vai/install/turtlesim/share/turtlesim/cmake/export_turtlesim__rosidl_generator_cExport-noconfig.cmake
[1.385s] -- Up-to-date: /home/tainteli/meu_workspace_agora_vai/install/turtlesim/share/turtlesim/cmake/export_turtlesim__rosidl_typesupport_fastrtps_cExport.cmake
[1.385s] -- Up-to-date: /home/tainteli/meu_workspace_agora_vai/install/turtlesim/share/turtlesim/cmake/export_turtlesim__rosidl_typesupport_fastrtps_cExport-noconfig.cmake
[1.386s] -- Up-to-date: /home/tainteli/meu_workspace_agora_vai/install/turtlesim/share/turtlesim/cmake/export_turtlesim__rosidl_generator_cppExport.cmake
[1.386s] -- Up-to-date: /home/tainteli/meu_workspace_agora_vai/install/turtlesim/share/turtlesim/cmake/export_turtlesim__rosidl_typesupport_fastrtps_cppExport.cmake
[1.386s] -- Up-to-date: /home/tainteli/meu_workspace_agora_vai/install/turtlesim/share/turtlesim/cmake/export_turtlesim__rosidl_typesupport_fastrtps_cppExport-noconfig.cmake
[1.386s] -- Up-to-date: /home/tainteli/meu_workspace_agora_vai/install/turtlesim/share/turtlesim/cmake/turtlesim__rosidl_typesupport_introspection_cExport.cmake
[1.386s] -- Up-to-date: /home/tainteli/meu_workspace_agora_vai/install/turtlesim/share/turtlesim/cmake/turtlesim__rosidl_typesupport_introspection_cExport-noconfig.cmake
[1.386s] -- Up-to-date: /home/tainteli/meu_workspace_agora_vai/install/turtlesim/share/turtlesim/cmake/turtlesim__rosidl_typesupport_cExport.cmake
[1.386s] -- Up-to-date: /home/tainteli/meu_workspace_agora_vai/install/turtlesim/share/turtlesim/cmake/turtlesim__rosidl_typesupport_cExport-noconfig.cmake
[1.386s] -- Up-to-date: /home/tainteli/meu_workspace_agora_vai/install/turtlesim/share/turtlesim/cmake/turtlesim__rosidl_typesupport_introspection_cppExport.cmake
[1.386s] -- Up-to-date: /home/tainteli/meu_workspace_agora_vai/install/turtlesim/share/turtlesim/cmake/turtlesim__rosidl_typesupport_introspection_cppExport-noconfig.cmake
[1.386s] -- Up-to-date: /home/tainteli/meu_workspace_agora_vai/install/turtlesim/share/turtlesim/cmake/turtlesim__rosidl_typesupport_cppExport.cmake
[1.386s] -- Up-to-date: /home/tainteli/meu_workspace_agora_vai/install/turtlesim/share/turtlesim/cmake/turtlesim__rosidl_typesupport_cppExport-noconfig.cmake
[1.386s] -- Up-to-date: /home/tainteli/meu_workspace_agora_vai/install/turtlesim/share/turtlesim/cmake/export_turtlesim__rosidl_generator_pyExport.cmake
[1.386s] -- Up-to-date: /home/tainteli/meu_workspace_agora_vai/install/turtlesim/share/turtlesim/cmake/export_turtlesim__rosidl_generator_pyExport-noconfig.cmake
[1.386s] -- Up-to-date: /home/tainteli/meu_workspace_agora_vai/install/turtlesim/share/turtlesim/cmake/rosidl_cmake-extras.cmake
[1.386s] -- Up-to-date: /home/tainteli/meu_workspace_agora_vai/install/turtlesim/share/turtlesim/cmake/ament_cmake_export_dependencies-extras.cmake
[1.386s] -- Up-to-date: /home/tainteli/meu_workspace_agora_vai/install/turtlesim/share/turtlesim/cmake/ament_cmake_export_include_directories-extras.cmake
[1.386s] -- Up-to-date: /home/tainteli/meu_workspace_agora_vai/install/turtlesim/share/turtlesim/cmake/ament_cmake_export_libraries-extras.cmake
[1.386s] -- Up-to-date: /home/tainteli/meu_workspace_agora_vai/install/turtlesim/share/turtlesim/cmake/ament_cmake_export_targets-extras.cmake
[1.387s] -- Up-to-date: /home/tainteli/meu_workspace_agora_vai/install/turtlesim/share/turtlesim/cmake/rosidl_cmake_export_typesupport_targets-extras.cmake
[1.387s] -- Up-to-date: /home/tainteli/meu_workspace_agora_vai/install/turtlesim/share/turtlesim/cmake/rosidl_cmake_export_typesupport_libraries-extras.cmake
[1.387s] -- Up-to-date: /home/tainteli/meu_workspace_agora_vai/install/turtlesim/share/turtlesim/cmake/turtlesimConfig.cmake
[1.387s] -- Up-to-date: /home/tainteli/meu_workspace_agora_vai/install/turtlesim/share/turtlesim/cmake/turtlesimConfig-version.cmake
[1.387s] -- Up-to-date: /home/tainteli/meu_workspace_agora_vai/install/turtlesim/share/turtlesim/package.xml
[1.390s] Invoked command in '/home/tainteli/meu_workspace_agora_vai/build/turtlesim' returned '0': CMAKE_PREFIX_PATH=/opt/ros/humble /home/tainteli/.local/bin/cmake --install /home/tainteli/meu_workspace_agora_vai/build/turtlesim
