[0.928s] Invoking command in '/home/tainteli/meu_workspace_agora_vai/my_package': PYTHONPATH=/home/tainteli/meu_workspace_agora_vai/my_package/build/my_package/prefix_override:/home/tainteli/meu_workspace_agora_vai/my_package/install/my_package/lib/python3.10/site-packages:${PYTHONPATH} /usr/bin/python3 setup.py egg_info --egg-base build/my_package build --build-base /home/tainteli/meu_workspace_agora_vai/my_package/build/my_package/build install --record /home/tainteli/meu_workspace_agora_vai/my_package/build/my_package/install.log --single-version-externally-managed
[1.189s] running egg_info
[1.189s] writing build/my_package/my_package.egg-info/PKG-INFO
[1.190s] writing dependency_links to build/my_package/my_package.egg-info/dependency_links.txt
[1.190s] writing entry points to build/my_package/my_package.egg-info/entry_points.txt
[1.190s] writing requirements to build/my_package/my_package.egg-info/requires.txt
[1.191s] writing top-level names to build/my_package/my_package.egg-info/top_level.txt
[1.192s] reading manifest file 'build/my_package/my_package.egg-info/SOURCES.txt'
[1.193s] writing manifest file 'build/my_package/my_package.egg-info/SOURCES.txt'
[1.193s] running build
[1.193s] running build_py
[1.194s] running install
[1.194s] running install_lib
[1.196s] running install_data
[1.197s] running install_egg_info
[1.198s] removing '/home/tainteli/meu_workspace_agora_vai/my_package/install/my_package/lib/python3.10/site-packages/my_package-0.0.0-py3.10.egg-info' (and everything under it)
[1.199s] Copying build/my_package/my_package.egg-info to /home/tainteli/meu_workspace_agora_vai/my_package/install/my_package/lib/python3.10/site-packages/my_package-0.0.0-py3.10.egg-info
[1.200s] running install_scripts
[1.223s] Installing my_node = my_package.my_node:mainchatbot script to /home/tainteli/meu_workspace_agora_vai/my_package/install/my_package/lib/my_package
[1.223s] writing list of installed files to '/home/tainteli/meu_workspace_agora_vai/my_package/build/my_package/install.log'
[1.267s] Invoked command in '/home/tainteli/meu_workspace_agora_vai/my_package' returned '0': PYTHONPATH=/home/tainteli/meu_workspace_agora_vai/my_package/build/my_package/prefix_override:/home/tainteli/meu_workspace_agora_vai/my_package/install/my_package/lib/python3.10/site-packages:${PYTHONPATH} /usr/bin/python3 setup.py egg_info --egg-base build/my_package build --build-base /home/tainteli/meu_workspace_agora_vai/my_package/build/my_package/build install --record /home/tainteli/meu_workspace_agora_vai/my_package/build/my_package/install.log --single-version-externally-managed
