[1.277s] Invoking command in '/home/tainteli/meu_workspace_agora_vai/my_package': PYTHONPATH=/home/tainteli/meu_workspace_agora_vai/build/my_package/prefix_override:/home/tainteli/meu_workspace_agora_vai/install/my_package/lib/python3.10/site-packages:${PYTHONPATH} /usr/bin/python3 setup.py egg_info --egg-base ../build/my_package build --build-base /home/tainteli/meu_workspace_agora_vai/build/my_package/build install --record /home/tainteli/meu_workspace_agora_vai/build/my_package/install.log --single-version-externally-managed
[1.609s] running egg_info
[1.610s] creating ../build/my_package/my_package.egg-info
[1.611s] writing ../build/my_package/my_package.egg-info/PKG-INFO
[1.611s] writing dependency_links to ../build/my_package/my_package.egg-info/dependency_links.txt
[1.611s] writing entry points to ../build/my_package/my_package.egg-info/entry_points.txt
[1.611s] writing requirements to ../build/my_package/my_package.egg-info/requires.txt
[1.611s] writing top-level names to ../build/my_package/my_package.egg-info/top_level.txt
[1.612s] writing manifest file '../build/my_package/my_package.egg-info/SOURCES.txt'
[1.614s] reading manifest file '../build/my_package/my_package.egg-info/SOURCES.txt'
[1.615s] writing manifest file '../build/my_package/my_package.egg-info/SOURCES.txt'
[1.615s] running build
[1.616s] running build_py
[1.616s] creating /home/tainteli/meu_workspace_agora_vai/build/my_package/build
[1.616s] creating /home/tainteli/meu_workspace_agora_vai/build/my_package/build/lib
[1.616s] creating /home/tainteli/meu_workspace_agora_vai/build/my_package/build/lib/my_package
[1.617s] copying my_package/__init__.py -> /home/tainteli/meu_workspace_agora_vai/build/my_package/build/lib/my_package
[1.617s] copying my_package/my_node.py -> /home/tainteli/meu_workspace_agora_vai/build/my_package/build/lib/my_package
[1.617s] running install
[1.618s] running install_lib
[1.619s] creating /home/tainteli/meu_workspace_agora_vai/install/my_package/lib/python3.10/site-packages/my_package
[1.619s] copying /home/tainteli/meu_workspace_agora_vai/build/my_package/build/lib/my_package/__init__.py -> /home/tainteli/meu_workspace_agora_vai/install/my_package/lib/python3.10/site-packages/my_package
[1.619s] copying /home/tainteli/meu_workspace_agora_vai/build/my_package/build/lib/my_package/my_node.py -> /home/tainteli/meu_workspace_agora_vai/install/my_package/lib/python3.10/site-packages/my_package
[1.620s] byte-compiling /home/tainteli/meu_workspace_agora_vai/install/my_package/lib/python3.10/site-packages/my_package/__init__.py to __init__.cpython-310.pyc
[1.621s] byte-compiling /home/tainteli/meu_workspace_agora_vai/install/my_package/lib/python3.10/site-packages/my_package/my_node.py to my_node.cpython-310.pyc
[1.621s] running install_data
[1.622s] creating /home/tainteli/meu_workspace_agora_vai/install/my_package/share/ament_index
[1.623s] creating /home/tainteli/meu_workspace_agora_vai/install/my_package/share/ament_index/resource_index
[1.624s] creating /home/tainteli/meu_workspace_agora_vai/install/my_package/share/ament_index/resource_index/packages
[1.624s] copying resource/my_package -> /home/tainteli/meu_workspace_agora_vai/install/my_package/share/ament_index/resource_index/packages
[1.628s] copying package.xml -> /home/tainteli/meu_workspace_agora_vai/install/my_package/share/my_package
[1.628s] running install_egg_info
[1.638s] Copying ../build/my_package/my_package.egg-info to /home/tainteli/meu_workspace_agora_vai/install/my_package/lib/python3.10/site-packages/my_package-0.0.0-py3.10.egg-info
[1.641s] running install_scripts
[1.657s] Installing my_node script to /home/tainteli/meu_workspace_agora_vai/install/my_package/lib/my_package
[1.658s] writing list of installed files to '/home/tainteli/meu_workspace_agora_vai/build/my_package/install.log'
[1.708s] Invoked command in '/home/tainteli/meu_workspace_agora_vai/my_package' returned '0': PYTHONPATH=/home/tainteli/meu_workspace_agora_vai/build/my_package/prefix_override:/home/tainteli/meu_workspace_agora_vai/install/my_package/lib/python3.10/site-packages:${PYTHONPATH} /usr/bin/python3 setup.py egg_info --egg-base ../build/my_package build --build-base /home/tainteli/meu_workspace_agora_vai/build/my_package/build install --record /home/tainteli/meu_workspace_agora_vai/build/my_package/install.log --single-version-externally-managed
