[0.079s] Invoking command in '/home/tainteli/meu_workspace_agora_vai/build/turtlesim': CMAKE_PREFIX_PATH=${CMAKE_PREFIX_PATH}:/home/tainteli/meu_workspace/my_package/install/my_package:/home/tainteli/meu_workspace/install/my_package:/opt/ros/humble /home/tainteli/.local/bin/cmake /home/tainteli/meu_workspace_agora_vai/src/ros_tutorials/turtlesim -DCMAKE_INSTALL_PREFIX=/home/tainteli/meu_workspace_agora_vai/install/turtlesim
[0.373s] -- The C compiler identification is GNU 11.4.0
[1.248s] -- The CXX compiler identification is GNU 11.4.0
[1.863s] -- Detecting C compiler ABI info
[2.075s] -- Detecting C compiler ABI info - done
[2.090s] -- Check for working C compiler: /usr/bin/cc - skipped
[2.090s] -- Detecting C compile features
[2.091s] -- Detecting C compile features - done
[2.095s] -- Detecting CXX compiler ABI info
[2.336s] -- Detecting CXX compiler ABI info - done
[2.347s] -- Check for working CXX compiler: /usr/bin/c++ - skipped
[2.347s] -- Detecting CXX compile features
[2.348s] -- Detecting CXX compile features - done
[2.351s] -- Found ament_cmake: 1.3.5 (/opt/ros/humble/share/ament_cmake/cmake)
[7.882s] -- Found Python3: /usr/bin/python3.10 (found version "3.10.12") found components: Interpreter 
[8.072s] -- Found ament_index_cpp: 1.4.0 (/opt/ros/humble/share/ament_index_cpp/cmake)
[8.075s] -- Found geometry_msgs: 4.2.3 (/opt/ros/humble/share/geometry_msgs/cmake)
[8.380s] -- Found rosidl_generator_c: 3.1.5 (/opt/ros/humble/share/rosidl_generator_c/cmake)
[8.387s] -- Found rosidl_adapter: 3.1.5 (/opt/ros/humble/share/rosidl_adapter/cmake)
[8.400s] -- Found rosidl_generator_cpp: 3.1.5 (/opt/ros/humble/share/rosidl_generator_cpp/cmake)
[8.421s] -- Using all available rosidl_typesupport_c: rosidl_typesupport_fastrtps_c;rosidl_typesupport_introspection_c
[8.453s] -- Using all available rosidl_typesupport_cpp: rosidl_typesupport_fastrtps_cpp;rosidl_typesupport_introspection_cpp
[9.276s] -- Found rclcpp: 16.0.6 (/opt/ros/humble/share/rclcpp/cmake)
[9.457s] -- Found rmw_implementation_cmake: 6.1.1 (/opt/ros/humble/share/rmw_implementation_cmake/cmake)
[9.468s] -- Found rmw_cyclonedds_cpp: 1.3.4 (/opt/ros/humble/share/rmw_cyclonedds_cpp/cmake)
[9.585s] -- Using RMW implementation 'rmw_cyclonedds_cpp' as default
[9.622s] -- Performing Test CMAKE_HAVE_LIBC_PTHREAD
[10.494s] -- Performing Test CMAKE_HAVE_LIBC_PTHREAD - Success
[10.497s] -- Found Threads: TRUE  
[10.704s] -- Found rclcpp_action: 16.0.6 (/opt/ros/humble/share/rclcpp_action/cmake)
[10.832s] -- Found rosidl_default_generators: 1.2.0 (/opt/ros/humble/share/rosidl_default_generators/cmake)
[10.848s] -- Found std_srvs: 4.2.3 (/opt/ros/humble/share/std_srvs/cmake)
[11.141s] -- Found ament_cmake_ros: 0.10.0 (/opt/ros/humble/share/ament_cmake_ros/cmake)
[11.342s] -- Using all available rosidl_typesupport_c: rosidl_typesupport_fastrtps_c;rosidl_typesupport_introspection_c
[11.428s] -- Using all available rosidl_typesupport_cpp: rosidl_typesupport_fastrtps_cpp;rosidl_typesupport_introspection_cpp
[11.694s] -- Found PythonInterp: /usr/bin/python3 (found suitable version "3.10.12", minimum required is "3.6") 
[11.695s] -- Found python_cmake_module: 0.10.0 (/opt/ros/humble/share/python_cmake_module/cmake)
[12.451s] -- Found PythonLibs: /usr/lib/x86_64-linux-gnu/libpython3.10.so (found suitable version "3.10.12", minimum required is "3.5") 
[12.451s] -- Using PYTHON_EXECUTABLE: /usr/bin/python3
[12.451s] -- Using PYTHON_INCLUDE_DIRS: /usr/include/python3.10
[12.451s] -- Using PYTHON_LIBRARIES: /usr/lib/x86_64-linux-gnu/libpython3.10.so
[12.472s] -- Found PythonExtra: .so  
[12.606s] -- Configuring done (12.5s)
[12.707s] -- Generating done (0.1s)
[12.711s] -- Build files have been written to: /home/tainteli/meu_workspace_agora_vai/build/turtlesim
[12.734s] Invoked command in '/home/tainteli/meu_workspace_agora_vai/build/turtlesim' returned '0': CMAKE_PREFIX_PATH=${CMAKE_PREFIX_PATH}:/home/tainteli/meu_workspace/my_package/install/my_package:/home/tainteli/meu_workspace/install/my_package:/opt/ros/humble /home/tainteli/.local/bin/cmake /home/tainteli/meu_workspace_agora_vai/src/ros_tutorials/turtlesim -DCMAKE_INSTALL_PREFIX=/home/tainteli/meu_workspace_agora_vai/install/turtlesim
[12.737s] Invoking command in '/home/tainteli/meu_workspace_agora_vai/build/turtlesim': CMAKE_PREFIX_PATH=${CMAKE_PREFIX_PATH}:/home/tainteli/meu_workspace/my_package/install/my_package:/home/tainteli/meu_workspace/install/my_package:/opt/ros/humble /home/tainteli/.local/bin/cmake --build /home/tainteli/meu_workspace_agora_vai/build/turtlesim -- -j8 -l8
[12.783s] [  1%] [34m[1mGenerating C code for ROS interfaces[0m
[12.790s] [  2%] [34m[1mGenerating C++ code for ROS interfaces[0m
[12.791s] [  2%] Built target ament_cmake_python_copy_turtlesim
[13.039s] running egg_info
[13.040s] creating turtlesim.egg-info
[13.040s] writing turtlesim.egg-info/PKG-INFO
[13.041s] writing dependency_links to turtlesim.egg-info/dependency_links.txt
[13.041s] writing top-level names to turtlesim.egg-info/top_level.txt
[13.041s] writing manifest file 'turtlesim.egg-info/SOURCES.txt'
[13.044s] reading manifest file 'turtlesim.egg-info/SOURCES.txt'
[13.044s] writing manifest file 'turtlesim.egg-info/SOURCES.txt'
[13.074s] [  2%] Built target ament_cmake_python_build_turtlesim_egg
[13.807s] [  2%] Built target turtlesim__cpp
[13.813s] [  3%] [34m[1mGenerating C++ introspection for ROS interfaces[0m
[13.814s] [  4%] [34m[1mGenerating C++ type support for eProsima Fast-RTPS[0m
[13.814s] [  5%] [34m[1mGenerating C++ type support dispatch for ROS interfaces[0m
[13.924s] [  6%] [32mBuilding C object CMakeFiles/turtlesim__rosidl_generator_c.dir/rosidl_generator_c/turtlesim/action/detail/rotate_absolute__functions.c.o[0m
[13.924s] [  9%] [32mBuilding C object CMakeFiles/turtlesim__rosidl_generator_c.dir/rosidl_generator_c/turtlesim/srv/detail/kill__functions.c.o[0m
[13.924s] [  9%] [32mBuilding C object CMakeFiles/turtlesim__rosidl_generator_c.dir/rosidl_generator_c/turtlesim/msg/detail/pose__functions.c.o[0m
[13.924s] [  9%] [32mBuilding C object CMakeFiles/turtlesim__rosidl_generator_c.dir/rosidl_generator_c/turtlesim/msg/detail/color__functions.c.o[0m
[13.926s] [ 10%] [32mBuilding C object CMakeFiles/turtlesim__rosidl_generator_c.dir/rosidl_generator_c/turtlesim/srv/detail/set_pen__functions.c.o[0m
[14.009s] [ 11%] [32mBuilding C object CMakeFiles/turtlesim__rosidl_generator_c.dir/rosidl_generator_c/turtlesim/srv/detail/spawn__functions.c.o[0m
[14.013s] [ 12%] [32mBuilding C object CMakeFiles/turtlesim__rosidl_generator_c.dir/rosidl_generator_c/turtlesim/srv/detail/teleport_absolute__functions.c.o[0m
[14.026s] [ 13%] [32mBuilding C object CMakeFiles/turtlesim__rosidl_generator_c.dir/rosidl_generator_c/turtlesim/srv/detail/teleport_relative__functions.c.o[0m
[14.188s] [ 14%] [32m[1mLinking C shared library libturtlesim__rosidl_generator_c.so[0m
[14.418s] [ 14%] Built target turtlesim__rosidl_generator_c
[14.424s] [ 15%] [34m[1mGenerating C type support for eProsima Fast-RTPS[0m
[14.424s] [ 16%] [34m[1mGenerating C introspection for ROS interfaces[0m
[14.424s] [ 17%] [34m[1mGenerating C type support dispatch for ROS interfaces[0m
[14.631s] [ 18%] [32mBuilding CXX object CMakeFiles/turtlesim__rosidl_typesupport_cpp.dir/rosidl_typesupport_cpp/turtlesim/action/rotate_absolute__type_support.cpp.o[0m
[14.631s] [ 19%] [32mBuilding CXX object CMakeFiles/turtlesim__rosidl_typesupport_cpp.dir/rosidl_typesupport_cpp/turtlesim/msg/color__type_support.cpp.o[0m
[14.633s] [ 20%] [32mBuilding CXX object CMakeFiles/turtlesim__rosidl_typesupport_cpp.dir/rosidl_typesupport_cpp/turtlesim/msg/pose__type_support.cpp.o[0m
[15.030s] [ 21%] [32mBuilding CXX object CMakeFiles/turtlesim__rosidl_typesupport_introspection_cpp.dir/rosidl_typesupport_introspection_cpp/turtlesim/action/detail/rotate_absolute__type_support.cpp.o[0m
[15.197s] [ 22%] [32mBuilding CXX object CMakeFiles/turtlesim__rosidl_typesupport_cpp.dir/rosidl_typesupport_cpp/turtlesim/srv/kill__type_support.cpp.o[0m
[15.204s] [ 23%] [32mBuilding CXX object CMakeFiles/turtlesim__rosidl_typesupport_introspection_cpp.dir/rosidl_typesupport_introspection_cpp/turtlesim/msg/detail/color__type_support.cpp.o[0m
[15.300s] [ 24%] [32mBuilding CXX object CMakeFiles/turtlesim__rosidl_typesupport_fastrtps_cpp.dir/rosidl_typesupport_fastrtps_cpp/turtlesim/action/detail/dds_fastrtps/rotate_absolute__type_support.cpp.o[0m
[15.669s] [ 25%] [32mBuilding CXX object CMakeFiles/turtlesim__rosidl_typesupport_cpp.dir/rosidl_typesupport_cpp/turtlesim/srv/set_pen__type_support.cpp.o[0m
[15.703s] [ 26%] [32mBuilding CXX object CMakeFiles/turtlesim__rosidl_typesupport_c.dir/rosidl_typesupport_c/turtlesim/action/rotate_absolute__type_support.cpp.o[0m
[15.810s] [ 27%] [32mBuilding CXX object CMakeFiles/turtlesim__rosidl_typesupport_cpp.dir/rosidl_typesupport_cpp/turtlesim/srv/spawn__type_support.cpp.o[0m
[15.836s] [ 28%] [32mBuilding CXX object CMakeFiles/turtlesim__rosidl_typesupport_c.dir/rosidl_typesupport_c/turtlesim/msg/color__type_support.cpp.o[0m
[15.881s] [ 29%] [32mBuilding CXX object CMakeFiles/turtlesim__rosidl_typesupport_c.dir/rosidl_typesupport_c/turtlesim/msg/pose__type_support.cpp.o[0m
[15.888s] [ 30%] [32mBuilding CXX object CMakeFiles/turtlesim__rosidl_typesupport_introspection_cpp.dir/rosidl_typesupport_introspection_cpp/turtlesim/msg/detail/pose__type_support.cpp.o[0m
[15.927s] [ 31%] [32mBuilding CXX object CMakeFiles/turtlesim__rosidl_typesupport_c.dir/rosidl_typesupport_c/turtlesim/srv/kill__type_support.cpp.o[0m
[15.965s] [ 32%] [32mBuilding C object CMakeFiles/turtlesim__rosidl_typesupport_introspection_c.dir/rosidl_typesupport_introspection_c/turtlesim/action/detail/rotate_absolute__type_support.c.o[0m
[15.966s] [ 33%] [32mBuilding CXX object CMakeFiles/turtlesim__rosidl_typesupport_c.dir/rosidl_typesupport_c/turtlesim/srv/set_pen__type_support.cpp.o[0m
[16.020s] [ 34%] [32mBuilding CXX object CMakeFiles/turtlesim__rosidl_typesupport_c.dir/rosidl_typesupport_c/turtlesim/srv/spawn__type_support.cpp.o[0m
[16.036s] [ 35%] [32mBuilding CXX object CMakeFiles/turtlesim__rosidl_typesupport_fastrtps_c.dir/rosidl_typesupport_fastrtps_c/turtlesim/action/detail/rotate_absolute__type_support_c.cpp.o[0m
[16.082s] [ 36%] [32mBuilding C object CMakeFiles/turtlesim__rosidl_typesupport_introspection_c.dir/rosidl_typesupport_introspection_c/turtlesim/msg/detail/color__type_support.c.o[0m
[16.125s] [ 37%] [32mBuilding C object CMakeFiles/turtlesim__rosidl_typesupport_introspection_c.dir/rosidl_typesupport_introspection_c/turtlesim/msg/detail/pose__type_support.c.o[0m
[16.155s] [ 38%] [32mBuilding CXX object CMakeFiles/turtlesim__rosidl_typesupport_c.dir/rosidl_typesupport_c/turtlesim/srv/teleport_absolute__type_support.cpp.o[0m
[16.165s] [ 40%] [32mBuilding C object CMakeFiles/turtlesim__rosidl_typesupport_introspection_c.dir/rosidl_typesupport_introspection_c/turtlesim/srv/detail/kill__type_support.c.o[0m
[16.166s] [ 40%] [32mBuilding CXX object CMakeFiles/turtlesim__rosidl_typesupport_cpp.dir/rosidl_typesupport_cpp/turtlesim/srv/teleport_absolute__type_support.cpp.o[0m
[16.203s] [ 41%] [32mBuilding CXX object CMakeFiles/turtlesim__rosidl_typesupport_c.dir/rosidl_typesupport_c/turtlesim/srv/teleport_relative__type_support.cpp.o[0m
[16.214s] [ 42%] [32mBuilding C object CMakeFiles/turtlesim__rosidl_typesupport_introspection_c.dir/rosidl_typesupport_introspection_c/turtlesim/srv/detail/set_pen__type_support.c.o[0m
[16.248s] [ 43%] [32m[1mLinking CXX shared library libturtlesim__rosidl_typesupport_c.so[0m
[16.270s] [ 44%] [32mBuilding C object CMakeFiles/turtlesim__rosidl_typesupport_introspection_c.dir/rosidl_typesupport_introspection_c/turtlesim/srv/detail/spawn__type_support.c.o[0m
[16.335s] [ 45%] [32mBuilding C object CMakeFiles/turtlesim__rosidl_typesupport_introspection_c.dir/rosidl_typesupport_introspection_c/turtlesim/srv/detail/teleport_absolute__type_support.c.o[0m
[16.361s] [ 46%] [32mBuilding CXX object CMakeFiles/turtlesim__rosidl_typesupport_cpp.dir/rosidl_typesupport_cpp/turtlesim/srv/teleport_relative__type_support.cpp.o[0m
[16.401s] [ 47%] [32mBuilding C object CMakeFiles/turtlesim__rosidl_typesupport_introspection_c.dir/rosidl_typesupport_introspection_c/turtlesim/srv/detail/teleport_relative__type_support.c.o[0m
[16.503s] [ 48%] [32m[1mLinking C shared library libturtlesim__rosidl_typesupport_introspection_c.so[0m
[16.516s] [ 49%] [32mBuilding CXX object CMakeFiles/turtlesim__rosidl_typesupport_fastrtps_cpp.dir/rosidl_typesupport_fastrtps_cpp/turtlesim/msg/detail/dds_fastrtps/color__type_support.cpp.o[0m
[16.531s] [ 49%] Built target turtlesim__rosidl_typesupport_c
[16.538s] [ 50%] [32mBuilding CXX object CMakeFiles/turtlesim__rosidl_typesupport_fastrtps_c.dir/rosidl_typesupport_fastrtps_c/turtlesim/msg/detail/color__type_support_c.cpp.o[0m
[16.693s] [ 51%] [32mBuilding CXX object CMakeFiles/turtlesim__rosidl_typesupport_introspection_cpp.dir/rosidl_typesupport_introspection_cpp/turtlesim/srv/detail/kill__type_support.cpp.o[0m
[16.734s] [ 52%] [32mBuilding CXX object CMakeFiles/turtlesim__rosidl_typesupport_introspection_cpp.dir/rosidl_typesupport_introspection_cpp/turtlesim/srv/detail/set_pen__type_support.cpp.o[0m
[16.760s] [ 52%] Built target turtlesim__rosidl_typesupport_introspection_c
[16.764s] [ 53%] [32mBuilding CXX object CMakeFiles/turtlesim__rosidl_typesupport_introspection_cpp.dir/rosidl_typesupport_introspection_cpp/turtlesim/srv/detail/spawn__type_support.cpp.o[0m
[16.810s] [ 54%] [32mBuilding CXX object CMakeFiles/turtlesim__rosidl_typesupport_fastrtps_c.dir/rosidl_typesupport_fastrtps_c/turtlesim/msg/detail/pose__type_support_c.cpp.o[0m
[16.867s] [ 55%] [32mBuilding CXX object CMakeFiles/turtlesim__rosidl_typesupport_fastrtps_c.dir/rosidl_typesupport_fastrtps_c/turtlesim/srv/detail/kill__type_support_c.cpp.o[0m
[17.275s] [ 56%] [32m[1mLinking CXX shared library libturtlesim__rosidl_typesupport_cpp.so[0m
[17.288s] [ 57%] [32mBuilding CXX object CMakeFiles/turtlesim__rosidl_typesupport_fastrtps_c.dir/rosidl_typesupport_fastrtps_c/turtlesim/srv/detail/set_pen__type_support_c.cpp.o[0m
[17.368s] [ 58%] [32mBuilding CXX object CMakeFiles/turtlesim__rosidl_typesupport_fastrtps_cpp.dir/rosidl_typesupport_fastrtps_cpp/turtlesim/msg/detail/dds_fastrtps/pose__type_support.cpp.o[0m
[17.595s] [ 59%] [32mBuilding CXX object CMakeFiles/turtlesim__rosidl_typesupport_fastrtps_c.dir/rosidl_typesupport_fastrtps_c/turtlesim/srv/detail/spawn__type_support_c.cpp.o[0m
[17.602s] [ 60%] [32mBuilding CXX object CMakeFiles/turtlesim__rosidl_typesupport_introspection_cpp.dir/rosidl_typesupport_introspection_cpp/turtlesim/srv/detail/teleport_absolute__type_support.cpp.o[0m
[17.677s] [ 61%] [32mBuilding CXX object CMakeFiles/turtlesim__rosidl_typesupport_introspection_cpp.dir/rosidl_typesupport_introspection_cpp/turtlesim/srv/detail/teleport_relative__type_support.cpp.o[0m
[17.690s] [ 61%] Built target turtlesim__rosidl_typesupport_cpp
[17.692s] [ 62%] [32mBuilding CXX object CMakeFiles/turtlesim__rosidl_typesupport_fastrtps_c.dir/rosidl_typesupport_fastrtps_c/turtlesim/srv/detail/teleport_absolute__type_support_c.cpp.o[0m
[17.697s] [ 63%] [34m[1mGenerating include/turtlesim/moc_turtle_frame.cpp[0m
[17.735s] [ 64%] [32mBuilding CXX object CMakeFiles/turtlesim__rosidl_typesupport_fastrtps_c.dir/rosidl_typesupport_fastrtps_c/turtlesim/srv/detail/teleport_relative__type_support_c.cpp.o[0m
[17.869s] [ 65%] [32mBuilding CXX object CMakeFiles/turtlesim_node.dir/src/turtlesim.cpp.o[0m
[18.083s] [ 66%] [32mBuilding CXX object CMakeFiles/turtlesim_node.dir/src/turtle.cpp.o[0m
[18.121s] [ 67%] [32mBuilding CXX object CMakeFiles/turtlesim__rosidl_typesupport_fastrtps_cpp.dir/rosidl_typesupport_fastrtps_cpp/turtlesim/srv/detail/dds_fastrtps/kill__type_support.cpp.o[0m
[18.191s] [ 68%] [32mBuilding CXX object CMakeFiles/turtlesim__rosidl_typesupport_fastrtps_cpp.dir/rosidl_typesupport_fastrtps_cpp/turtlesim/srv/detail/dds_fastrtps/set_pen__type_support.cpp.o[0m
[18.324s] [ 69%] [32mBuilding CXX object CMakeFiles/turtlesim__rosidl_typesupport_fastrtps_cpp.dir/rosidl_typesupport_fastrtps_cpp/turtlesim/srv/detail/dds_fastrtps/spawn__type_support.cpp.o[0m
[18.341s] [ 70%] [32mBuilding CXX object CMakeFiles/turtlesim__rosidl_typesupport_fastrtps_cpp.dir/rosidl_typesupport_fastrtps_cpp/turtlesim/srv/detail/dds_fastrtps/teleport_absolute__type_support.cpp.o[0m
[18.401s] [ 71%] [32m[1mLinking CXX shared library libturtlesim__rosidl_typesupport_introspection_cpp.so[0m
[18.790s] [ 71%] Built target turtlesim__rosidl_typesupport_introspection_cpp
[18.808s] [ 72%] [32mBuilding CXX object CMakeFiles/turtle_teleop_key.dir/tutorials/teleop_turtle_key.cpp.o[0m
[18.902s] [ 73%] [32mBuilding CXX object CMakeFiles/turtlesim__rosidl_typesupport_fastrtps_cpp.dir/rosidl_typesupport_fastrtps_cpp/turtlesim/srv/detail/dds_fastrtps/teleport_relative__type_support.cpp.o[0m
[18.986s] [ 74%] [32mBuilding CXX object CMakeFiles/draw_square.dir/tutorials/draw_square.cpp.o[0m
[19.052s] [ 75%] [32m[1mLinking CXX shared library libturtlesim__rosidl_typesupport_fastrtps_c.so[0m
[19.125s] [ 76%] [32mBuilding CXX object CMakeFiles/mimic.dir/tutorials/mimic.cpp.o[0m
[19.179s] [ 77%] [32mBuilding CXX object CMakeFiles/turtlesim_node.dir/src/turtle_frame.cpp.o[0m
[19.563s] [ 77%] Built target turtlesim__rosidl_typesupport_fastrtps_c
[19.598s] [ 78%] [32mBuilding CXX object CMakeFiles/turtlesim_node.dir/include/turtlesim/moc_turtle_frame.cpp.o[0m
[19.629s] [ 79%] [32m[1mLinking CXX shared library libturtlesim__rosidl_typesupport_fastrtps_cpp.so[0m
[20.307s] [ 79%] Built target turtlesim__rosidl_typesupport_fastrtps_cpp
[20.359s] [ 79%] Built target turtlesim
[20.393s] [ 80%] [34m[1mGenerating Python code for ROS interfaces[0m
[26.040s] [ 80%] Built target turtlesim__py
[26.063s] [ 81%] [32mBuilding C object CMakeFiles/turtlesim__rosidl_generator_py.dir/rosidl_generator_py/turtlesim/action/_rotate_absolute_s.c.o[0m
[26.616s] [ 82%] [32mBuilding C object CMakeFiles/turtlesim__rosidl_generator_py.dir/rosidl_generator_py/turtlesim/msg/_color_s.c.o[0m
[26.906s] [ 83%] [32mBuilding C object CMakeFiles/turtlesim__rosidl_generator_py.dir/rosidl_generator_py/turtlesim/msg/_pose_s.c.o[0m
[27.216s] [ 84%] [32mBuilding C object CMakeFiles/turtlesim__rosidl_generator_py.dir/rosidl_generator_py/turtlesim/srv/_kill_s.c.o[0m
[27.485s] [ 85%] [32mBuilding C object CMakeFiles/turtlesim__rosidl_generator_py.dir/rosidl_generator_py/turtlesim/srv/_set_pen_s.c.o[0m
[27.865s] [ 86%] [32mBuilding C object CMakeFiles/turtlesim__rosidl_generator_py.dir/rosidl_generator_py/turtlesim/srv/_spawn_s.c.o[0m
[28.190s] [ 87%] [32mBuilding C object CMakeFiles/turtlesim__rosidl_generator_py.dir/rosidl_generator_py/turtlesim/srv/_teleport_absolute_s.c.o[0m
[28.665s] [ 88%] [32mBuilding C object CMakeFiles/turtlesim__rosidl_generator_py.dir/rosidl_generator_py/turtlesim/srv/_teleport_relative_s.c.o[0m
[28.914s] [ 89%] [32m[1mLinking C shared library rosidl_generator_py/turtlesim/libturtlesim__rosidl_generator_py.so[0m
[29.404s] [ 89%] Built target turtlesim__rosidl_generator_py
[29.436s] [ 90%] [32mBuilding C object CMakeFiles/turtlesim__rosidl_typesupport_fastrtps_c__pyext.dir/rosidl_generator_py/turtlesim/_turtlesim_s.ep.rosidl_typesupport_fastrtps_c.c.o[0m
[30.224s] [ 91%] [32m[1mLinking C shared library rosidl_generator_py/turtlesim/turtlesim_s__rosidl_typesupport_fastrtps_c.cpython-310-x86_64-linux-gnu.so[0m
[31.147s] [ 91%] Built target turtlesim__rosidl_typesupport_fastrtps_c__pyext
[31.182s] [ 92%] [32mBuilding C object CMakeFiles/turtlesim__rosidl_typesupport_introspection_c__pyext.dir/rosidl_generator_py/turtlesim/_turtlesim_s.ep.rosidl_typesupport_introspection_c.c.o[0m
[31.684s] [ 93%] [32mBuilding C object CMakeFiles/turtlesim__rosidl_typesupport_c__pyext.dir/rosidl_generator_py/turtlesim/_turtlesim_s.ep.rosidl_typesupport_c.c.o[0m
[31.730s] [ 94%] [32m[1mLinking C shared library rosidl_generator_py/turtlesim/turtlesim_s__rosidl_typesupport_introspection_c.cpython-310-x86_64-linux-gnu.so[0m
[32.131s] [ 95%] [32m[1mLinking C shared library rosidl_generator_py/turtlesim/turtlesim_s__rosidl_typesupport_c.cpython-310-x86_64-linux-gnu.so[0m
[32.456s] [ 95%] Built target turtlesim__rosidl_typesupport_introspection_c__pyext
[32.600s] [ 95%] Built target turtlesim__rosidl_typesupport_c__pyext
[34.943s] [ 96%] [32m[1mLinking CXX executable turtle_teleop_key[0m
[35.708s] [ 96%] Built target turtle_teleop_key
[40.346s] [ 97%] [32m[1mLinking CXX executable mimic[0m
[40.637s] [ 98%] [32m[1mLinking CXX executable draw_square[0m
[41.278s] [ 98%] Built target mimic
[41.551s] [ 98%] Built target draw_square
[44.989s] [100%] [32m[1mLinking CXX executable turtlesim_node[0m
[48.451s] [100%] Built target turtlesim_node
[48.467s] Invoked command in '/home/tainteli/meu_workspace_agora_vai/build/turtlesim' returned '0': CMAKE_PREFIX_PATH=${CMAKE_PREFIX_PATH}:/home/tainteli/meu_workspace/my_package/install/my_package:/home/tainteli/meu_workspace/install/my_package:/opt/ros/humble /home/tainteli/.local/bin/cmake --build /home/tainteli/meu_workspace_agora_vai/build/turtlesim -- -j8 -l8
[48.725s] Invoking command in '/home/tainteli/meu_workspace_agora_vai/build/turtlesim': CMAKE_PREFIX_PATH=${CMAKE_PREFIX_PATH}:/home/tainteli/meu_workspace/my_package/install/my_package:/home/tainteli/meu_workspace/install/my_package:/opt/ros/humble /home/tainteli/.local/bin/cmake --install /home/tainteli/meu_workspace_agora_vai/build/turtlesim
[48.759s] -- Install configuration: ""
[48.763s] -- Installing: /home/tainteli/meu_workspace_agora_vai/install/turtlesim/share/ament_index/resource_index/rosidl_interfaces/turtlesim
[48.764s] -- Installing: /home/tainteli/meu_workspace_agora_vai/install/turtlesim/include/turtlesim/turtlesim
[48.765s] -- Installing: /home/tainteli/meu_workspace_agora_vai/install/turtlesim/include/turtlesim/turtlesim/msg
[48.765s] -- Installing: /home/tainteli/meu_workspace_agora_vai/install/turtlesim/include/turtlesim/turtlesim/msg/pose.h
[48.765s] -- Installing: /home/tainteli/meu_workspace_agora_vai/install/turtlesim/include/turtlesim/turtlesim/msg/detail
[48.766s] -- Installing: /home/tainteli/meu_workspace_agora_vai/install/turtlesim/include/turtlesim/turtlesim/msg/detail/color__functions.c
[48.766s] -- Installing: /home/tainteli/meu_workspace_agora_vai/install/turtlesim/include/turtlesim/turtlesim/msg/detail/pose__functions.h
[48.766s] -- Installing: /home/tainteli/meu_workspace_agora_vai/install/turtlesim/include/turtlesim/turtlesim/msg/detail/color__functions.h
[48.766s] -- Installing: /home/tainteli/meu_workspace_agora_vai/install/turtlesim/include/turtlesim/turtlesim/msg/detail/pose__struct.h
[48.767s] -- Installing: /home/tainteli/meu_workspace_agora_vai/install/turtlesim/include/turtlesim/turtlesim/msg/detail/pose__functions.c
[48.767s] -- Installing: /home/tainteli/meu_workspace_agora_vai/install/turtlesim/include/turtlesim/turtlesim/msg/detail/color__struct.h
[48.767s] -- Installing: /home/tainteli/meu_workspace_agora_vai/install/turtlesim/include/turtlesim/turtlesim/msg/detail/pose__type_support.h
[48.767s] -- Installing: /home/tainteli/meu_workspace_agora_vai/install/turtlesim/include/turtlesim/turtlesim/msg/detail/color__type_support.h
[48.767s] -- Installing: /home/tainteli/meu_workspace_agora_vai/install/turtlesim/include/turtlesim/turtlesim/msg/rosidl_generator_c__visibility_control.h
[48.768s] -- Installing: /home/tainteli/meu_workspace_agora_vai/install/turtlesim/include/turtlesim/turtlesim/msg/color.h
[48.768s] -- Installing: /home/tainteli/meu_workspace_agora_vai/install/turtlesim/include/turtlesim/turtlesim/action
[48.768s] -- Installing: /home/tainteli/meu_workspace_agora_vai/install/turtlesim/include/turtlesim/turtlesim/action/rotate_absolute.h
[48.768s] -- Installing: /home/tainteli/meu_workspace_agora_vai/install/turtlesim/include/turtlesim/turtlesim/action/detail
[48.769s] -- Installing: /home/tainteli/meu_workspace_agora_vai/install/turtlesim/include/turtlesim/turtlesim/action/detail/rotate_absolute__type_support.h
[48.769s] -- Installing: /home/tainteli/meu_workspace_agora_vai/install/turtlesim/include/turtlesim/turtlesim/action/detail/rotate_absolute__struct.h
[48.769s] -- Installing: /home/tainteli/meu_workspace_agora_vai/install/turtlesim/include/turtlesim/turtlesim/action/detail/rotate_absolute__functions.h
[48.769s] -- Installing: /home/tainteli/meu_workspace_agora_vai/install/turtlesim/include/turtlesim/turtlesim/action/detail/rotate_absolute__functions.c
[48.769s] -- Installing: /home/tainteli/meu_workspace_agora_vai/install/turtlesim/include/turtlesim/turtlesim/srv
[48.769s] -- Installing: /home/tainteli/meu_workspace_agora_vai/install/turtlesim/include/turtlesim/turtlesim/srv/set_pen.h
[48.770s] -- Installing: /home/tainteli/meu_workspace_agora_vai/install/turtlesim/include/turtlesim/turtlesim/srv/spawn.h
[48.770s] -- Installing: /home/tainteli/meu_workspace_agora_vai/install/turtlesim/include/turtlesim/turtlesim/srv/detail
[48.770s] -- Installing: /home/tainteli/meu_workspace_agora_vai/install/turtlesim/include/turtlesim/turtlesim/srv/detail/teleport_absolute__functions.c
[48.770s] -- Installing: /home/tainteli/meu_workspace_agora_vai/install/turtlesim/include/turtlesim/turtlesim/srv/detail/set_pen__struct.h
[48.770s] -- Installing: /home/tainteli/meu_workspace_agora_vai/install/turtlesim/include/turtlesim/turtlesim/srv/detail/spawn__type_support.h
[48.770s] -- Installing: /home/tainteli/meu_workspace_agora_vai/install/turtlesim/include/turtlesim/turtlesim/srv/detail/teleport_absolute__struct.h
[48.770s] -- Installing: /home/tainteli/meu_workspace_agora_vai/install/turtlesim/include/turtlesim/turtlesim/srv/detail/kill__functions.h
[48.771s] -- Installing: /home/tainteli/meu_workspace_agora_vai/install/turtlesim/include/turtlesim/turtlesim/srv/detail/set_pen__functions.c
[48.771s] -- Installing: /home/tainteli/meu_workspace_agora_vai/install/turtlesim/include/turtlesim/turtlesim/srv/detail/set_pen__type_support.h
[48.771s] -- Installing: /home/tainteli/meu_workspace_agora_vai/install/turtlesim/include/turtlesim/turtlesim/srv/detail/kill__type_support.h
[48.771s] -- Installing: /home/tainteli/meu_workspace_agora_vai/install/turtlesim/include/turtlesim/turtlesim/srv/detail/spawn__struct.h
[48.771s] -- Installing: /home/tainteli/meu_workspace_agora_vai/install/turtlesim/include/turtlesim/turtlesim/srv/detail/teleport_absolute__type_support.h
[48.771s] -- Installing: /home/tainteli/meu_workspace_agora_vai/install/turtlesim/include/turtlesim/turtlesim/srv/detail/set_pen__functions.h
[48.772s] -- Installing: /home/tainteli/meu_workspace_agora_vai/install/turtlesim/include/turtlesim/turtlesim/srv/detail/teleport_relative__functions.h
[48.772s] -- Installing: /home/tainteli/meu_workspace_agora_vai/install/turtlesim/include/turtlesim/turtlesim/srv/detail/kill__struct.h
[48.772s] -- Installing: /home/tainteli/meu_workspace_agora_vai/install/turtlesim/include/turtlesim/turtlesim/srv/detail/spawn__functions.h
[48.772s] -- Installing: /home/tainteli/meu_workspace_agora_vai/install/turtlesim/include/turtlesim/turtlesim/srv/detail/teleport_absolute__functions.h
[48.772s] -- Installing: /home/tainteli/meu_workspace_agora_vai/install/turtlesim/include/turtlesim/turtlesim/srv/detail/teleport_relative__type_support.h
[48.772s] -- Installing: /home/tainteli/meu_workspace_agora_vai/install/turtlesim/include/turtlesim/turtlesim/srv/detail/kill__functions.c
[48.772s] -- Installing: /home/tainteli/meu_workspace_agora_vai/install/turtlesim/include/turtlesim/turtlesim/srv/detail/teleport_relative__struct.h
[48.772s] -- Installing: /home/tainteli/meu_workspace_agora_vai/install/turtlesim/include/turtlesim/turtlesim/srv/detail/spawn__functions.c
[48.773s] -- Installing: /home/tainteli/meu_workspace_agora_vai/install/turtlesim/include/turtlesim/turtlesim/srv/detail/teleport_relative__functions.c
[48.773s] -- Installing: /home/tainteli/meu_workspace_agora_vai/install/turtlesim/include/turtlesim/turtlesim/srv/kill.h
[48.773s] -- Installing: /home/tainteli/meu_workspace_agora_vai/install/turtlesim/include/turtlesim/turtlesim/srv/teleport_relative.h
[48.773s] -- Installing: /home/tainteli/meu_workspace_agora_vai/install/turtlesim/include/turtlesim/turtlesim/srv/teleport_absolute.h
[48.773s] -- Installing: /home/tainteli/meu_workspace_agora_vai/install/turtlesim/share/turtlesim/environment/library_path.sh
[48.773s] -- Installing: /home/tainteli/meu_workspace_agora_vai/install/turtlesim/share/turtlesim/environment/library_path.dsv
[48.773s] -- Installing: /home/tainteli/meu_workspace_agora_vai/install/turtlesim/lib/libturtlesim__rosidl_generator_c.so
[48.773s] -- Set runtime path of "/home/tainteli/meu_workspace_agora_vai/install/turtlesim/lib/libturtlesim__rosidl_generator_c.so" to ""
[48.774s] -- Up-to-date: /home/tainteli/meu_workspace_agora_vai/install/turtlesim/include/turtlesim/turtlesim
[48.774s] -- Up-to-date: /home/tainteli/meu_workspace_agora_vai/install/turtlesim/include/turtlesim/turtlesim/msg
[48.774s] -- Installing: /home/tainteli/meu_workspace_agora_vai/install/turtlesim/include/turtlesim/turtlesim/msg/rosidl_typesupport_fastrtps_c__visibility_control.h
[48.774s] -- Up-to-date: /home/tainteli/meu_workspace_agora_vai/install/turtlesim/include/turtlesim/turtlesim/msg/detail
[48.774s] -- Installing: /home/tainteli/meu_workspace_agora_vai/install/turtlesim/include/turtlesim/turtlesim/msg/detail/pose__rosidl_typesupport_fastrtps_c.h
[48.775s] -- Installing: /home/tainteli/meu_workspace_agora_vai/install/turtlesim/include/turtlesim/turtlesim/msg/detail/color__rosidl_typesupport_fastrtps_c.h
[48.775s] -- Up-to-date: /home/tainteli/meu_workspace_agora_vai/install/turtlesim/include/turtlesim/turtlesim/action
[48.775s] -- Up-to-date: /home/tainteli/meu_workspace_agora_vai/install/turtlesim/include/turtlesim/turtlesim/action/detail
[48.775s] -- Installing: /home/tainteli/meu_workspace_agora_vai/install/turtlesim/include/turtlesim/turtlesim/action/detail/rotate_absolute__rosidl_typesupport_fastrtps_c.h
[48.775s] -- Up-to-date: /home/tainteli/meu_workspace_agora_vai/install/turtlesim/include/turtlesim/turtlesim/srv
[48.775s] -- Up-to-date: /home/tainteli/meu_workspace_agora_vai/install/turtlesim/include/turtlesim/turtlesim/srv/detail
[48.776s] -- Installing: /home/tainteli/meu_workspace_agora_vai/install/turtlesim/include/turtlesim/turtlesim/srv/detail/teleport_absolute__rosidl_typesupport_fastrtps_c.h
[48.776s] -- Installing: /home/tainteli/meu_workspace_agora_vai/install/turtlesim/include/turtlesim/turtlesim/srv/detail/teleport_relative__rosidl_typesupport_fastrtps_c.h
[48.776s] -- Installing: /home/tainteli/meu_workspace_agora_vai/install/turtlesim/include/turtlesim/turtlesim/srv/detail/set_pen__rosidl_typesupport_fastrtps_c.h
[48.776s] -- Installing: /home/tainteli/meu_workspace_agora_vai/install/turtlesim/include/turtlesim/turtlesim/srv/detail/kill__rosidl_typesupport_fastrtps_c.h
[48.776s] -- Installing: /home/tainteli/meu_workspace_agora_vai/install/turtlesim/include/turtlesim/turtlesim/srv/detail/spawn__rosidl_typesupport_fastrtps_c.h
[48.777s] -- Installing: /home/tainteli/meu_workspace_agora_vai/install/turtlesim/lib/libturtlesim__rosidl_typesupport_fastrtps_c.so
[48.777s] -- Set runtime path of "/home/tainteli/meu_workspace_agora_vai/install/turtlesim/lib/libturtlesim__rosidl_typesupport_fastrtps_c.so" to ""
[48.777s] -- Up-to-date: /home/tainteli/meu_workspace_agora_vai/install/turtlesim/include/turtlesim/turtlesim
[48.777s] -- Up-to-date: /home/tainteli/meu_workspace_agora_vai/install/turtlesim/include/turtlesim/turtlesim/msg
[48.778s] -- Installing: /home/tainteli/meu_workspace_agora_vai/install/turtlesim/include/turtlesim/turtlesim/msg/pose.hpp
[48.778s] -- Installing: /home/tainteli/meu_workspace_agora_vai/install/turtlesim/include/turtlesim/turtlesim/msg/color.hpp
[48.778s] -- Up-to-date: /home/tainteli/meu_workspace_agora_vai/install/turtlesim/include/turtlesim/turtlesim/msg/detail
[48.778s] -- Installing: /home/tainteli/meu_workspace_agora_vai/install/turtlesim/include/turtlesim/turtlesim/msg/detail/pose__struct.hpp
[48.778s] -- Installing: /home/tainteli/meu_workspace_agora_vai/install/turtlesim/include/turtlesim/turtlesim/msg/detail/pose__builder.hpp
[48.778s] -- Installing: /home/tainteli/meu_workspace_agora_vai/install/turtlesim/include/turtlesim/turtlesim/msg/detail/color__traits.hpp
[48.779s] -- Installing: /home/tainteli/meu_workspace_agora_vai/install/turtlesim/include/turtlesim/turtlesim/msg/detail/color__struct.hpp
[48.779s] -- Installing: /home/tainteli/meu_workspace_agora_vai/install/turtlesim/include/turtlesim/turtlesim/msg/detail/color__builder.hpp
[48.779s] -- Installing: /home/tainteli/meu_workspace_agora_vai/install/turtlesim/include/turtlesim/turtlesim/msg/detail/pose__traits.hpp
[48.779s] -- Up-to-date: /home/tainteli/meu_workspace_agora_vai/install/turtlesim/include/turtlesim/turtlesim/action
[48.779s] -- Up-to-date: /home/tainteli/meu_workspace_agora_vai/install/turtlesim/include/turtlesim/turtlesim/action/detail
[48.779s] -- Installing: /home/tainteli/meu_workspace_agora_vai/install/turtlesim/include/turtlesim/turtlesim/action/detail/rotate_absolute__traits.hpp
[48.780s] -- Installing: /home/tainteli/meu_workspace_agora_vai/install/turtlesim/include/turtlesim/turtlesim/action/detail/rotate_absolute__builder.hpp
[48.780s] -- Installing: /home/tainteli/meu_workspace_agora_vai/install/turtlesim/include/turtlesim/turtlesim/action/detail/rotate_absolute__struct.hpp
[48.780s] -- Installing: /home/tainteli/meu_workspace_agora_vai/install/turtlesim/include/turtlesim/turtlesim/action/rotate_absolute.hpp
[48.780s] -- Up-to-date: /home/tainteli/meu_workspace_agora_vai/install/turtlesim/include/turtlesim/turtlesim/srv
[48.780s] -- Installing: /home/tainteli/meu_workspace_agora_vai/install/turtlesim/include/turtlesim/turtlesim/srv/teleport_relative.hpp
[48.780s] -- Installing: /home/tainteli/meu_workspace_agora_vai/install/turtlesim/include/turtlesim/turtlesim/srv/teleport_absolute.hpp
[48.781s] -- Up-to-date: /home/tainteli/meu_workspace_agora_vai/install/turtlesim/include/turtlesim/turtlesim/srv/detail
[48.781s] -- Installing: /home/tainteli/meu_workspace_agora_vai/install/turtlesim/include/turtlesim/turtlesim/srv/detail/spawn__builder.hpp
[48.781s] -- Installing: /home/tainteli/meu_workspace_agora_vai/install/turtlesim/include/turtlesim/turtlesim/srv/detail/teleport_relative__struct.hpp
[48.781s] -- Installing: /home/tainteli/meu_workspace_agora_vai/install/turtlesim/include/turtlesim/turtlesim/srv/detail/kill__traits.hpp
[48.781s] -- Installing: /home/tainteli/meu_workspace_agora_vai/install/turtlesim/include/turtlesim/turtlesim/srv/detail/set_pen__struct.hpp
[48.782s] -- Installing: /home/tainteli/meu_workspace_agora_vai/install/turtlesim/include/turtlesim/turtlesim/srv/detail/spawn__struct.hpp
[48.782s] -- Installing: /home/tainteli/meu_workspace_agora_vai/install/turtlesim/include/turtlesim/turtlesim/srv/detail/teleport_absolute__struct.hpp
[48.782s] -- Installing: /home/tainteli/meu_workspace_agora_vai/install/turtlesim/include/turtlesim/turtlesim/srv/detail/kill__struct.hpp
[48.782s] -- Installing: /home/tainteli/meu_workspace_agora_vai/install/turtlesim/include/turtlesim/turtlesim/srv/detail/spawn__traits.hpp
[48.782s] -- Installing: /home/tainteli/meu_workspace_agora_vai/install/turtlesim/include/turtlesim/turtlesim/srv/detail/teleport_absolute__builder.hpp
[48.782s] -- Installing: /home/tainteli/meu_workspace_agora_vai/install/turtlesim/include/turtlesim/turtlesim/srv/detail/set_pen__traits.hpp
[48.782s] -- Installing: /home/tainteli/meu_workspace_agora_vai/install/turtlesim/include/turtlesim/turtlesim/srv/detail/teleport_relative__builder.hpp
[48.782s] -- Installing: /home/tainteli/meu_workspace_agora_vai/install/turtlesim/include/turtlesim/turtlesim/srv/detail/teleport_absolute__traits.hpp
[48.783s] -- Installing: /home/tainteli/meu_workspace_agora_vai/install/turtlesim/include/turtlesim/turtlesim/srv/detail/teleport_relative__traits.hpp
[48.783s] -- Installing: /home/tainteli/meu_workspace_agora_vai/install/turtlesim/include/turtlesim/turtlesim/srv/detail/set_pen__builder.hpp
[48.783s] -- Installing: /home/tainteli/meu_workspace_agora_vai/install/turtlesim/include/turtlesim/turtlesim/srv/detail/kill__builder.hpp
[48.783s] -- Installing: /home/tainteli/meu_workspace_agora_vai/install/turtlesim/include/turtlesim/turtlesim/srv/set_pen.hpp
[48.783s] -- Installing: /home/tainteli/meu_workspace_agora_vai/install/turtlesim/include/turtlesim/turtlesim/srv/kill.hpp
[48.783s] -- Installing: /home/tainteli/meu_workspace_agora_vai/install/turtlesim/include/turtlesim/turtlesim/srv/spawn.hpp
[48.783s] -- Up-to-date: /home/tainteli/meu_workspace_agora_vai/install/turtlesim/include/turtlesim/turtlesim
[48.784s] -- Up-to-date: /home/tainteli/meu_workspace_agora_vai/install/turtlesim/include/turtlesim/turtlesim/msg
[48.784s] -- Up-to-date: /home/tainteli/meu_workspace_agora_vai/install/turtlesim/include/turtlesim/turtlesim/msg/detail
[48.784s] -- Installing: /home/tainteli/meu_workspace_agora_vai/install/turtlesim/include/turtlesim/turtlesim/msg/detail/color__rosidl_typesupport_fastrtps_cpp.hpp
[48.784s] -- Installing: /home/tainteli/meu_workspace_agora_vai/install/turtlesim/include/turtlesim/turtlesim/msg/detail/pose__rosidl_typesupport_fastrtps_cpp.hpp
[48.784s] -- Installing: /home/tainteli/meu_workspace_agora_vai/install/turtlesim/include/turtlesim/turtlesim/msg/detail/dds_fastrtps
[48.784s] -- Installing: /home/tainteli/meu_workspace_agora_vai/install/turtlesim/include/turtlesim/turtlesim/msg/rosidl_typesupport_fastrtps_cpp__visibility_control.h
[48.784s] -- Up-to-date: /home/tainteli/meu_workspace_agora_vai/install/turtlesim/include/turtlesim/turtlesim/action
[48.785s] -- Up-to-date: /home/tainteli/meu_workspace_agora_vai/install/turtlesim/include/turtlesim/turtlesim/action/detail
[48.785s] -- Installing: /home/tainteli/meu_workspace_agora_vai/install/turtlesim/include/turtlesim/turtlesim/action/detail/rotate_absolute__rosidl_typesupport_fastrtps_cpp.hpp
[48.785s] -- Installing: /home/tainteli/meu_workspace_agora_vai/install/turtlesim/include/turtlesim/turtlesim/action/detail/dds_fastrtps
[48.785s] -- Up-to-date: /home/tainteli/meu_workspace_agora_vai/install/turtlesim/include/turtlesim/turtlesim/srv
[48.785s] -- Up-to-date: /home/tainteli/meu_workspace_agora_vai/install/turtlesim/include/turtlesim/turtlesim/srv/detail
[48.786s] -- Installing: /home/tainteli/meu_workspace_agora_vai/install/turtlesim/include/turtlesim/turtlesim/srv/detail/teleport_relative__rosidl_typesupport_fastrtps_cpp.hpp
[48.786s] -- Installing: /home/tainteli/meu_workspace_agora_vai/install/turtlesim/include/turtlesim/turtlesim/srv/detail/teleport_absolute__rosidl_typesupport_fastrtps_cpp.hpp
[48.786s] -- Installing: /home/tainteli/meu_workspace_agora_vai/install/turtlesim/include/turtlesim/turtlesim/srv/detail/kill__rosidl_typesupport_fastrtps_cpp.hpp
[48.786s] -- Installing: /home/tainteli/meu_workspace_agora_vai/install/turtlesim/include/turtlesim/turtlesim/srv/detail/set_pen__rosidl_typesupport_fastrtps_cpp.hpp
[48.786s] -- Installing: /home/tainteli/meu_workspace_agora_vai/install/turtlesim/include/turtlesim/turtlesim/srv/detail/spawn__rosidl_typesupport_fastrtps_cpp.hpp
[48.787s] -- Installing: /home/tainteli/meu_workspace_agora_vai/install/turtlesim/include/turtlesim/turtlesim/srv/detail/dds_fastrtps
[48.787s] -- Installing: /home/tainteli/meu_workspace_agora_vai/install/turtlesim/lib/libturtlesim__rosidl_typesupport_fastrtps_cpp.so
[48.787s] -- Set runtime path of "/home/tainteli/meu_workspace_agora_vai/install/turtlesim/lib/libturtlesim__rosidl_typesupport_fastrtps_cpp.so" to ""
[48.787s] -- Up-to-date: /home/tainteli/meu_workspace_agora_vai/install/turtlesim/include/turtlesim/turtlesim
[48.787s] -- Up-to-date: /home/tainteli/meu_workspace_agora_vai/install/turtlesim/include/turtlesim/turtlesim/msg
[48.787s] -- Up-to-date: /home/tainteli/meu_workspace_agora_vai/install/turtlesim/include/turtlesim/turtlesim/msg/detail
[48.788s] -- Installing: /home/tainteli/meu_workspace_agora_vai/install/turtlesim/include/turtlesim/turtlesim/msg/detail/pose__type_support.c
[48.788s] -- Installing: /home/tainteli/meu_workspace_agora_vai/install/turtlesim/include/turtlesim/turtlesim/msg/detail/color__type_support.c
[48.788s] -- Installing: /home/tainteli/meu_workspace_agora_vai/install/turtlesim/include/turtlesim/turtlesim/msg/detail/color__rosidl_typesupport_introspection_c.h
[48.788s] -- Installing: /home/tainteli/meu_workspace_agora_vai/install/turtlesim/include/turtlesim/turtlesim/msg/detail/pose__rosidl_typesupport_introspection_c.h
[48.788s] -- Installing: /home/tainteli/meu_workspace_agora_vai/install/turtlesim/include/turtlesim/turtlesim/msg/rosidl_typesupport_introspection_c__visibility_control.h
[48.788s] -- Up-to-date: /home/tainteli/meu_workspace_agora_vai/install/turtlesim/include/turtlesim/turtlesim/action
[48.788s] -- Up-to-date: /home/tainteli/meu_workspace_agora_vai/install/turtlesim/include/turtlesim/turtlesim/action/detail
[48.789s] -- Installing: /home/tainteli/meu_workspace_agora_vai/install/turtlesim/include/turtlesim/turtlesim/action/detail/rotate_absolute__rosidl_typesupport_introspection_c.h
[48.789s] -- Installing: /home/tainteli/meu_workspace_agora_vai/install/turtlesim/include/turtlesim/turtlesim/action/detail/rotate_absolute__type_support.c
[48.789s] -- Up-to-date: /home/tainteli/meu_workspace_agora_vai/install/turtlesim/include/turtlesim/turtlesim/srv
[48.789s] -- Up-to-date: /home/tainteli/meu_workspace_agora_vai/install/turtlesim/include/turtlesim/turtlesim/srv/detail
[48.789s] -- Installing: /home/tainteli/meu_workspace_agora_vai/install/turtlesim/include/turtlesim/turtlesim/srv/detail/teleport_relative__rosidl_typesupport_introspection_c.h
[48.790s] -- Installing: /home/tainteli/meu_workspace_agora_vai/install/turtlesim/include/turtlesim/turtlesim/srv/detail/set_pen__rosidl_typesupport_introspection_c.h
[48.790s] -- Installing: /home/tainteli/meu_workspace_agora_vai/install/turtlesim/include/turtlesim/turtlesim/srv/detail/teleport_absolute__type_support.c
[48.790s] -- Installing: /home/tainteli/meu_workspace_agora_vai/install/turtlesim/include/turtlesim/turtlesim/srv/detail/teleport_relative__type_support.c
[48.790s] -- Installing: /home/tainteli/meu_workspace_agora_vai/install/turtlesim/include/turtlesim/turtlesim/srv/detail/kill__type_support.c
[48.790s] -- Installing: /home/tainteli/meu_workspace_agora_vai/install/turtlesim/include/turtlesim/turtlesim/srv/detail/spawn__rosidl_typesupport_introspection_c.h
[48.790s] -- Installing: /home/tainteli/meu_workspace_agora_vai/install/turtlesim/include/turtlesim/turtlesim/srv/detail/set_pen__type_support.c
[48.790s] -- Installing: /home/tainteli/meu_workspace_agora_vai/install/turtlesim/include/turtlesim/turtlesim/srv/detail/spawn__type_support.c
[48.790s] -- Installing: /home/tainteli/meu_workspace_agora_vai/install/turtlesim/include/turtlesim/turtlesim/srv/detail/teleport_absolute__rosidl_typesupport_introspection_c.h
[48.791s] -- Installing: /home/tainteli/meu_workspace_agora_vai/install/turtlesim/include/turtlesim/turtlesim/srv/detail/kill__rosidl_typesupport_introspection_c.h
[48.791s] -- Installing: /home/tainteli/meu_workspace_agora_vai/install/turtlesim/lib/libturtlesim__rosidl_typesupport_introspection_c.so
[48.791s] -- Set runtime path of "/home/tainteli/meu_workspace_agora_vai/install/turtlesim/lib/libturtlesim__rosidl_typesupport_introspection_c.so" to ""
[48.791s] -- Installing: /home/tainteli/meu_workspace_agora_vai/install/turtlesim/lib/libturtlesim__rosidl_typesupport_c.so
[48.791s] -- Set runtime path of "/home/tainteli/meu_workspace_agora_vai/install/turtlesim/lib/libturtlesim__rosidl_typesupport_c.so" to ""
[48.791s] -- Up-to-date: /home/tainteli/meu_workspace_agora_vai/install/turtlesim/include/turtlesim/turtlesim
[48.791s] -- Up-to-date: /home/tainteli/meu_workspace_agora_vai/install/turtlesim/include/turtlesim/turtlesim/msg
[48.791s] -- Up-to-date: /home/tainteli/meu_workspace_agora_vai/install/turtlesim/include/turtlesim/turtlesim/msg/detail
[48.792s] -- Installing: /home/tainteli/meu_workspace_agora_vai/install/turtlesim/include/turtlesim/turtlesim/msg/detail/pose__rosidl_typesupport_introspection_cpp.hpp
[48.792s] -- Installing: /home/tainteli/meu_workspace_agora_vai/install/turtlesim/include/turtlesim/turtlesim/msg/detail/pose__type_support.cpp
[48.792s] -- Installing: /home/tainteli/meu_workspace_agora_vai/install/turtlesim/include/turtlesim/turtlesim/msg/detail/color__type_support.cpp
[48.792s] -- Installing: /home/tainteli/meu_workspace_agora_vai/install/turtlesim/include/turtlesim/turtlesim/msg/detail/color__rosidl_typesupport_introspection_cpp.hpp
[48.792s] -- Up-to-date: /home/tainteli/meu_workspace_agora_vai/install/turtlesim/include/turtlesim/turtlesim/action
[48.792s] -- Up-to-date: /home/tainteli/meu_workspace_agora_vai/install/turtlesim/include/turtlesim/turtlesim/action/detail
[48.792s] -- Installing: /home/tainteli/meu_workspace_agora_vai/install/turtlesim/include/turtlesim/turtlesim/action/detail/rotate_absolute__type_support.cpp
[48.793s] -- Installing: /home/tainteli/meu_workspace_agora_vai/install/turtlesim/include/turtlesim/turtlesim/action/detail/rotate_absolute__rosidl_typesupport_introspection_cpp.hpp
[48.793s] -- Up-to-date: /home/tainteli/meu_workspace_agora_vai/install/turtlesim/include/turtlesim/turtlesim/srv
[48.793s] -- Up-to-date: /home/tainteli/meu_workspace_agora_vai/install/turtlesim/include/turtlesim/turtlesim/srv/detail
[48.793s] -- Installing: /home/tainteli/meu_workspace_agora_vai/install/turtlesim/include/turtlesim/turtlesim/srv/detail/spawn__rosidl_typesupport_introspection_cpp.hpp
[48.793s] -- Installing: /home/tainteli/meu_workspace_agora_vai/install/turtlesim/include/turtlesim/turtlesim/srv/detail/set_pen__rosidl_typesupport_introspection_cpp.hpp
[48.793s] -- Installing: /home/tainteli/meu_workspace_agora_vai/install/turtlesim/include/turtlesim/turtlesim/srv/detail/kill__rosidl_typesupport_introspection_cpp.hpp
[48.793s] -- Installing: /home/tainteli/meu_workspace_agora_vai/install/turtlesim/include/turtlesim/turtlesim/srv/detail/teleport_absolute__type_support.cpp
[48.794s] -- Installing: /home/tainteli/meu_workspace_agora_vai/install/turtlesim/include/turtlesim/turtlesim/srv/detail/spawn__type_support.cpp
[48.794s] -- Installing: /home/tainteli/meu_workspace_agora_vai/install/turtlesim/include/turtlesim/turtlesim/srv/detail/kill__type_support.cpp
[48.794s] -- Installing: /home/tainteli/meu_workspace_agora_vai/install/turtlesim/include/turtlesim/turtlesim/srv/detail/teleport_relative__type_support.cpp
[48.794s] -- Installing: /home/tainteli/meu_workspace_agora_vai/install/turtlesim/include/turtlesim/turtlesim/srv/detail/teleport_absolute__rosidl_typesupport_introspection_cpp.hpp
[48.794s] -- Installing: /home/tainteli/meu_workspace_agora_vai/install/turtlesim/include/turtlesim/turtlesim/srv/detail/teleport_relative__rosidl_typesupport_introspection_cpp.hpp
[48.794s] -- Installing: /home/tainteli/meu_workspace_agora_vai/install/turtlesim/include/turtlesim/turtlesim/srv/detail/set_pen__type_support.cpp
[48.794s] -- Installing: /home/tainteli/meu_workspace_agora_vai/install/turtlesim/lib/libturtlesim__rosidl_typesupport_introspection_cpp.so
[48.795s] -- Set runtime path of "/home/tainteli/meu_workspace_agora_vai/install/turtlesim/lib/libturtlesim__rosidl_typesupport_introspection_cpp.so" to ""
[48.795s] -- Installing: /home/tainteli/meu_workspace_agora_vai/install/turtlesim/lib/libturtlesim__rosidl_typesupport_cpp.so
[48.795s] -- Set runtime path of "/home/tainteli/meu_workspace_agora_vai/install/turtlesim/lib/libturtlesim__rosidl_typesupport_cpp.so" to ""
[48.795s] -- Installing: /home/tainteli/meu_workspace_agora_vai/install/turtlesim/share/turtlesim/environment/pythonpath.sh
[48.795s] -- Installing: /home/tainteli/meu_workspace_agora_vai/install/turtlesim/share/turtlesim/environment/pythonpath.dsv
[48.795s] -- Installing: /home/tainteli/meu_workspace_agora_vai/install/turtlesim/local/lib/python3.10/dist-packages/turtlesim-1.4.2-py3.10.egg-info
[48.796s] -- Installing: /home/tainteli/meu_workspace_agora_vai/install/turtlesim/local/lib/python3.10/dist-packages/turtlesim-1.4.2-py3.10.egg-info/top_level.txt
[48.796s] -- Installing: /home/tainteli/meu_workspace_agora_vai/install/turtlesim/local/lib/python3.10/dist-packages/turtlesim-1.4.2-py3.10.egg-info/SOURCES.txt
[48.796s] -- Installing: /home/tainteli/meu_workspace_agora_vai/install/turtlesim/local/lib/python3.10/dist-packages/turtlesim-1.4.2-py3.10.egg-info/dependency_links.txt
[48.796s] -- Installing: /home/tainteli/meu_workspace_agora_vai/install/turtlesim/local/lib/python3.10/dist-packages/turtlesim-1.4.2-py3.10.egg-info/PKG-INFO
[48.796s] -- Installing: /home/tainteli/meu_workspace_agora_vai/install/turtlesim/local/lib/python3.10/dist-packages/turtlesim
[48.797s] -- Installing: /home/tainteli/meu_workspace_agora_vai/install/turtlesim/local/lib/python3.10/dist-packages/turtlesim/libturtlesim__rosidl_generator_py.so
[48.797s] -- Installing: /home/tainteli/meu_workspace_agora_vai/install/turtlesim/local/lib/python3.10/dist-packages/turtlesim/msg
[48.797s] -- Installing: /home/tainteli/meu_workspace_agora_vai/install/turtlesim/local/lib/python3.10/dist-packages/turtlesim/msg/_pose_s.c
[48.797s] -- Installing: /home/tainteli/meu_workspace_agora_vai/install/turtlesim/local/lib/python3.10/dist-packages/turtlesim/msg/__init__.py
[48.797s] -- Installing: /home/tainteli/meu_workspace_agora_vai/install/turtlesim/local/lib/python3.10/dist-packages/turtlesim/msg/_pose.py
[48.797s] -- Installing: /home/tainteli/meu_workspace_agora_vai/install/turtlesim/local/lib/python3.10/dist-packages/turtlesim/msg/_color_s.c
[48.797s] -- Installing: /home/tainteli/meu_workspace_agora_vai/install/turtlesim/local/lib/python3.10/dist-packages/turtlesim/msg/_color.py
[48.797s] -- Installing: /home/tainteli/meu_workspace_agora_vai/install/turtlesim/local/lib/python3.10/dist-packages/turtlesim/__init__.py
[48.797s] -- Installing: /home/tainteli/meu_workspace_agora_vai/install/turtlesim/local/lib/python3.10/dist-packages/turtlesim/turtlesim_s__rosidl_typesupport_c.cpython-310-x86_64-linux-gnu.so
[48.797s] -- Installing: /home/tainteli/meu_workspace_agora_vai/install/turtlesim/local/lib/python3.10/dist-packages/turtlesim/turtlesim_s__rosidl_typesupport_fastrtps_c.cpython-310-x86_64-linux-gnu.so
[48.798s] -- Installing: /home/tainteli/meu_workspace_agora_vai/install/turtlesim/local/lib/python3.10/dist-packages/turtlesim/_turtlesim_s.ep.rosidl_typesupport_fastrtps_c.c
[48.798s] -- Installing: /home/tainteli/meu_workspace_agora_vai/install/turtlesim/local/lib/python3.10/dist-packages/turtlesim/_turtlesim_s.ep.rosidl_typesupport_c.c
[48.798s] -- Installing: /home/tainteli/meu_workspace_agora_vai/install/turtlesim/local/lib/python3.10/dist-packages/turtlesim/action
[48.798s] -- Installing: /home/tainteli/meu_workspace_agora_vai/install/turtlesim/local/lib/python3.10/dist-packages/turtlesim/action/_rotate_absolute.py
[48.798s] -- Installing: /home/tainteli/meu_workspace_agora_vai/install/turtlesim/local/lib/python3.10/dist-packages/turtlesim/action/__init__.py
[48.799s] -- Installing: /home/tainteli/meu_workspace_agora_vai/install/turtlesim/local/lib/python3.10/dist-packages/turtlesim/action/_rotate_absolute_s.c
[48.799s] -- Installing: /home/tainteli/meu_workspace_agora_vai/install/turtlesim/local/lib/python3.10/dist-packages/turtlesim/_turtlesim_s.ep.rosidl_typesupport_introspection_c.c
[48.799s] -- Installing: /home/tainteli/meu_workspace_agora_vai/install/turtlesim/local/lib/python3.10/dist-packages/turtlesim/srv
[48.799s] -- Installing: /home/tainteli/meu_workspace_agora_vai/install/turtlesim/local/lib/python3.10/dist-packages/turtlesim/srv/_set_pen_s.c
[48.799s] -- Installing: /home/tainteli/meu_workspace_agora_vai/install/turtlesim/local/lib/python3.10/dist-packages/turtlesim/srv/_teleport_absolute.py
[48.799s] -- Installing: /home/tainteli/meu_workspace_agora_vai/install/turtlesim/local/lib/python3.10/dist-packages/turtlesim/srv/__init__.py
[48.800s] -- Installing: /home/tainteli/meu_workspace_agora_vai/install/turtlesim/local/lib/python3.10/dist-packages/turtlesim/srv/_kill_s.c
[48.800s] -- Installing: /home/tainteli/meu_workspace_agora_vai/install/turtlesim/local/lib/python3.10/dist-packages/turtlesim/srv/_teleport_absolute_s.c
[48.800s] -- Installing: /home/tainteli/meu_workspace_agora_vai/install/turtlesim/local/lib/python3.10/dist-packages/turtlesim/srv/_teleport_relative.py
[48.800s] -- Installing: /home/tainteli/meu_workspace_agora_vai/install/turtlesim/local/lib/python3.10/dist-packages/turtlesim/srv/_set_pen.py
[48.800s] -- Installing: /home/tainteli/meu_workspace_agora_vai/install/turtlesim/local/lib/python3.10/dist-packages/turtlesim/srv/_spawn.py
[48.800s] -- Installing: /home/tainteli/meu_workspace_agora_vai/install/turtlesim/local/lib/python3.10/dist-packages/turtlesim/srv/_teleport_relative_s.c
[48.800s] -- Installing: /home/tainteli/meu_workspace_agora_vai/install/turtlesim/local/lib/python3.10/dist-packages/turtlesim/srv/_kill.py
[48.800s] -- Installing: /home/tainteli/meu_workspace_agora_vai/install/turtlesim/local/lib/python3.10/dist-packages/turtlesim/srv/_spawn_s.c
[48.800s] -- Installing: /home/tainteli/meu_workspace_agora_vai/install/turtlesim/local/lib/python3.10/dist-packages/turtlesim/turtlesim_s__rosidl_typesupport_introspection_c.cpython-310-x86_64-linux-gnu.so
[48.851s] Listing '/home/tainteli/meu_workspace_agora_vai/install/turtlesim/local/lib/python3.10/dist-packages/turtlesim'...
[48.851s] Compiling '/home/tainteli/meu_workspace_agora_vai/install/turtlesim/local/lib/python3.10/dist-packages/turtlesim/__init__.py'...
[48.851s] Listing '/home/tainteli/meu_workspace_agora_vai/install/turtlesim/local/lib/python3.10/dist-packages/turtlesim/action'...
[48.851s] Compiling '/home/tainteli/meu_workspace_agora_vai/install/turtlesim/local/lib/python3.10/dist-packages/turtlesim/action/__init__.py'...
[48.852s] Compiling '/home/tainteli/meu_workspace_agora_vai/install/turtlesim/local/lib/python3.10/dist-packages/turtlesim/action/_rotate_absolute.py'...
[48.852s] Listing '/home/tainteli/meu_workspace_agora_vai/install/turtlesim/local/lib/python3.10/dist-packages/turtlesim/msg'...
[48.852s] Compiling '/home/tainteli/meu_workspace_agora_vai/install/turtlesim/local/lib/python3.10/dist-packages/turtlesim/msg/__init__.py'...
[48.852s] Compiling '/home/tainteli/meu_workspace_agora_vai/install/turtlesim/local/lib/python3.10/dist-packages/turtlesim/msg/_color.py'...
[48.852s] Compiling '/home/tainteli/meu_workspace_agora_vai/install/turtlesim/local/lib/python3.10/dist-packages/turtlesim/msg/_pose.py'...
[48.852s] Listing '/home/tainteli/meu_workspace_agora_vai/install/turtlesim/local/lib/python3.10/dist-packages/turtlesim/srv'...
[48.852s] Compiling '/home/tainteli/meu_workspace_agora_vai/install/turtlesim/local/lib/python3.10/dist-packages/turtlesim/srv/__init__.py'...
[48.852s] Compiling '/home/tainteli/meu_workspace_agora_vai/install/turtlesim/local/lib/python3.10/dist-packages/turtlesim/srv/_kill.py'...
[48.852s] Compiling '/home/tainteli/meu_workspace_agora_vai/install/turtlesim/local/lib/python3.10/dist-packages/turtlesim/srv/_set_pen.py'...
[48.852s] Compiling '/home/tainteli/meu_workspace_agora_vai/install/turtlesim/local/lib/python3.10/dist-packages/turtlesim/srv/_spawn.py'...
[48.852s] Compiling '/home/tainteli/meu_workspace_agora_vai/install/turtlesim/local/lib/python3.10/dist-packages/turtlesim/srv/_teleport_absolute.py'...
[48.852s] Compiling '/home/tainteli/meu_workspace_agora_vai/install/turtlesim/local/lib/python3.10/dist-packages/turtlesim/srv/_teleport_relative.py'...
[48.858s] -- Installing: /home/tainteli/meu_workspace_agora_vai/install/turtlesim/local/lib/python3.10/dist-packages/turtlesim/turtlesim_s__rosidl_typesupport_fastrtps_c.cpython-310-x86_64-linux-gnu.so
[48.858s] -- Set runtime path of "/home/tainteli/meu_workspace_agora_vai/install/turtlesim/local/lib/python3.10/dist-packages/turtlesim/turtlesim_s__rosidl_typesupport_fastrtps_c.cpython-310-x86_64-linux-gnu.so" to ""
[48.858s] -- Installing: /home/tainteli/meu_workspace_agora_vai/install/turtlesim/local/lib/python3.10/dist-packages/turtlesim/turtlesim_s__rosidl_typesupport_introspection_c.cpython-310-x86_64-linux-gnu.so
[48.859s] -- Set runtime path of "/home/tainteli/meu_workspace_agora_vai/install/turtlesim/local/lib/python3.10/dist-packages/turtlesim/turtlesim_s__rosidl_typesupport_introspection_c.cpython-310-x86_64-linux-gnu.so" to ""
[48.859s] -- Installing: /home/tainteli/meu_workspace_agora_vai/install/turtlesim/local/lib/python3.10/dist-packages/turtlesim/turtlesim_s__rosidl_typesupport_c.cpython-310-x86_64-linux-gnu.so
[48.859s] -- Set runtime path of "/home/tainteli/meu_workspace_agora_vai/install/turtlesim/local/lib/python3.10/dist-packages/turtlesim/turtlesim_s__rosidl_typesupport_c.cpython-310-x86_64-linux-gnu.so" to ""
[48.859s] -- Installing: /home/tainteli/meu_workspace_agora_vai/install/turtlesim/lib/libturtlesim__rosidl_generator_py.so
[48.859s] -- Set runtime path of "/home/tainteli/meu_workspace_agora_vai/install/turtlesim/lib/libturtlesim__rosidl_generator_py.so" to ""
[48.860s] -- Installing: /home/tainteli/meu_workspace_agora_vai/install/turtlesim/share/turtlesim/action/RotateAbsolute.idl
[48.861s] -- Installing: /home/tainteli/meu_workspace_agora_vai/install/turtlesim/share/turtlesim/msg/Color.idl
[48.861s] -- Installing: /home/tainteli/meu_workspace_agora_vai/install/turtlesim/share/turtlesim/msg/Pose.idl
[48.862s] -- Installing: /home/tainteli/meu_workspace_agora_vai/install/turtlesim/share/turtlesim/srv/Kill.idl
[48.862s] -- Installing: /home/tainteli/meu_workspace_agora_vai/install/turtlesim/share/turtlesim/srv/SetPen.idl
[48.862s] -- Installing: /home/tainteli/meu_workspace_agora_vai/install/turtlesim/share/turtlesim/srv/Spawn.idl
[48.862s] -- Installing: /home/tainteli/meu_workspace_agora_vai/install/turtlesim/share/turtlesim/srv/TeleportAbsolute.idl
[48.862s] -- Installing: /home/tainteli/meu_workspace_agora_vai/install/turtlesim/share/turtlesim/srv/TeleportRelative.idl
[48.863s] -- Installing: /home/tainteli/meu_workspace_agora_vai/install/turtlesim/share/turtlesim/action/RotateAbsolute.action
[48.863s] -- Installing: /home/tainteli/meu_workspace_agora_vai/install/turtlesim/share/turtlesim/msg/Color.msg
[48.863s] -- Installing: /home/tainteli/meu_workspace_agora_vai/install/turtlesim/share/turtlesim/msg/Pose.msg
[48.863s] -- Installing: /home/tainteli/meu_workspace_agora_vai/install/turtlesim/share/turtlesim/srv/Kill.srv
[48.863s] -- Installing: /home/tainteli/meu_workspace_agora_vai/install/turtlesim/share/turtlesim/srv/Kill_Request.msg
[48.865s] -- Installing: /home/tainteli/meu_workspace_agora_vai/install/turtlesim/share/turtlesim/srv/Kill_Response.msg
[48.865s] -- Installing: /home/tainteli/meu_workspace_agora_vai/install/turtlesim/share/turtlesim/srv/SetPen.srv
[48.865s] -- Installing: /home/tainteli/meu_workspace_agora_vai/install/turtlesim/share/turtlesim/srv/SetPen_Request.msg
[48.865s] -- Installing: /home/tainteli/meu_workspace_agora_vai/install/turtlesim/share/turtlesim/srv/SetPen_Response.msg
[48.866s] -- Installing: /home/tainteli/meu_workspace_agora_vai/install/turtlesim/share/turtlesim/srv/Spawn.srv
[48.866s] -- Installing: /home/tainteli/meu_workspace_agora_vai/install/turtlesim/share/turtlesim/srv/Spawn_Request.msg
[48.866s] -- Installing: /home/tainteli/meu_workspace_agora_vai/install/turtlesim/share/turtlesim/srv/Spawn_Response.msg
[48.866s] -- Installing: /home/tainteli/meu_workspace_agora_vai/install/turtlesim/share/turtlesim/srv/TeleportAbsolute.srv
[48.866s] -- Installing: /home/tainteli/meu_workspace_agora_vai/install/turtlesim/share/turtlesim/srv/TeleportAbsolute_Request.msg
[48.866s] -- Installing: /home/tainteli/meu_workspace_agora_vai/install/turtlesim/share/turtlesim/srv/TeleportAbsolute_Response.msg
[48.867s] -- Installing: /home/tainteli/meu_workspace_agora_vai/install/turtlesim/share/turtlesim/srv/TeleportRelative.srv
[48.867s] -- Installing: /home/tainteli/meu_workspace_agora_vai/install/turtlesim/share/turtlesim/srv/TeleportRelative_Request.msg
[48.867s] -- Installing: /home/tainteli/meu_workspace_agora_vai/install/turtlesim/share/turtlesim/srv/TeleportRelative_Response.msg
[48.867s] -- Installing: /home/tainteli/meu_workspace_agora_vai/install/turtlesim/lib/turtlesim/turtlesim_node
[48.873s] -- Set runtime path of "/home/tainteli/meu_workspace_agora_vai/install/turtlesim/lib/turtlesim/turtlesim_node" to ""
[48.873s] -- Installing: /home/tainteli/meu_workspace_agora_vai/install/turtlesim/lib/turtlesim/turtle_teleop_key
[48.874s] -- Set runtime path of "/home/tainteli/meu_workspace_agora_vai/install/turtlesim/lib/turtlesim/turtle_teleop_key" to ""
[48.875s] -- Installing: /home/tainteli/meu_workspace_agora_vai/install/turtlesim/lib/turtlesim/draw_square
[48.879s] -- Set runtime path of "/home/tainteli/meu_workspace_agora_vai/install/turtlesim/lib/turtlesim/draw_square" to ""
[48.879s] -- Installing: /home/tainteli/meu_workspace_agora_vai/install/turtlesim/lib/turtlesim/mimic
[48.881s] -- Set runtime path of "/home/tainteli/meu_workspace_agora_vai/install/turtlesim/lib/turtlesim/mimic" to ""
[48.881s] -- Installing: /home/tainteli/meu_workspace_agora_vai/install/turtlesim/share/turtlesim/images
[48.882s] -- Installing: /home/tainteli/meu_workspace_agora_vai/install/turtlesim/share/turtlesim/images/crystal.png
[48.882s] -- Installing: /home/tainteli/meu_workspace_agora_vai/install/turtlesim/share/turtlesim/images/rolling.png
[48.882s] -- Installing: /home/tainteli/meu_workspace_agora_vai/install/turtlesim/share/turtlesim/images/eloquent.png
[48.882s] -- Installing: /home/tainteli/meu_workspace_agora_vai/install/turtlesim/share/turtlesim/images/ardent.png
[48.883s] -- Installing: /home/tainteli/meu_workspace_agora_vai/install/turtlesim/share/turtlesim/images/bouncy.png
[48.883s] -- Installing: /home/tainteli/meu_workspace_agora_vai/install/turtlesim/share/turtlesim/images/dashing.png
[48.883s] -- Installing: /home/tainteli/meu_workspace_agora_vai/install/turtlesim/share/turtlesim/images/humble.png
[48.883s] -- Installing: /home/tainteli/meu_workspace_agora_vai/install/turtlesim/share/turtlesim/images/galactic.png
[48.883s] -- Installing: /home/tainteli/meu_workspace_agora_vai/install/turtlesim/share/turtlesim/images/foxy.png
[48.883s] -- Installing: /home/tainteli/meu_workspace_agora_vai/install/turtlesim/share/turtlesim/launch
[48.883s] -- Installing: /home/tainteli/meu_workspace_agora_vai/install/turtlesim/share/turtlesim/launch/multisim.launch.py
[48.883s] -- Installing: /home/tainteli/meu_workspace_agora_vai/install/turtlesim/share/ament_index/resource_index/package_run_dependencies/turtlesim
[48.884s] -- Installing: /home/tainteli/meu_workspace_agora_vai/install/turtlesim/share/ament_index/resource_index/parent_prefix_path/turtlesim
[48.884s] -- Installing: /home/tainteli/meu_workspace_agora_vai/install/turtlesim/share/turtlesim/environment/ament_prefix_path.sh
[48.884s] -- Installing: /home/tainteli/meu_workspace_agora_vai/install/turtlesim/share/turtlesim/environment/ament_prefix_path.dsv
[48.884s] -- Installing: /home/tainteli/meu_workspace_agora_vai/install/turtlesim/share/turtlesim/environment/path.sh
[48.884s] -- Installing: /home/tainteli/meu_workspace_agora_vai/install/turtlesim/share/turtlesim/environment/path.dsv
[48.884s] -- Installing: /home/tainteli/meu_workspace_agora_vai/install/turtlesim/share/turtlesim/local_setup.bash
[48.885s] -- Installing: /home/tainteli/meu_workspace_agora_vai/install/turtlesim/share/turtlesim/local_setup.sh
[48.885s] -- Installing: /home/tainteli/meu_workspace_agora_vai/install/turtlesim/share/turtlesim/local_setup.zsh
[48.885s] -- Installing: /home/tainteli/meu_workspace_agora_vai/install/turtlesim/share/turtlesim/local_setup.dsv
[48.885s] -- Installing: /home/tainteli/meu_workspace_agora_vai/install/turtlesim/share/turtlesim/package.dsv
[48.885s] -- Installing: /home/tainteli/meu_workspace_agora_vai/install/turtlesim/share/ament_index/resource_index/packages/turtlesim
[48.886s] -- Installing: /home/tainteli/meu_workspace_agora_vai/install/turtlesim/share/turtlesim/cmake/export_turtlesim__rosidl_generator_cExport.cmake
[48.886s] -- Installing: /home/tainteli/meu_workspace_agora_vai/install/turtlesim/share/turtlesim/cmake/export_turtlesim__rosidl_generator_cExport-noconfig.cmake
[48.886s] -- Installing: /home/tainteli/meu_workspace_agora_vai/install/turtlesim/share/turtlesim/cmake/export_turtlesim__rosidl_typesupport_fastrtps_cExport.cmake
[48.887s] -- Installing: /home/tainteli/meu_workspace_agora_vai/install/turtlesim/share/turtlesim/cmake/export_turtlesim__rosidl_typesupport_fastrtps_cExport-noconfig.cmake
[48.887s] -- Installing: /home/tainteli/meu_workspace_agora_vai/install/turtlesim/share/turtlesim/cmake/export_turtlesim__rosidl_generator_cppExport.cmake
[48.887s] -- Installing: /home/tainteli/meu_workspace_agora_vai/install/turtlesim/share/turtlesim/cmake/export_turtlesim__rosidl_typesupport_fastrtps_cppExport.cmake
[48.887s] -- Installing: /home/tainteli/meu_workspace_agora_vai/install/turtlesim/share/turtlesim/cmake/export_turtlesim__rosidl_typesupport_fastrtps_cppExport-noconfig.cmake
[48.887s] -- Installing: /home/tainteli/meu_workspace_agora_vai/install/turtlesim/share/turtlesim/cmake/turtlesim__rosidl_typesupport_introspection_cExport.cmake
[48.887s] -- Installing: /home/tainteli/meu_workspace_agora_vai/install/turtlesim/share/turtlesim/cmake/turtlesim__rosidl_typesupport_introspection_cExport-noconfig.cmake
[48.888s] -- Installing: /home/tainteli/meu_workspace_agora_vai/install/turtlesim/share/turtlesim/cmake/turtlesim__rosidl_typesupport_cExport.cmake
[48.888s] -- Installing: /home/tainteli/meu_workspace_agora_vai/install/turtlesim/share/turtlesim/cmake/turtlesim__rosidl_typesupport_cExport-noconfig.cmake
[48.888s] -- Installing: /home/tainteli/meu_workspace_agora_vai/install/turtlesim/share/turtlesim/cmake/turtlesim__rosidl_typesupport_introspection_cppExport.cmake
[48.888s] -- Installing: /home/tainteli/meu_workspace_agora_vai/install/turtlesim/share/turtlesim/cmake/turtlesim__rosidl_typesupport_introspection_cppExport-noconfig.cmake
[48.888s] -- Installing: /home/tainteli/meu_workspace_agora_vai/install/turtlesim/share/turtlesim/cmake/turtlesim__rosidl_typesupport_cppExport.cmake
[48.888s] -- Installing: /home/tainteli/meu_workspace_agora_vai/install/turtlesim/share/turtlesim/cmake/turtlesim__rosidl_typesupport_cppExport-noconfig.cmake
[48.889s] -- Installing: /home/tainteli/meu_workspace_agora_vai/install/turtlesim/share/turtlesim/cmake/export_turtlesim__rosidl_generator_pyExport.cmake
[48.889s] -- Installing: /home/tainteli/meu_workspace_agora_vai/install/turtlesim/share/turtlesim/cmake/export_turtlesim__rosidl_generator_pyExport-noconfig.cmake
[48.889s] -- Installing: /home/tainteli/meu_workspace_agora_vai/install/turtlesim/share/turtlesim/cmake/rosidl_cmake-extras.cmake
[48.889s] -- Installing: /home/tainteli/meu_workspace_agora_vai/install/turtlesim/share/turtlesim/cmake/ament_cmake_export_dependencies-extras.cmake
[48.889s] -- Installing: /home/tainteli/meu_workspace_agora_vai/install/turtlesim/share/turtlesim/cmake/ament_cmake_export_include_directories-extras.cmake
[48.890s] -- Installing: /home/tainteli/meu_workspace_agora_vai/install/turtlesim/share/turtlesim/cmake/ament_cmake_export_libraries-extras.cmake
[48.890s] -- Installing: /home/tainteli/meu_workspace_agora_vai/install/turtlesim/share/turtlesim/cmake/ament_cmake_export_targets-extras.cmake
[48.890s] -- Installing: /home/tainteli/meu_workspace_agora_vai/install/turtlesim/share/turtlesim/cmake/rosidl_cmake_export_typesupport_targets-extras.cmake
[48.890s] -- Installing: /home/tainteli/meu_workspace_agora_vai/install/turtlesim/share/turtlesim/cmake/rosidl_cmake_export_typesupport_libraries-extras.cmake
[48.890s] -- Installing: /home/tainteli/meu_workspace_agora_vai/install/turtlesim/share/turtlesim/cmake/turtlesimConfig.cmake
[48.890s] -- Installing: /home/tainteli/meu_workspace_agora_vai/install/turtlesim/share/turtlesim/cmake/turtlesimConfig-version.cmake
[48.890s] -- Installing: /home/tainteli/meu_workspace_agora_vai/install/turtlesim/share/turtlesim/package.xml
[48.898s] Invoked command in '/home/tainteli/meu_workspace_agora_vai/build/turtlesim' returned '0': CMAKE_PREFIX_PATH=${CMAKE_PREFIX_PATH}:/home/tainteli/meu_workspace/my_package/install/my_package:/home/tainteli/meu_workspace/install/my_package:/opt/ros/humble /home/tainteli/.local/bin/cmake --install /home/tainteli/meu_workspace_agora_vai/build/turtlesim
