[0.954s] Invoking command in '/home/tainteli/meu_workspace_agora_vai/my_package': PYTHONPATH=/home/tainteli/meu_workspace_agora_vai/my_package/build/my_package/prefix_override:/home/tainteli/meu_workspace_agora_vai/my_package/install/my_package/lib/python3.10/site-packages:${PYTHONPATH} /usr/bin/python3 setup.py egg_info --egg-base build/my_package build --build-base /home/tainteli/meu_workspace_agora_vai/my_package/build/my_package/build install --record /home/tainteli/meu_workspace_agora_vai/my_package/build/my_package/install.log --single-version-externally-managed
[1.293s] running egg_info
[1.294s] writing build/my_package/my_package.egg-info/PKG-INFO
[1.294s] writing dependency_links to build/my_package/my_package.egg-info/dependency_links.txt
[1.294s] writing entry points to build/my_package/my_package.egg-info/entry_points.txt
[1.295s] writing requirements to build/my_package/my_package.egg-info/requires.txt
[1.295s] writing top-level names to build/my_package/my_package.egg-info/top_level.txt
[1.297s] reading manifest file 'build/my_package/my_package.egg-info/SOURCES.txt'
[1.298s] writing manifest file 'build/my_package/my_package.egg-info/SOURCES.txt'
[1.298s] running build
[1.298s] running build_py
[1.299s] copying my_package/chatbot.py -> /home/tainteli/meu_workspace_agora_vai/my_package/build/my_package/build/lib/my_package
[1.299s] running install
[1.299s] running install_lib
[1.301s] copying /home/tainteli/meu_workspace_agora_vai/my_package/build/my_package/build/lib/my_package/chatbot.py -> /home/tainteli/meu_workspace_agora_vai/my_package/install/my_package/lib/python3.10/site-packages/my_package
[1.304s] byte-compiling /home/tainteli/meu_workspace_agora_vai/my_package/install/my_package/lib/python3.10/site-packages/my_package/chatbot.py to chatbot.cpython-310.pyc
[1.305s] running install_data
[1.306s] running install_egg_info
[1.307s] removing '/home/tainteli/meu_workspace_agora_vai/my_package/install/my_package/lib/python3.10/site-packages/my_package-0.0.0-py3.10.egg-info' (and everything under it)
[1.308s] Copying build/my_package/my_package.egg-info to /home/tainteli/meu_workspace_agora_vai/my_package/install/my_package/lib/python3.10/site-packages/my_package-0.0.0-py3.10.egg-info
[1.309s] running install_scripts
[1.333s] Installing chatbot script to /home/tainteli/meu_workspace_agora_vai/my_package/install/my_package/lib/my_package
[1.333s] Installing my_node script to /home/tainteli/meu_workspace_agora_vai/my_package/install/my_package/lib/my_package
[1.334s] writing list of installed files to '/home/tainteli/meu_workspace_agora_vai/my_package/build/my_package/install.log'
[1.404s] Invoked command in '/home/tainteli/meu_workspace_agora_vai/my_package' returned '0': PYTHONPATH=/home/tainteli/meu_workspace_agora_vai/my_package/build/my_package/prefix_override:/home/tainteli/meu_workspace_agora_vai/my_package/install/my_package/lib/python3.10/site-packages:${PYTHONPATH} /usr/bin/python3 setup.py egg_info --egg-base build/my_package build --build-base /home/tainteli/meu_workspace_agora_vai/my_package/build/my_package/build install --record /home/tainteli/meu_workspace_agora_vai/my_package/build/my_package/install.log --single-version-externally-managed
