[1.356s] DEBUG:colcon:Command line arguments: ['/usr/bin/colcon', 'build']
[1.357s] DEBUG:colcon:Parsed command line arguments: Namespace(log_base=None, log_level=None, verb_name='build', build_base='build', install_base='install', merge_install=False, symlink_install=False, test_result_base=None, continue_on_error=False, executor='parallel', parallel_workers=8, event_handlers=None, ignore_user_meta=False, metas=['./colcon.meta'], base_paths=['.'], packages_ignore=None, packages_ignore_regex=None, paths=None, packages_up_to=None, packages_up_to_regex=None, packages_above=None, packages_above_and_dependencies=None, packages_above_depth=None, packages_select_by_dep=None, packages_skip_by_dep=None, packages_skip_up_to=None, packages_select_build_failed=False, packages_skip_build_finished=False, packages_select_test_failures=False, packages_skip_test_passed=False, packages_select=None, packages_skip=None, packages_select_regex=None, packages_skip_regex=None, packages_start=None, packages_end=None, allow_overriding=[], cmake_args=None, cmake_target=None, cmake_target_skip_unavailable=False, cmake_clean_cache=False, cmake_clean_first=False, cmake_force_configure=False, ament_cmake_args=None, catkin_cmake_args=None, catkin_skip_building_tests=False, verb_parser=<colcon_defaults.argument_parser.defaults.DefaultArgumentsDecorator object at 0x7f101821e6e0>, verb_extension=<colcon_core.verb.build.BuildVerb object at 0x7f101821c040>, main=<bound method BuildVerb.main of <colcon_core.verb.build.BuildVerb object at 0x7f101821c040>>)
[1.419s] Level 1:colcon.colcon_core.package_discovery:discover_packages(colcon_meta) check parameters
[1.419s] Level 1:colcon.colcon_core.package_discovery:discover_packages(recursive) check parameters
[1.419s] Level 1:colcon.colcon_core.package_discovery:discover_packages(ignore) check parameters
[1.419s] Level 1:colcon.colcon_core.package_discovery:discover_packages(path) check parameters
[1.419s] Level 1:colcon.colcon_core.package_discovery:discover_packages(colcon_meta) discover
[1.419s] Level 1:colcon.colcon_core.package_discovery:discover_packages(recursive) discover
[1.419s] INFO:colcon.colcon_core.package_discovery:Crawling recursively for packages in '/home/tainteli/meu_workspace_agora_vai/my_package'
[1.419s] Level 1:colcon.colcon_core.package_identification:_identify(.) by extensions ['ignore', 'ignore_ament_install']
[1.420s] Level 1:colcon.colcon_core.package_identification:_identify(.) by extension 'ignore'
[1.420s] Level 1:colcon.colcon_core.package_identification:_identify(.) by extension 'ignore_ament_install'
[1.420s] Level 1:colcon.colcon_core.package_identification:_identify(.) by extensions ['colcon_pkg']
[1.420s] Level 1:colcon.colcon_core.package_identification:_identify(.) by extension 'colcon_pkg'
[1.420s] Level 1:colcon.colcon_core.package_identification:_identify(.) by extensions ['colcon_meta']
[1.420s] Level 1:colcon.colcon_core.package_identification:_identify(.) by extension 'colcon_meta'
[1.420s] Level 1:colcon.colcon_core.package_identification:_identify(.) by extensions ['ros']
[1.420s] Level 1:colcon.colcon_core.package_identification:_identify(.) by extension 'ros'
[1.437s] DEBUG:colcon.colcon_core.package_identification:Package '.' with type 'ros.ament_python' and name 'my_package'
[1.437s] Level 1:colcon.colcon_core.package_discovery:discover_packages(recursive) using defaults
[1.437s] Level 1:colcon.colcon_core.package_discovery:discover_packages(ignore) discover
[1.437s] Level 1:colcon.colcon_core.package_discovery:discover_packages(ignore) using defaults
[1.437s] Level 1:colcon.colcon_core.package_discovery:discover_packages(path) discover
[1.437s] Level 1:colcon.colcon_core.package_discovery:discover_packages(path) using defaults
[1.514s] Level 1:colcon.colcon_core.package_discovery:discover_packages(prefix_path) check parameters
[1.514s] Level 1:colcon.colcon_core.package_discovery:discover_packages(prefix_path) discover
[1.527s] WARNING:colcon.colcon_core.prefix_path.colcon:The path '/home/tainteli/meu_workspace/install' in the environment variable COLCON_PREFIX_PATH doesn't exist
[1.527s] WARNING:colcon.colcon_core.prefix_path.colcon:The path '/home/tainteli/meu_workspace/my_package/install' in the environment variable COLCON_PREFIX_PATH doesn't exist
[1.528s] WARNING:colcon.colcon_ros.prefix_path.ament:The path '/home/tainteli/meu_workspace/my_package/install/my_package' in the environment variable AMENT_PREFIX_PATH doesn't exist
[1.528s] WARNING:colcon.colcon_ros.prefix_path.ament:The path '/home/tainteli/meu_workspace/install/my_package' in the environment variable AMENT_PREFIX_PATH doesn't exist
[1.528s] WARNING:colcon.colcon_ros.prefix_path.ament:The path '/home/tainteli/meu_workspace/install/turtlesim' in the environment variable AMENT_PREFIX_PATH doesn't exist
[1.528s] WARNING:colcon.colcon_ros.prefix_path.catkin:The path '/home/tainteli/meu_workspace/install/turtlesim' in the environment variable CMAKE_PREFIX_PATH doesn't exist
[1.543s] DEBUG:colcon.colcon_installed_package_information.package_discovery:Found 1 installed packages in /home/tainteli/meu_workspace_agora_vai/my_package/install
[1.559s] DEBUG:colcon.colcon_installed_package_information.package_discovery:Found 2 installed packages in /home/tainteli/meu_workspace_agora_vai/install
[1.575s] DEBUG:colcon.colcon_installed_package_information.package_discovery:Found 262 installed packages in /opt/ros/humble
[1.576s] Level 1:colcon.colcon_core.package_discovery:discover_packages(prefix_path) using defaults
[1.666s] Level 5:colcon.colcon_core.verb:set package 'my_package' build argument 'cmake_args' from command line to 'None'
[1.667s] Level 5:colcon.colcon_core.verb:set package 'my_package' build argument 'cmake_target' from command line to 'None'
[1.667s] Level 5:colcon.colcon_core.verb:set package 'my_package' build argument 'cmake_target_skip_unavailable' from command line to 'False'
[1.667s] Level 5:colcon.colcon_core.verb:set package 'my_package' build argument 'cmake_clean_cache' from command line to 'False'
[1.667s] Level 5:colcon.colcon_core.verb:set package 'my_package' build argument 'cmake_clean_first' from command line to 'False'
[1.667s] Level 5:colcon.colcon_core.verb:set package 'my_package' build argument 'cmake_force_configure' from command line to 'False'
[1.667s] Level 5:colcon.colcon_core.verb:set package 'my_package' build argument 'ament_cmake_args' from command line to 'None'
[1.667s] Level 5:colcon.colcon_core.verb:set package 'my_package' build argument 'catkin_cmake_args' from command line to 'None'
[1.667s] Level 5:colcon.colcon_core.verb:set package 'my_package' build argument 'catkin_skip_building_tests' from command line to 'False'
[1.667s] DEBUG:colcon.colcon_core.verb:Building package 'my_package' with the following arguments: {'ament_cmake_args': None, 'build_base': '/home/tainteli/meu_workspace_agora_vai/my_package/build/my_package', 'catkin_cmake_args': None, 'catkin_skip_building_tests': False, 'cmake_args': None, 'cmake_clean_cache': False, 'cmake_clean_first': False, 'cmake_force_configure': False, 'cmake_target': None, 'cmake_target_skip_unavailable': False, 'install_base': '/home/tainteli/meu_workspace_agora_vai/my_package/install/my_package', 'merge_install': False, 'path': '/home/tainteli/meu_workspace_agora_vai/my_package', 'symlink_install': False, 'test_result_base': None}
[1.677s] INFO:colcon.colcon_core.executor:Executing jobs using 'parallel' executor
[1.692s] DEBUG:colcon.colcon_parallel_executor.executor.parallel:run_until_complete
[1.692s] INFO:colcon.colcon_ros.task.ament_python.build:Building ROS package in '/home/tainteli/meu_workspace_agora_vai/my_package' with build type 'ament_python'
[1.692s] Level 1:colcon.colcon_core.shell:create_environment_hook('my_package', 'ament_prefix_path')
[1.707s] INFO:colcon.colcon_core.plugin_system:Skipping extension 'colcon_core.shell.bat': Not used on non-Windows systems
[1.708s] INFO:colcon.colcon_core.shell:Creating environment hook '/home/tainteli/meu_workspace_agora_vai/my_package/install/my_package/share/my_package/hook/ament_prefix_path.ps1'
[1.708s] INFO:colcon.colcon_core.shell:Creating environment descriptor '/home/tainteli/meu_workspace_agora_vai/my_package/install/my_package/share/my_package/hook/ament_prefix_path.dsv'
[1.709s] INFO:colcon.colcon_core.shell:Creating environment hook '/home/tainteli/meu_workspace_agora_vai/my_package/install/my_package/share/my_package/hook/ament_prefix_path.sh'
[1.721s] INFO:colcon.colcon_core.shell:Skip shell extension 'powershell' for command environment: Not usable outside of PowerShell
[1.721s] DEBUG:colcon.colcon_core.shell:Skip shell extension 'dsv' for command environment
[2.067s] INFO:colcon.colcon_core.task.python.build:Building Python package in '/home/tainteli/meu_workspace_agora_vai/my_package'
[2.080s] INFO:colcon.colcon_core.shell:Skip shell extension 'powershell' for command environment: Not usable outside of PowerShell
[2.080s] DEBUG:colcon.colcon_core.shell:Skip shell extension 'dsv' for command environment
[2.622s] DEBUG:colcon.colcon_core.event_handler.log_command:Invoking command in '/home/tainteli/meu_workspace_agora_vai/my_package': PYTHONPATH=/home/tainteli/meu_workspace_agora_vai/my_package/build/my_package/prefix_override:/home/tainteli/meu_workspace_agora_vai/my_package/install/my_package/lib/python3.10/site-packages:${PYTHONPATH} /usr/bin/python3 setup.py egg_info --egg-base build/my_package build --build-base /home/tainteli/meu_workspace_agora_vai/my_package/build/my_package/build install --record /home/tainteli/meu_workspace_agora_vai/my_package/build/my_package/install.log --single-version-externally-managed
[2.960s] DEBUG:colcon.colcon_core.event_handler.log_command:Invoked command in '/home/tainteli/meu_workspace_agora_vai/my_package' returned '0': PYTHONPATH=/home/tainteli/meu_workspace_agora_vai/my_package/build/my_package/prefix_override:/home/tainteli/meu_workspace_agora_vai/my_package/install/my_package/lib/python3.10/site-packages:${PYTHONPATH} /usr/bin/python3 setup.py egg_info --egg-base build/my_package build --build-base /home/tainteli/meu_workspace_agora_vai/my_package/build/my_package/build install --record /home/tainteli/meu_workspace_agora_vai/my_package/build/my_package/install.log --single-version-externally-managed
[2.973s] Level 1:colcon.colcon_core.environment:checking '/home/tainteli/meu_workspace_agora_vai/my_package/install/my_package' for CMake module files
[2.974s] Level 1:colcon.colcon_core.environment:checking '/home/tainteli/meu_workspace_agora_vai/my_package/install/my_package' for CMake config files
[2.975s] Level 1:colcon.colcon_core.environment:checking '/home/tainteli/meu_workspace_agora_vai/my_package/install/my_package/lib'
[2.975s] Level 1:colcon.colcon_core.environment:checking '/home/tainteli/meu_workspace_agora_vai/my_package/install/my_package/bin'
[2.975s] Level 1:colcon.colcon_core.environment:checking '/home/tainteli/meu_workspace_agora_vai/my_package/install/my_package/lib/pkgconfig/my_package.pc'
[2.976s] Level 1:colcon.colcon_core.environment:checking '/home/tainteli/meu_workspace_agora_vai/my_package/install/my_package/lib/python3.10/site-packages'
[2.976s] Level 1:colcon.colcon_core.shell:create_environment_hook('my_package', 'pythonpath')
[2.993s] INFO:colcon.colcon_core.shell:Creating environment hook '/home/tainteli/meu_workspace_agora_vai/my_package/install/my_package/share/my_package/hook/pythonpath.ps1'
[2.994s] INFO:colcon.colcon_core.shell:Creating environment descriptor '/home/tainteli/meu_workspace_agora_vai/my_package/install/my_package/share/my_package/hook/pythonpath.dsv'
[2.994s] INFO:colcon.colcon_core.shell:Creating environment hook '/home/tainteli/meu_workspace_agora_vai/my_package/install/my_package/share/my_package/hook/pythonpath.sh'
[2.995s] Level 1:colcon.colcon_core.environment:checking '/home/tainteli/meu_workspace_agora_vai/my_package/install/my_package/bin'
[2.995s] Level 1:colcon.colcon_core.environment:create_environment_scripts_only(my_package)
[3.010s] INFO:colcon.colcon_core.shell:Creating package script '/home/tainteli/meu_workspace_agora_vai/my_package/install/my_package/share/my_package/package.ps1'
[3.012s] INFO:colcon.colcon_core.shell:Creating package descriptor '/home/tainteli/meu_workspace_agora_vai/my_package/install/my_package/share/my_package/package.dsv'
[3.012s] INFO:colcon.colcon_core.shell:Creating package script '/home/tainteli/meu_workspace_agora_vai/my_package/install/my_package/share/my_package/package.sh'
[3.014s] INFO:colcon.colcon_core.shell:Creating package script '/home/tainteli/meu_workspace_agora_vai/my_package/install/my_package/share/my_package/package.bash'
[3.015s] INFO:colcon.colcon_core.shell:Creating package script '/home/tainteli/meu_workspace_agora_vai/my_package/install/my_package/share/my_package/package.zsh'
[3.016s] Level 1:colcon.colcon_core.environment:create_file_with_runtime_dependencies(/home/tainteli/meu_workspace_agora_vai/my_package/install/my_package/share/colcon-core/packages/my_package)
[3.016s] DEBUG:colcon.colcon_parallel_executor.executor.parallel:closing loop
[3.017s] DEBUG:colcon.colcon_parallel_executor.executor.parallel:loop closed
[3.018s] DEBUG:colcon.colcon_parallel_executor.executor.parallel:run_until_complete finished with '0'
[3.018s] DEBUG:colcon.colcon_core.event_reactor:joining thread
[3.115s] INFO:colcon.colcon_core.plugin_system:Skipping extension 'colcon_notification.desktop_notification.notify_send': Could not find 'notify-send'
[3.115s] INFO:colcon.colcon_core.plugin_system:Skipping extension 'colcon_notification.desktop_notification.terminal_notifier': Not used on non-Darwin systems
[3.115s] INFO:colcon.colcon_core.plugin_system:Skipping extension 'colcon_notification.desktop_notification.win32': Not used on non-Windows systems
[3.115s] INFO:colcon.colcon_notification.desktop_notification:Sending desktop notification using 'notify2'
[3.117s] DEBUG:colcon.colcon_notification.desktop_notification.notify2:Failed to initialize notify2: org.freedesktop.DBus.Error.ServiceUnknown: The name org.freedesktop.Notifications was not provided by any .service files
[3.117s] DEBUG:colcon.colcon_core.event_reactor:joined thread
[3.130s] INFO:colcon.colcon_core.shell:Creating prefix script '/home/tainteli/meu_workspace_agora_vai/my_package/install/local_setup.ps1'
[3.131s] INFO:colcon.colcon_core.shell:Creating prefix util module '/home/tainteli/meu_workspace_agora_vai/my_package/install/_local_setup_util_ps1.py'
[3.133s] INFO:colcon.colcon_core.shell:Creating prefix chain script '/home/tainteli/meu_workspace_agora_vai/my_package/install/setup.ps1'
[3.146s] INFO:colcon.colcon_core.shell:Creating prefix script '/home/tainteli/meu_workspace_agora_vai/my_package/install/local_setup.sh'
[3.147s] INFO:colcon.colcon_core.shell:Creating prefix util module '/home/tainteli/meu_workspace_agora_vai/my_package/install/_local_setup_util_sh.py'
[3.147s] INFO:colcon.colcon_core.shell:Creating prefix chain script '/home/tainteli/meu_workspace_agora_vai/my_package/install/setup.sh'
[3.162s] INFO:colcon.colcon_core.shell:Creating prefix script '/home/tainteli/meu_workspace_agora_vai/my_package/install/local_setup.bash'
[3.163s] INFO:colcon.colcon_core.shell:Creating prefix chain script '/home/tainteli/meu_workspace_agora_vai/my_package/install/setup.bash'
[3.178s] INFO:colcon.colcon_core.shell:Creating prefix script '/home/tainteli/meu_workspace_agora_vai/my_package/install/local_setup.zsh'
[3.179s] INFO:colcon.colcon_core.shell:Creating prefix chain script '/home/tainteli/meu_workspace_agora_vai/my_package/install/setup.zsh'
