[1.676s] Invoking command in '/home/tainteli/meu_workspace_agora_vai/my_package': PYTHONPATH=/home/tainteli/meu_workspace_agora_vai/build/my_package/prefix_override:/home/tainteli/meu_workspace_agora_vai/install/my_package/lib/python3.10/site-packages:${PYTHONPATH} /usr/bin/python3 setup.py egg_info --egg-base ../build/my_package build --build-base /home/tainteli/meu_workspace_agora_vai/build/my_package/build install --record /home/tainteli/meu_workspace_agora_vai/build/my_package/install.log --single-version-externally-managed
[1.961s] running egg_info
[1.962s] writing ../build/my_package/my_package.egg-info/PKG-INFO
[1.962s] writing dependency_links to ../build/my_package/my_package.egg-info/dependency_links.txt
[1.963s] writing entry points to ../build/my_package/my_package.egg-info/entry_points.txt
[1.963s] writing requirements to ../build/my_package/my_package.egg-info/requires.txt
[1.963s] writing top-level names to ../build/my_package/my_package.egg-info/top_level.txt
[1.966s] reading manifest file '../build/my_package/my_package.egg-info/SOURCES.txt'
[1.967s] writing manifest file '../build/my_package/my_package.egg-info/SOURCES.txt'
[1.967s] running build
[1.968s] running build_py
[1.968s] running install
[1.970s] running install_lib
[1.971s] running install_data
[1.972s] running install_egg_info
[1.974s] removing '/home/tainteli/meu_workspace_agora_vai/install/my_package/lib/python3.10/site-packages/my_package-0.0.0-py3.10.egg-info' (and everything under it)
[1.975s] Copying ../build/my_package/my_package.egg-info to /home/tainteli/meu_workspace_agora_vai/install/my_package/lib/python3.10/site-packages/my_package-0.0.0-py3.10.egg-info
[1.976s] running install_scripts
[2.016s] Installing chatbot script to /home/tainteli/meu_workspace_agora_vai/install/my_package/lib/my_package
[2.016s] Installing my_node script to /home/tainteli/meu_workspace_agora_vai/install/my_package/lib/my_package
[2.016s] writing list of installed files to '/home/tainteli/meu_workspace_agora_vai/build/my_package/install.log'
[2.093s] Invoked command in '/home/tainteli/meu_workspace_agora_vai/my_package' returned '0': PYTHONPATH=/home/tainteli/meu_workspace_agora_vai/build/my_package/prefix_override:/home/tainteli/meu_workspace_agora_vai/install/my_package/lib/python3.10/site-packages:${PYTHONPATH} /usr/bin/python3 setup.py egg_info --egg-base ../build/my_package build --build-base /home/tainteli/meu_workspace_agora_vai/build/my_package/build install --record /home/tainteli/meu_workspace_agora_vai/build/my_package/install.log --single-version-externally-managed
