[1.217s] Invoking command in '/home/tainteli/meu_workspace_agora_vai/my_package': PYTHONPATH=/home/tainteli/meu_workspace_agora_vai/build/my_package/prefix_override:/home/tainteli/meu_workspace_agora_vai/install/my_package/lib/python3.10/site-packages:${PYTHONPATH} /usr/bin/python3 setup.py egg_info --egg-base ../build/my_package build --build-base /home/tainteli/meu_workspace_agora_vai/build/my_package/build install --record /home/tainteli/meu_workspace_agora_vai/build/my_package/install.log --single-version-externally-managed
[1.493s] running egg_info
[1.494s] writing ../build/my_package/my_package.egg-info/PKG-INFO
[1.498s] writing dependency_links to ../build/my_package/my_package.egg-info/dependency_links.txt
[1.498s] writing entry points to ../build/my_package/my_package.egg-info/entry_points.txt
[1.499s] writing requirements to ../build/my_package/my_package.egg-info/requires.txt
[1.499s] writing top-level names to ../build/my_package/my_package.egg-info/top_level.txt
[1.501s] reading manifest file '../build/my_package/my_package.egg-info/SOURCES.txt'
[1.518s] writing manifest file '../build/my_package/my_package.egg-info/SOURCES.txt'
[1.526s] running build
[1.526s] running build_py
[1.527s] copying my_package/chatbot.py -> /home/tainteli/meu_workspace_agora_vai/build/my_package/build/lib/my_package
[1.527s] copying my_package/my_node.py -> /home/tainteli/meu_workspace_agora_vai/build/my_package/build/lib/my_package
[1.528s] running install
[1.529s] running install_lib
[1.530s] copying /home/tainteli/meu_workspace_agora_vai/build/my_package/build/lib/my_package/chatbot.py -> /home/tainteli/meu_workspace_agora_vai/install/my_package/lib/python3.10/site-packages/my_package
[1.530s] copying /home/tainteli/meu_workspace_agora_vai/build/my_package/build/lib/my_package/my_node.py -> /home/tainteli/meu_workspace_agora_vai/install/my_package/lib/python3.10/site-packages/my_package
[1.530s] byte-compiling /home/tainteli/meu_workspace_agora_vai/install/my_package/lib/python3.10/site-packages/my_package/chatbot.py to chatbot.cpython-310.pyc
[1.530s] byte-compiling /home/tainteli/meu_workspace_agora_vai/install/my_package/lib/python3.10/site-packages/my_package/my_node.py to my_node.cpython-310.pyc
[1.530s] running install_data
[1.532s] running install_egg_info
[1.536s] removing '/home/tainteli/meu_workspace_agora_vai/install/my_package/lib/python3.10/site-packages/my_package-0.0.0-py3.10.egg-info' (and everything under it)
[1.536s] Copying ../build/my_package/my_package.egg-info to /home/tainteli/meu_workspace_agora_vai/install/my_package/lib/python3.10/site-packages/my_package-0.0.0-py3.10.egg-info
[1.539s] running install_scripts
[1.583s] Installing chatbot script to /home/tainteli/meu_workspace_agora_vai/install/my_package/lib/my_package
[1.584s] Installing my_node script to /home/tainteli/meu_workspace_agora_vai/install/my_package/lib/my_package
[1.585s] writing list of installed files to '/home/tainteli/meu_workspace_agora_vai/build/my_package/install.log'
[1.736s] Invoked command in '/home/tainteli/meu_workspace_agora_vai/my_package' returned '0': PYTHONPATH=/home/tainteli/meu_workspace_agora_vai/build/my_package/prefix_override:/home/tainteli/meu_workspace_agora_vai/install/my_package/lib/python3.10/site-packages:${PYTHONPATH} /usr/bin/python3 setup.py egg_info --egg-base ../build/my_package build --build-base /home/tainteli/meu_workspace_agora_vai/build/my_package/build install --record /home/tainteli/meu_workspace_agora_vai/build/my_package/install.log --single-version-externally-managed
